Build started 2017/04/10 20:09:31.
     1>Project "C:\workSpace\dev\PTAM64bits\temp\PTAM-64bits\build\PTAM.vcxproj" on node 3 (Rebuild target(s)).
     1>Building with tools version "14.0".
     1>Target "_CheckForInvalidConfigurationAndPlatform" in file "C:\Program Files (x86)\MSBuild\14.0\bin\Microsoft.Common.CurrentVersion.targets" from project "C:\workSpace\dev\PTAM64bits\temp\PTAM-64bits\build\PTAM.vcxproj" (entry point):
       Task "Error" skipped, due to false condition; ( '$(_InvalidConfigurationError)' == 'true' ) was evaluated as ( '' == 'true' ).
       Task "Warning" skipped, due to false condition; ( '$(_InvalidConfigurationWarning)' == 'true' ) was evaluated as ( '' == 'true' ).
       Task "Message"
         Configuration=Release
       Done executing task "Message".
       Task "Message"
         Platform=x64
       Done executing task "Message".
       Task "Error" skipped, due to false condition; ('$(OutDir)' != '' and !HasTrailingSlash('$(OutDir)')) was evaluated as ('C:\workSpace\dev\PTAM64bits\temp\PTAM-64bits\build\Release\' != '' and !HasTrailingSlash('C:\workSpace\dev\PTAM64bits\temp\PTAM-64bits\build\Release\')).
       Task "Error" skipped, due to false condition; ('$(BaseIntermediateOutputPath)' != '' and !HasTrailingSlash('$(BaseIntermediateOutputPath)')) was evaluated as ('obj\' != '' and !HasTrailingSlash('obj\')).
       Task "Error" skipped, due to false condition; ('$(IntermediateOutputPath)' != '' and !HasTrailingSlash('$(IntermediateOutputPath)')) was evaluated as ('PTAM.dir\Release\' != '' and !HasTrailingSlash('PTAM.dir\Release\')).
     1>Done building target "_CheckForInvalidConfigurationAndPlatform" in project "PTAM.vcxproj".
     1>Target "_PrepareForRebuild" in file "C:\Program Files (x86)\MSBuild\Microsoft.Cpp\v4.0\V140\Microsoft.BuildSteps.Targets" from project "C:\workSpace\dev\PTAM64bits\temp\PTAM-64bits\build\PTAM.vcxproj" (target "Rebuild" depends on it):
     1>Done building target "_PrepareForRebuild" in project "PTAM.vcxproj".
     1>Target "BeforeRebuild" in file "C:\Program Files (x86)\MSBuild\14.0\bin\Microsoft.Common.CurrentVersion.targets" from project "C:\workSpace\dev\PTAM64bits\temp\PTAM-64bits\build\PTAM.vcxproj" (target "Rebuild" depends on it):
     1>Done building target "BeforeRebuild" in project "PTAM.vcxproj".
     1>Target "_PrepareForClean" in file "C:\Program Files (x86)\MSBuild\Microsoft.Cpp\v4.0\V140\Microsoft.BuildSteps.Targets" from project "C:\workSpace\dev\PTAM64bits\temp\PTAM-64bits\build\PTAM.vcxproj" (target "Clean" depends on it):
       Task "Delete"
         Deleting file "PTAM.dir\Release\PTAM.tlog\PTAM.lastbuildstate".
       Done executing task "Delete".
     1>Done building target "_PrepareForClean" in project "PTAM.vcxproj".
     1>Target "BeforeClean" in file "C:\Program Files (x86)\MSBuild\14.0\bin\Microsoft.Common.CurrentVersion.targets" from project "C:\workSpace\dev\PTAM64bits\temp\PTAM-64bits\build\PTAM.vcxproj" (target "Clean" depends on it):
     1>Done building target "BeforeClean" in project "PTAM.vcxproj".
       Target "UnmanagedUnregistration" skipped, due to false condition; ((('$(_AssemblyTimestampBeforeCompile)' != '$(_AssemblyTimestampAfterCompile)' or '$(RegisterForComInterop)' != 'true' or '$(OutputType)' != 'library') or
                           ('$(_AssemblyTimestampBeforeCompile)' == '')) and
                          Exists('@(_UnmanagedRegistrationCache)')) was evaluated as ((('' != '' or '' != 'true' or 'exe' != 'library') or
                           ('' == '')) and
                          Exists('obj\PTAM.vcxproj.UnmanagedRegistration.cache')).
     1>Target "CoreClean" in file "C:\Program Files (x86)\MSBuild\14.0\bin\Microsoft.Common.CurrentVersion.targets" from project "C:\workSpace\dev\PTAM64bits\temp\PTAM-64bits\build\PTAM.vcxproj" (target "Clean" depends on it):
       Task "Delete"
         File "PTAM.dir\Release\\TempCA\PTAM.pdb" doesn't exist. Skipping.
         File "PTAM.dir\Release\\TempCA\PTAM.exe" doesn't exist. Skipping.
       Done executing task "Delete".
       Task "ReadLinesFromFile"
       Done executing task "ReadLinesFromFile".
       Task "FindUnderPath"
         Comparison path is "C:\workSpace\dev\PTAM64bits\temp\PTAM-64bits\build\Release\".
       Done executing task "FindUnderPath".
       Task "FindUnderPath"
         Comparison path is "PTAM.dir\Release\".
       Done executing task "FindUnderPath".
       Task "Delete"
       Done executing task "Delete".
       Task "RemoveDuplicates"
       Done executing task "RemoveDuplicates".
       Task "MakeDir"
       Done executing task "MakeDir".
       Task "WriteLinesToFile"
       Done executing task "WriteLinesToFile".
     1>Done building target "CoreClean" in project "PTAM.vcxproj".
     1>Target "AssignProjectConfiguration" in file "C:\Program Files (x86)\MSBuild\14.0\bin\Microsoft.Common.CurrentVersion.targets" from project "C:\workSpace\dev\PTAM64bits\temp\PTAM-64bits\build\PTAM.vcxproj" (target "CleanReferencedProjects" depends on it):
       Task "AssignProjectConfiguration"
         Project reference "C:/workSpace/dev/PTAM64bits/temp/PTAM-64bits/build/ZERO_CHECK.vcxproj" has been assigned the "Release|x64" configuration.
         Project reference "C:/workSpace/dev/PTAM64bits/temp/PTAM-64bits/build/FAST/FAST.vcxproj" has been assigned the "Release|x64" configuration.
         Project reference "C:/workSpace/dev/PTAM64bits/temp/PTAM-64bits/build/GCVD/GCVD.vcxproj" has been assigned the "Release|x64" configuration.
         Project reference "C:/workSpace/dev/PTAM64bits/temp/PTAM-64bits/build/Persistence/Persistence.vcxproj" has been assigned the "Release|x64" configuration.
       Done executing task "AssignProjectConfiguration".
     1>Done building target "AssignProjectConfiguration" in project "PTAM.vcxproj".
     1>Target "_SplitProjectReferencesByFileExistence" in file "C:\Program Files (x86)\MSBuild\14.0\bin\Microsoft.Common.CurrentVersion.targets" from project "C:\workSpace\dev\PTAM64bits\temp\PTAM-64bits\build\PTAM.vcxproj" (target "CleanReferencedProjects" depends on it):
       Task "ResolveNonMSBuildProjectOutput"
         Resolving project reference "C:/workSpace/dev/PTAM64bits/temp/PTAM-64bits/build/ZERO_CHECK.vcxproj".
         Project reference "C:/workSpace/dev/PTAM64bits/temp/PTAM-64bits/build/ZERO_CHECK.vcxproj" has not been resolved.
         Resolving project reference "C:/workSpace/dev/PTAM64bits/temp/PTAM-64bits/build/FAST/FAST.vcxproj".
         Project reference "C:/workSpace/dev/PTAM64bits/temp/PTAM-64bits/build/FAST/FAST.vcxproj" has not been resolved.
         Resolving project reference "C:/workSpace/dev/PTAM64bits/temp/PTAM-64bits/build/GCVD/GCVD.vcxproj".
         Project reference "C:/workSpace/dev/PTAM64bits/temp/PTAM-64bits/build/GCVD/GCVD.vcxproj" has not been resolved.
         Resolving project reference "C:/workSpace/dev/PTAM64bits/temp/PTAM-64bits/build/Persistence/Persistence.vcxproj".
         Project reference "C:/workSpace/dev/PTAM64bits/temp/PTAM-64bits/build/Persistence/Persistence.vcxproj" has not been resolved.
       Done executing task "ResolveNonMSBuildProjectOutput".
     1>Done building target "_SplitProjectReferencesByFileExistence" in project "PTAM.vcxproj".
     1>Target "CleanReferencedProjects" in file "C:\Program Files (x86)\MSBuild\14.0\bin\Microsoft.Common.CurrentVersion.targets" from project "C:\workSpace\dev\PTAM64bits\temp\PTAM-64bits\build\PTAM.vcxproj" (target "Clean" depends on it):
       Task "MSBuild" skipped, due to false condition; ('$(BuildingInsideVisualStudio)' != 'true' and '$(BuildProjectReferences)' == 'true' and '@(_MSBuildProjectReferenceExistent)' != '') was evaluated as ('true' != 'true' and 'true' == 'true' and 'C:/workSpace/dev/PTAM64bits/temp/PTAM-64bits/build/ZERO_CHECK.vcxproj;C:/workSpace/dev/PTAM64bits/temp/PTAM-64bits/build/FAST/FAST.vcxproj;C:/workSpace/dev/PTAM64bits/temp/PTAM-64bits/build/GCVD/GCVD.vcxproj;C:/workSpace/dev/PTAM64bits/temp/PTAM-64bits/build/Persistence/Persistence.vcxproj' != '').
     1>Done building target "CleanReferencedProjects" in project "PTAM.vcxproj".
     1>Target "CleanPublishFolder" in file "C:\Program Files (x86)\MSBuild\14.0\bin\Microsoft.Common.CurrentVersion.targets" from project "C:\workSpace\dev\PTAM64bits\temp\PTAM-64bits\build\PTAM.vcxproj" (target "Clean" depends on it):
       Task "RemoveDir" skipped, due to false condition; ('$(PublishDir)'=='$(OutputPath)app.publish\' and Exists('$(PublishDir)')) was evaluated as ('C:\workSpace\dev\PTAM64bits\temp\PTAM-64bits\build\Release\app.publish\'=='C:\workSpace\dev\PTAM64bits\temp\PTAM-64bits\build\Release\app.publish\' and Exists('C:\workSpace\dev\PTAM64bits\temp\PTAM-64bits\build\Release\app.publish\')).
     1>Done building target "CleanPublishFolder" in project "PTAM.vcxproj".
     1>Target "AfterClean" in file "C:\Program Files (x86)\MSBuild\14.0\bin\Microsoft.Common.CurrentVersion.targets" from project "C:\workSpace\dev\PTAM64bits\temp\PTAM-64bits\build\PTAM.vcxproj" (target "Clean" depends on it):
     1>Done building target "AfterClean" in project "PTAM.vcxproj".
       Target "EntityClean" skipped, due to false condition; ('@(EntityDeploy)' != '') was evaluated as ('' != '').
     1>Target "BeforeCppClean" in file "C:\Program Files (x86)\MSBuild\Microsoft.Cpp\v4.0\V140\Microsoft.CppClean.targets" from project "C:\workSpace\dev\PTAM64bits\temp\PTAM-64bits\build\PTAM.vcxproj" (target "CppClean" depends on it):
     1>Done building target "BeforeCppClean" in project "PTAM.vcxproj".
     1>Target "CoreCppClean" in file "C:\Program Files (x86)\MSBuild\Microsoft.Cpp\v4.0\V140\Microsoft.CppClean.targets" from project "C:\workSpace\dev\PTAM64bits\temp\PTAM-64bits\build\PTAM.vcxproj" (target "CppClean" depends on it):
       Task "MakeDir"
       Done executing task "MakeDir".
       Using "CppClean" task from assembly "C:\Program Files (x86)\MSBuild\Microsoft.Cpp\v4.0\V140\Microsoft.Build.CppTasks.Common.dll".
       Task "CppClean"
       Done executing task "CppClean".
       Task "WriteLinesToFile"
       Done executing task "WriteLinesToFile".
     1>Done building target "CoreCppClean" in project "PTAM.vcxproj".
     1>Target "AfterCppClean" in file "C:\Program Files (x86)\MSBuild\Microsoft.Cpp\v4.0\V140\Microsoft.CppClean.targets" from project "C:\workSpace\dev\PTAM64bits\temp\PTAM-64bits\build\PTAM.vcxproj" (target "CppClean" depends on it):
     1>Done building target "AfterCppClean" in project "PTAM.vcxproj".
     1>Target "PGInstrumentedClean" in file "C:\Program Files (x86)\MSBuild\Microsoft.Cpp\v4.0\V140\Microsoft.CppClean.targets" from project "C:\workSpace\dev\PTAM64bits\temp\PTAM-64bits\build\PTAM.vcxproj" (target "CppClean" depends on it):
       Task "Delete"
       Done executing task "Delete".
     1>Done building target "PGInstrumentedClean" in project "PTAM.vcxproj".
     1>Target "CppClean" in file "C:\Program Files (x86)\MSBuild\Microsoft.Cpp\v4.0\V140\Microsoft.CppClean.targets" from project "C:\workSpace\dev\PTAM64bits\temp\PTAM-64bits\build\PTAM.vcxproj" (target "Clean" depends on it):
     1>Done building target "CppClean" in project "PTAM.vcxproj".
     1>Target "Clean" in file "C:\Program Files (x86)\MSBuild\14.0\bin\Microsoft.Common.CurrentVersion.targets" from project "C:\workSpace\dev\PTAM64bits\temp\PTAM-64bits\build\PTAM.vcxproj" (target "Rebuild" depends on it):
     1>Done building target "Clean" in project "PTAM.vcxproj".
     1>Target "_PrepareForBuild" in file "C:\Program Files (x86)\MSBuild\Microsoft.Cpp\v4.0\V140\Microsoft.BuildSteps.Targets" from project "C:\workSpace\dev\PTAM64bits\temp\PTAM-64bits\build\PTAM.vcxproj" (target "Build" depends on it):
       Task "CreateItem" skipped, due to false condition; ('%(CustomBuild.IncludeFileToTool)'!='') was evaluated as (''!='').
     1>Done building target "_PrepareForBuild" in project "PTAM.vcxproj".
     1>Target "_PrepareForReferenceResolution" in file "C:\Program Files (x86)\MSBuild\Microsoft.Cpp\v4.0\V140\Microsoft.CppBuild.targets" from project "C:\workSpace\dev\PTAM64bits\temp\PTAM-64bits\build\PTAM.vcxproj" (target "ResolveReferences" depends on it):
       Task "Message" skipped, due to false condition; ('$(_REFERENCE_DEBUG)'=='true') was evaluated as (''=='true').
     1>Done building target "_PrepareForReferenceResolution" in project "PTAM.vcxproj".
       Target "ComputeCrtSDKReference" skipped, due to false condition; ('@(ClCompile)'!='' and '$(WindowsAppContainer)'=='true' and '$(UseCrtSDKReference)' != 'false') was evaluated as ('C:\workSpace\dev\PTAM64bits\temp\PTAM-64bits\additionalUtility.cpp;C:\workSpace\dev\PTAM64bits\temp\PTAM-64bits\GLWindowMenu.cpp;C:\workSpace\dev\PTAM64bits\temp\PTAM-64bits\GLWindow2.cpp;C:\workSpace\dev\PTAM64bits\temp\PTAM-64bits\VideoSourceOpenCV.cpp;C:\workSpace\dev\PTAM64bits\temp\PTAM-64bits\ATANCamera.cpp;C:\workSpace\dev\PTAM64bits\temp\PTAM-64bits\main.cpp;C:\workSpace\dev\PTAM64bits\temp\PTAM-64bits\ARDriver.cpp;C:\workSpace\dev\PTAM64bits\temp\PTAM-64bits\System.cpp;C:\workSpace\dev\PTAM64bits\temp\PTAM-64bits\KeyFrame.cpp;C:\workSpace\dev\PTAM64bits\temp\PTAM-64bits\MapPoint.cpp;C:\workSpace\dev\PTAM64bits\temp\PTAM-64bits\Map.cpp;C:\workSpace\dev\PTAM64bits\temp\PTAM-64bits\MapViewer.cpp;C:\workSpace\dev\PTAM64bits\temp\PTAM-64bits\PatchFinder.cpp;C:\workSpace\dev\PTAM64bits\temp\PTAM-64bits\MapMaker.cpp;C:\workSpace\dev\PTAM64bits\temp\PTAM-64bits\Tracker.cpp;C:\workSpace\dev\PTAM64bits\temp\PTAM-64bits\Relocaliser.cpp;C:\workSpace\dev\PTAM64bits\temp\PTAM-64bits\HomographyInit.cpp;C:\workSpace\dev\PTAM64bits\temp\PTAM-64bits\Bundle.cpp;C:\workSpace\dev\PTAM64bits\temp\PTAM-64bits\MiniPatch.cpp;C:\workSpace\dev\PTAM64bits\temp\PTAM-64bits\ShiTomasi.cpp;C:\workSpace\dev\PTAM64bits\temp\PTAM-64bits\SmallBlurryImage.cpp;C:\workSpace\dev\PTAM64bits\temp\PTAM-64bits\EyeGame.cpp'!='' and 'false'=='true' and '' != 'false').
     1>Target "BeforeResolveReferences" in file "C:\Program Files (x86)\MSBuild\14.0\bin\Microsoft.Common.CurrentVersion.targets" from project "C:\workSpace\dev\PTAM64bits\temp\PTAM-64bits\build\PTAM.vcxproj" (target "ResolveReferences" depends on it):
     1>Done building target "BeforeResolveReferences" in project "PTAM.vcxproj".
       Target "AssignProjectConfiguration" skipped. Previously built successfully.
       Target "AssignProjectConfiguration" skipped. Previously built successfully.
       Target "_SplitProjectReferencesByFileExistence" skipped. Previously built successfully.
     1>Target "_RemoveNameMetadataFromProjectReferenceItems" in file "C:\Program Files (x86)\MSBuild\Microsoft.Cpp\v4.0\V140\Microsoft.CppBuild.targets" from project "C:\workSpace\dev\PTAM64bits\temp\PTAM-64bits\build\PTAM.vcxproj" (target "ResolveProjectReferences" depends on it):
     1>Done building target "_RemoveNameMetadataFromProjectReferenceItems" in project "PTAM.vcxproj".
     1>Target "ResolveProjectReferences" in file "C:\Program Files (x86)\MSBuild\14.0\bin\Microsoft.Common.CurrentVersion.targets" from project "C:\workSpace\dev\PTAM64bits\temp\PTAM-64bits\build\PTAM.vcxproj" (target "ResolveReferences" depends on it):
       Task "MSBuild"
         Global Properties:
           Configuration=Release
           Platform=x64
     1>Project "C:\workSpace\dev\PTAM64bits\temp\PTAM-64bits\build\PTAM.vcxproj" (1) is building "C:\workSpace\dev\PTAM64bits\temp\PTAM-64bits\build\ZERO_CHECK.vcxproj" (2) on node 2 (GetTargetPath target(s)).
     2>Building with tools version "14.0".
       Target "_CheckForInvalidConfigurationAndPlatform" skipped. Previously built successfully.
       Target "GetTargetPath" skipped. Previously built successfully.
     2>Done Building Project "C:\workSpace\dev\PTAM64bits\temp\PTAM-64bits\build\ZERO_CHECK.vcxproj" (GetTargetPath target(s)).
     1>Project "C:\workSpace\dev\PTAM64bits\temp\PTAM-64bits\build\PTAM.vcxproj" (1) is building "C:\workSpace\dev\PTAM64bits\temp\PTAM-64bits\build\FAST\FAST.vcxproj" (3) on node 2 (GetTargetPath target(s)).
     3>Building with tools version "14.0".
       Target "_CheckForInvalidConfigurationAndPlatform" skipped. Previously built successfully.
       Target "_PrepareForReferenceResolution" skipped. Previously built successfully.
       Target "GetResolvedWinMD" skipped. Previously built successfully.
     3>Target "GetTargetPath" in file "C:\Program Files (x86)\MSBuild\Microsoft.Cpp\v4.0\V140\Microsoft.CppBuild.targets" from project "C:\workSpace\dev\PTAM64bits\temp\PTAM-64bits\build\FAST\FAST.vcxproj" (entry point):
     3>Done building target "GetTargetPath" in project "FAST.vcxproj".
     3>Done Building Project "C:\workSpace\dev\PTAM64bits\temp\PTAM-64bits\build\FAST\FAST.vcxproj" (GetTargetPath target(s)).
     1>Project "C:\workSpace\dev\PTAM64bits\temp\PTAM-64bits\build\PTAM.vcxproj" (1) is building "C:\workSpace\dev\PTAM64bits\temp\PTAM-64bits\build\Persistence\Persistence.vcxproj" (4) on node 4 (GetTargetPath target(s)).
     4>Building with tools version "14.0".
       Target "_CheckForInvalidConfigurationAndPlatform" skipped. Previously built successfully.
       Target "_PrepareForReferenceResolution" skipped. Previously built successfully.
       Target "GetResolvedWinMD" skipped. Previously built successfully.
     4>Target "GetTargetPath" in file "C:\Program Files (x86)\MSBuild\Microsoft.Cpp\v4.0\V140\Microsoft.CppBuild.targets" from project "C:\workSpace\dev\PTAM64bits\temp\PTAM-64bits\build\Persistence\Persistence.vcxproj" (entry point):
     4>Done building target "GetTargetPath" in project "Persistence.vcxproj".
     4>Done Building Project "C:\workSpace\dev\PTAM64bits\temp\PTAM-64bits\build\Persistence\Persistence.vcxproj" (GetTargetPath target(s)).
     1>Project "C:\workSpace\dev\PTAM64bits\temp\PTAM-64bits\build\PTAM.vcxproj" (1) is building "C:\workSpace\dev\PTAM64bits\temp\PTAM-64bits\build\GCVD\GCVD.vcxproj" (5) on node 3 (GetTargetPath target(s)).
     5>Building with tools version "14.0".
       Target "_CheckForInvalidConfigurationAndPlatform" skipped. Previously built successfully.
       Target "_PrepareForReferenceResolution" skipped. Previously built successfully.
       Target "GetResolvedWinMD" skipped. Previously built successfully.
     5>Target "GetTargetPath" in file "C:\Program Files (x86)\MSBuild\Microsoft.Cpp\v4.0\V140\Microsoft.CppBuild.targets" from project "C:\workSpace\dev\PTAM64bits\temp\PTAM-64bits\build\GCVD\GCVD.vcxproj" (entry point):
     5>Done building target "GetTargetPath" in project "GCVD.vcxproj".
     5>Done Building Project "C:\workSpace\dev\PTAM64bits\temp\PTAM-64bits\build\GCVD\GCVD.vcxproj" (GetTargetPath target(s)).
     1>Done executing task "MSBuild".
       Task "MSBuild" skipped, due to false condition; ('%(_MSBuildProjectReferenceExistent.BuildReference)' == 'true' and '@(ProjectReferenceWithConfiguration)' != '' and ('$(BuildingInsideVisualStudio)' == 'true' or '$(BuildProjectReferences)' != 'true') and '$(VisualStudioVersion)' == '10.0' and '@(_MSBuildProjectReferenceExistent)' != '') was evaluated as ('true' == 'true' and 'C:/workSpace/dev/PTAM64bits/temp/PTAM-64bits/build/ZERO_CHECK.vcxproj;C:/workSpace/dev/PTAM64bits/temp/PTAM-64bits/build/FAST/FAST.vcxproj;C:/workSpace/dev/PTAM64bits/temp/PTAM-64bits/build/GCVD/GCVD.vcxproj;C:/workSpace/dev/PTAM64bits/temp/PTAM-64bits/build/Persistence/Persistence.vcxproj' != '' and ('true' == 'true' or 'true' != 'true') and '14.0' == '10.0' and 'C:/workSpace/dev/PTAM64bits/temp/PTAM-64bits/build/ZERO_CHECK.vcxproj;C:/workSpace/dev/PTAM64bits/temp/PTAM-64bits/build/FAST/FAST.vcxproj;C:/workSpace/dev/PTAM64bits/temp/PTAM-64bits/build/GCVD/GCVD.vcxproj;C:/workSpace/dev/PTAM64bits/temp/PTAM-64bits/build/Persistence/Persistence.vcxproj' != '').
       Task "MSBuild" skipped, due to false condition; ('%(_MSBuildProjectReferenceExistent.BuildReference)' == 'true' and '@(ProjectReferenceWithConfiguration)' != '' and '$(BuildingInsideVisualStudio)' != 'true' and '$(BuildProjectReferences)' == 'true' and '@(_MSBuildProjectReferenceExistent)' != '') was evaluated as ('true' == 'true' and 'C:/workSpace/dev/PTAM64bits/temp/PTAM-64bits/build/ZERO_CHECK.vcxproj;C:/workSpace/dev/PTAM64bits/temp/PTAM-64bits/build/FAST/FAST.vcxproj;C:/workSpace/dev/PTAM64bits/temp/PTAM-64bits/build/GCVD/GCVD.vcxproj;C:/workSpace/dev/PTAM64bits/temp/PTAM-64bits/build/Persistence/Persistence.vcxproj' != '' and 'true' != 'true' and 'true' == 'true' and 'C:/workSpace/dev/PTAM64bits/temp/PTAM-64bits/build/ZERO_CHECK.vcxproj;C:/workSpace/dev/PTAM64bits/temp/PTAM-64bits/build/FAST/FAST.vcxproj;C:/workSpace/dev/PTAM64bits/temp/PTAM-64bits/build/GCVD/GCVD.vcxproj;C:/workSpace/dev/PTAM64bits/temp/PTAM-64bits/build/Persistence/Persistence.vcxproj' != '').
       Task "MSBuild"
         Global Properties:
           Configuration=Release
           Platform=x64
     1>Project "C:\workSpace\dev\PTAM64bits\temp\PTAM-64bits\build\PTAM.vcxproj" (1) is building "C:\workSpace\dev\PTAM64bits\temp\PTAM-64bits\build\ZERO_CHECK.vcxproj" (2:2) on node 2 (GetNativeManifest target(s)).
   2:2>Building with tools version "14.0".
       Target "_CheckForInvalidConfigurationAndPlatform" skipped. Previously built successfully.
       Target "GetNativeManifest" skipped. Previously built successfully.
   2:2>Done Building Project "C:\workSpace\dev\PTAM64bits\temp\PTAM-64bits\build\ZERO_CHECK.vcxproj" (GetNativeManifest target(s)).
     1>Project "C:\workSpace\dev\PTAM64bits\temp\PTAM-64bits\build\PTAM.vcxproj" (1) is building "C:\workSpace\dev\PTAM64bits\temp\PTAM-64bits\build\FAST\FAST.vcxproj" (3:2) on node 2 (GetNativeManifest target(s)).
   3:2>Building with tools version "14.0".
     1>Project "C:\workSpace\dev\PTAM64bits\temp\PTAM-64bits\build\PTAM.vcxproj" (1) is building "C:\workSpace\dev\PTAM64bits\temp\PTAM-64bits\build\Persistence\Persistence.vcxproj" (4:2) on node 4 (GetNativeManifest target(s)).
   4:2>Building with tools version "14.0".
       Target "_CheckForInvalidConfigurationAndPlatform" skipped. Previously built successfully.
   3:2>Target "_CheckForInvalidConfigurationAndPlatform" skipped. Previously built successfully.
   3:2>Target "GetNativeManifest" in file "C:\Program Files (x86)\MSBuild\Microsoft.Cpp\v4.0\V140\Microsoft.CppCommon.targets" from project "C:\workSpace\dev\PTAM64bits\temp\PTAM-64bits\build\FAST\FAST.vcxproj" (entry point):
   3:2>Done building target "GetNativeManifest" in project "FAST.vcxproj".
   4:2>Target "GetNativeManifest" in file "C:\Program Files (x86)\MSBuild\Microsoft.Cpp\v4.0\V140\Microsoft.CppCommon.targets" from project "C:\workSpace\dev\PTAM64bits\temp\PTAM-64bits\build\Persistence\Persistence.vcxproj" (entry point):
   4:2>Done building target "GetNativeManifest" in project "Persistence.vcxproj".
   3:2>Done Building Project "C:\workSpace\dev\PTAM64bits\temp\PTAM-64bits\build\FAST\FAST.vcxproj" (GetNativeManifest target(s)).
   4:2>Done Building Project "C:\workSpace\dev\PTAM64bits\temp\PTAM-64bits\build\Persistence\Persistence.vcxproj" (GetNativeManifest target(s)).
     1>Project "C:\workSpace\dev\PTAM64bits\temp\PTAM-64bits\build\PTAM.vcxproj" (1) is building "C:\workSpace\dev\PTAM64bits\temp\PTAM-64bits\build\GCVD\GCVD.vcxproj" (5:2) on node 3 (GetNativeManifest target(s)).
   5:2>Building with tools version "14.0".
       Target "_CheckForInvalidConfigurationAndPlatform" skipped. Previously built successfully.
   5:2>Target "GetNativeManifest" in file "C:\Program Files (x86)\MSBuild\Microsoft.Cpp\v4.0\V140\Microsoft.CppCommon.targets" from project "C:\workSpace\dev\PTAM64bits\temp\PTAM-64bits\build\GCVD\GCVD.vcxproj" (entry point):
   5:2>Done building target "GetNativeManifest" in project "GCVD.vcxproj".
   5:2>Done Building Project "C:\workSpace\dev\PTAM64bits\temp\PTAM-64bits\build\GCVD\GCVD.vcxproj" (GetNativeManifest target(s)).
     1>Done executing task "MSBuild".
       Task "Warning" skipped, due to false condition; ('@(ProjectReferenceWithConfiguration)' != '' and '@(_MSBuildProjectReferenceNonexistent)' != '') was evaluated as ('C:/workSpace/dev/PTAM64bits/temp/PTAM-64bits/build/ZERO_CHECK.vcxproj;C:/workSpace/dev/PTAM64bits/temp/PTAM-64bits/build/FAST/FAST.vcxproj;C:/workSpace/dev/PTAM64bits/temp/PTAM-64bits/build/GCVD/GCVD.vcxproj;C:/workSpace/dev/PTAM64bits/temp/PTAM-64bits/build/Persistence/Persistence.vcxproj' != '' and '' != '').
     1>Done building target "ResolveProjectReferences" in project "PTAM.vcxproj".
       Target "FindInvalidProjectReferences" skipped, due to false condition; ('$(FindInvalidProjectReferences)' == 'true') was evaluated as ('' == 'true').
       Target "ResolveNativeReferences" skipped, due to false condition; ('@(NativeReference)'!='') was evaluated as (''!='').
       Target "_PrepareForReferenceResolution" skipped. Previously built successfully.
     1>Target "GetFrameworkPaths" in file "C:\Program Files (x86)\MSBuild\14.0\bin\Microsoft.NetFramework.CurrentVersion.targets" from project "C:\workSpace\dev\PTAM64bits\temp\PTAM-64bits\build\PTAM.vcxproj" (target "ResolveAssemblyReferences" depends on it):
     1>Done building target "GetFrameworkPaths" in project "PTAM.vcxproj".
       Target "GetWinFXPath" skipped, due to false condition; (('@(Page)' != '' or '@(ApplicationDefinition)' != '' or '@(Resource)' != '') and ('$(GetWinFXNativePath)' != '' or '$(GetWinFXWoWPath)' != '' )) was evaluated as (('' != '' or '' != '' or '' != '') and ('' != '' or '' != '' )).
     1>Target "GetReferenceAssemblyPaths" in file "C:\Program Files (x86)\MSBuild\14.0\bin\Microsoft.Common.CurrentVersion.targets" from project "C:\workSpace\dev\PTAM64bits\temp\PTAM-64bits\build\PTAM.vcxproj" (target "ResolveAssemblyReferences" depends on it):
       Task "GetReferenceAssemblyPaths" skipped, due to false condition; ('$(TargetFrameworkMoniker)' != '' and ('$(_TargetFrameworkDirectories)' == '' or '$(_FullFrameworkReferenceAssemblyPaths)' == '')) was evaluated as ('' != '' and ('C:\Program Files (x86)\Reference Assemblies\Microsoft\Framework\.NETFramework\v4.0' == '' or 'C:\Program Files (x86)\Reference Assemblies\Microsoft\Framework\.NETFramework\v4.0' == '')).
     1>Done building target "GetReferenceAssemblyPaths" in project "PTAM.vcxproj".
     1>Target "SetBuildDefaultEnvironmentVariables" in file "C:\Program Files (x86)\MSBuild\Microsoft.Cpp\v4.0\V140\Microsoft.Cpp.Current.targets" from project "C:\workSpace\dev\PTAM64bits\temp\PTAM-64bits\build\PTAM.vcxproj" (target "PrepareForBuild" depends on it):
       Using "SetEnv" task from assembly "C:\Program Files (x86)\MSBuild\Microsoft.Cpp\v4.0\V140\Microsoft.Build.CppTasks.Common.dll".
       Task "SetEnv"
         PATH=C:\Program Files (x86)\Microsoft Visual Studio 14.0\VC\bin\x86_amd64;C:\Program Files (x86)\Microsoft Visual Studio 14.0\VC\bin;C:\Program Files (x86)\Windows Kits\8.1\bin\x86;;C:\Program Files (x86)\Microsoft SDKs\Windows\v10.0A\bin\NETFX 4.6.1 Tools;C:\Program Files (x86)\Microsoft Visual Studio 14.0\Common7\tools;C:\Program Files (x86)\Microsoft Visual Studio 14.0\Common7\ide;C:\Program Files (x86)\HTML Help Workshop;;C:\Program Files (x86)\MSBuild\14.0\bin\;C:\WINDOWS\Microsoft.NET\Framework\v4.0.30319\;;C:\Program Files (x86)\Microsoft Visual Studio 14.0\Common7\IDE\CommonExtensions\Microsoft\TeamFoundation\Team Explorer\NativeBinaries\x86;C:\Program Files (x86)\Common Files\Intel\Shared Files\fortran\bin\Intel64;C:\Program Files (x86)\Common Files\Intel\Shared Files\cpp\bin\Intel64;C:\Program Files\NVIDIA GPU Computing Toolkit\CUDA\v8.0\bin;C:\Program Files\NVIDIA GPU Computing Toolkit\CUDA\v8.0\libnvvp;C:\Program Files (x86)\Intel\iCLS Client\;C:\Program Files\Intel\iCLS Client\;C:\Windows\system32;C:\Windows;C:\Windows\System32\Wbem;C:\Windows\System32\WindowsPowerShell\v1.0\;C:\Program Files (x86)\NVIDIA Corporation\PhysX\Common;C:\Program Files (x86)\Intel\Intel(R) Management Engine Components\DAL;C:\Program Files\Intel\Intel(R) Management Engine Components\DAL;C:\Program Files (x86)\Intel\Intel(R) Management Engine Components\IPT;C:\Program Files\Intel\Intel(R) Management Engine Components\IPT;C:\WINDOWS\system32;C:\WINDOWS;C:\WINDOWS\System32\Wbem;C:\WINDOWS\System32\WindowsPowerShell\v1.0\;C:\Users\2501\.dnx\bin;C:\Program Files\Microsoft DNX\Dnvm\;C:\Program Files (x86)\Windows Kits\8.1\Windows Performance Toolkit\;C:\Program Files\Microsoft SQL Server\130\Tools\Binn\;C:\Mylib\Qt5.6.1\5.6\msvc2015_64bin;C:\Program Files\Oracle\VirtualBox\;C:\Mylib\opencv3.1.0_cuda\2501build\install\x64\vc14\bin;C:\workSpace\environment64\lapack\bin;C:\workSpace\environment\glew\bin;C:\workSpace\environment\1394camera646\bin;C:\workSpace\environment\pthreads\bin;C:\WINDOWS\SysWOW64\WindowsPowerShell\v1.0\Modules\TShell\TShell\;C:\Program Files (x86)\Windows Kits\10\Tools\x64;C:\Program Files (x86)\Microsoft Visual Studio 14.0\VC\bin;C:\Program Files (x86)\CMake\bin;C:\workSpace\environment64\lapack\bin;C:\workSpace\environment64\glew-2.0.0\bin;C:\workSpace\environment64\pthreads\x64\bin;C:\Mylib\Qt5.6.1\5.6\msvc2015_64\bin;C:\workSpace\environment\lapack\bin;C:\Users\2501\AppData\Local\Microsoft\WindowsApps;;C:\Program Files (x86)\Microsoft VS Code\bin;
       Done executing task "SetEnv".
       Task "SetEnv"
         LIB=C:\Program Files (x86)\Microsoft Visual Studio 14.0\VC\lib\amd64;;C:\Program Files (x86)\Microsoft Visual Studio 14.0\VC\atlmfc\lib\amd64;;C:\Program Files (x86)\Windows Kits\10\lib\10.0.10240.0\ucrt\x64;;;C:\Program Files (x86)\Windows Kits\8.1\lib\winv6.3\um\x64;;C:\Program Files (x86)\Windows Kits\NETFXSDK\4.6.1\Lib\um\x64
       Done executing task "SetEnv".
       Task "SetEnv"
         LIBPATH=C:\Program Files (x86)\Microsoft Visual Studio 14.0\VC\atlmfc\lib\amd64;;C:\Program Files (x86)\Microsoft Visual Studio 14.0\VC\lib\amd64;
       Done executing task "SetEnv".
       Task "SetEnv"
         INCLUDE=C:\Program Files (x86)\Microsoft Visual Studio 14.0\VC\include;;C:\Program Files (x86)\Microsoft Visual Studio 14.0\VC\atlmfc\include;;C:\Program Files (x86)\Windows Kits\10\Include\10.0.10240.0\ucrt;;;C:\Program Files (x86)\Windows Kits\8.1\Include\um;C:\Program Files (x86)\Windows Kits\8.1\Include\shared;C:\Program Files (x86)\Windows Kits\8.1\Include\winrt;;
       Done executing task "SetEnv".
     1>Done building target "SetBuildDefaultEnvironmentVariables" in project "PTAM.vcxproj".
       Target "SetUserMacroEnvironmentVariables" skipped, due to false condition; ('@(BuildMacro)' != '' and '$(DesignTimeBuild)' != 'true') was evaluated as ('' != '' and '' != 'true').
     1>Target "GetResolvedWinMD" in file "C:\Program Files (x86)\MSBuild\Microsoft.Cpp\v4.0\V140\Microsoft.CppBuild.targets" from project "C:\workSpace\dev\PTAM64bits\temp\PTAM-64bits\build\PTAM.vcxproj" (target "PrepareForBuild" depends on it):
     1>Done building target "GetResolvedWinMD" in project "PTAM.vcxproj".
     1>Target "PlatformPrepareForBuild" in file "C:\Program Files (x86)\MSBuild\Microsoft.Cpp\v4.0\V140\Microsoft.Cpp.Platform.targets" from project "C:\workSpace\dev\PTAM64bits\temp\PTAM-64bits\build\PTAM.vcxproj" (target "PrepareForBuild" depends on it):
       Task "VCMessage" skipped, due to false condition; ('$(_Error64bitToolsNotInstalled)' == 'true') was evaluated as ('' == 'true').
       Task "VCMessage" skipped, due to false condition; ('$(DesignTimeBuild)'!='true' and '$(_ToolsetFound)' != 'true' and '$(PlatformToolset)' == 'v110') was evaluated as (''!='true' and 'true' != 'true' and 'v140' == 'v110').
       Task "VCMessage" skipped, due to false condition; ('$(DesignTimeBuild)'!='true' and '$(_ToolsetFound)' != 'true' and '$(PlatformToolset)' == 'v100') was evaluated as (''!='true' and 'true' != 'true' and 'v140' == 'v100').
       Task "VCMessage" skipped, due to false condition; ('$(DesignTimeBuild)'!='true' and '$(_ToolsetFound)' != 'true' and '$(PlatformToolset)' == 'v90') was evaluated as (''!='true' and 'true' != 'true' and 'v140' == 'v90').
       Task "VCMessage" skipped, due to false condition; ('$(DesignTimeBuild)'!='true' and '$(_ToolsetFound)' != 'true' and '$(PlatformToolset)' != 'v90' and '$(PlatformToolset)' != 'v100' and '$(PlatformToolset)' != 'v110') was evaluated as (''!='true' and 'true' != 'true' and 'v140' != 'v90' and 'v140' != 'v100' and 'v140' != 'v110').
     1>Done building target "PlatformPrepareForBuild" in project "PTAM.vcxproj".
     1>Target "Desktop_PlatformPrepareForBuild" in file "C:\Program Files (x86)\MSBuild\Microsoft.Cpp\v4.0\V140\Platforms\x64\PlatformToolsets\v140\Toolset.targets" from project "C:\workSpace\dev\PTAM64bits\temp\PTAM-64bits\build\PTAM.vcxproj" (target "PrepareForBuild" depends on it):
       Task "VCMessage" skipped, due to false condition; ($(MissingSDKProps) == 'true') was evaluated as ( == 'true').
     1>Done building target "Desktop_PlatformPrepareForBuild" in project "PTAM.vcxproj".
       Target "GetFrameworkPaths" skipped. Previously built successfully.
       Target "GetReferenceAssemblyPaths" skipped. Previously built successfully.
       Target "AssignLinkMetadata" skipped, due to false condition; ( '$(SynthesizeLinkMetadata)' == 'true' ) was evaluated as ( '' == 'true' ).
     1>Target "SetCABuildNativeEnvironmentVariables" in file "C:\Program Files (x86)\MSBuild\Microsoft\VisualStudio\v14.0\CodeAnalysis\Microsoft.CodeAnalysis.targets" from project "C:\workSpace\dev\PTAM64bits\temp\PTAM-64bits\build\PTAM.vcxproj" (target "PrepareForBuild" depends on it):
       Initializing task factory "CodeTaskFactory" from assembly "C:\Program Files (x86)\MSBuild\14.0\bin\Microsoft.Build.Tasks.Core.dll".
       Using "SetEnvironmentVariable" task from the task factory "Code Task Factory".
       Task "SetEnvironmentVariable"
       Done executing task "SetEnvironmentVariable".
     1>Done building target "SetCABuildNativeEnvironmentVariables" in project "PTAM.vcxproj".
     1>Target "PrepareForBuild" in file "C:\Program Files (x86)\MSBuild\Microsoft.Cpp\v4.0\V140\Microsoft.CppBuild.targets" from project "C:\workSpace\dev\PTAM64bits\temp\PTAM-64bits\build\PTAM.vcxproj" (target "ResolveAssemblyReferences" depends on it):
       Task "VCMessage" skipped, due to false condition; ('$(DesignTimeBuild)' != 'true' and '$(ConfigurationPlatformExists)' != 'true') was evaluated as ('' != 'true' and 'true' != 'true').
       Task "MakeDir"
       Done executing task "MakeDir".
       Task "VCMessage" skipped, due to false condition; ('$(DesignTimeBuild)'!='true' and '$(WindowsAppContainer)'=='true' and '$(ConfigurationType)'!='Application' and '$(ConfigurationType)'!='DynamicLibrary' and '$(ConfigurationType)'!='StaticLibrary') was evaluated as (''!='true' and 'false'=='true' and 'Application'!='Application' and 'Application'!='DynamicLibrary' and 'Application'!='StaticLibrary').
       Task "VCMessage" skipped, due to false condition; ('$(DesignTimeBuild)'!='true' and '$(VCInstallDir)'=='' and '$(UseEnv)' != 'true' and ('$(TargetFrameworkVersion)'=='v3.5' or '$(TargetFrameworkVersion)'=='v3.0' or '$(TargetFrameworkVersion)'=='v2.0' )) was evaluated as (''!='true' and 'C:\Program Files (x86)\Microsoft Visual Studio 14.0\VC\'=='' and '' != 'true' and ('v4.0'=='v3.5' or 'v4.0'=='v3.0' or 'v4.0'=='v2.0' )).
       Task "VCMessage" skipped, due to false condition; ('$(DesignTimeBuild)'!='true' and '$(VCInstallDir)'=='' and '$(UseEnv)' != 'true' and '$(PlatformToolset)'=='v90') was evaluated as (''!='true' and 'C:\Program Files (x86)\Microsoft Visual Studio 14.0\VC\'=='' and '' != 'true' and 'v140'=='v90').
       Task "VCMessage" skipped, due to false condition; ('$(VCInstallDir)'=='' and '$(UseEnv)' != 'true') was evaluated as ('C:\Program Files (x86)\Microsoft Visual Studio 14.0\VC\'=='' and '' != 'true').
       Task "VCMessage" skipped, due to false condition; ('$(WindowsSDKDir)'=='' and '$(UseEnv)' != 'true') was evaluated as ('C:\Program Files (x86)\Windows Kits\8.1\'=='' and '' != 'true').
       Task "VCMessage" skipped, due to false condition; ('$(IntDirTrailingSlashWarning)'=='true') was evaluated as (''=='true').
       Task "VCMessage" skipped, due to false condition; ('$(OutDirTrailingSlashWarning)'=='true') was evaluated as (''=='true').
       Task "VCMessage" skipped, due to false condition; ('%(CompatibilityIssues.Identity)' != '' and '$(DesignTimeBuild)'!='true') was evaluated as ('' != '' and ''!='true').
       Task "VCMessage" skipped, due to false condition; ('$(_MBCS_Using)' == 'true' and '$(_MBCS_Installed)' != 'true' and '$(DesignTimeBuild)' != 'true') was evaluated as ('' == 'true' and '' != 'true' and '' != 'true').
       Task "VCMessage" skipped, due to false condition; ('$(IgnoreWarnIntDirSharingDetected)' != 'true' and '$(IntDirSharingDetected)' == 'true') was evaluated as ('' != 'true' and '' == 'true').
       Task "VCMessage" skipped, due to false condition; ('$(IgnoreWarnIntDirInTempDetected)' != 'true' and ('$(_IntDirFullpath.StartsWith($(Tmp), true, null))' == 'true' or '$(_IntDirFullpath.StartsWith($(Temp), true, null))' == 'true' or '$(_OutDirFullpath.StartsWith($(Tmp), true, null))' == 'true' or '$(_OutDirFullpath.StartsWith($(Temp), true, null))' == 'true')) was evaluated as ('' != 'true' and ('False' == 'true' or 'False' == 'true' or 'False' == 'true' or 'False' == 'true')).
       Task "MakeDir"
       Done executing task "MakeDir".
     1>Done building target "PrepareForBuild" in project "PTAM.vcxproj".
       Target "_PrepareForReferenceResolution" skipped. Previously built successfully.
       Target "ComputeCrtSDKReference" skipped, due to false condition; ('@(ClCompile)'!='' and '$(WindowsAppContainer)'=='true' and '$(UseCrtSDKReference)' != 'false') was evaluated as ('C:\workSpace\dev\PTAM64bits\temp\PTAM-64bits\additionalUtility.cpp;C:\workSpace\dev\PTAM64bits\temp\PTAM-64bits\GLWindowMenu.cpp;C:\workSpace\dev\PTAM64bits\temp\PTAM-64bits\GLWindow2.cpp;C:\workSpace\dev\PTAM64bits\temp\PTAM-64bits\VideoSourceOpenCV.cpp;C:\workSpace\dev\PTAM64bits\temp\PTAM-64bits\ATANCamera.cpp;C:\workSpace\dev\PTAM64bits\temp\PTAM-64bits\main.cpp;C:\workSpace\dev\PTAM64bits\temp\PTAM-64bits\ARDriver.cpp;C:\workSpace\dev\PTAM64bits\temp\PTAM-64bits\System.cpp;C:\workSpace\dev\PTAM64bits\temp\PTAM-64bits\KeyFrame.cpp;C:\workSpace\dev\PTAM64bits\temp\PTAM-64bits\MapPoint.cpp;C:\workSpace\dev\PTAM64bits\temp\PTAM-64bits\Map.cpp;C:\workSpace\dev\PTAM64bits\temp\PTAM-64bits\MapViewer.cpp;C:\workSpace\dev\PTAM64bits\temp\PTAM-64bits\PatchFinder.cpp;C:\workSpace\dev\PTAM64bits\temp\PTAM-64bits\MapMaker.cpp;C:\workSpace\dev\PTAM64bits\temp\PTAM-64bits\Tracker.cpp;C:\workSpace\dev\PTAM64bits\temp\PTAM-64bits\Relocaliser.cpp;C:\workSpace\dev\PTAM64bits\temp\PTAM-64bits\HomographyInit.cpp;C:\workSpace\dev\PTAM64bits\temp\PTAM-64bits\Bundle.cpp;C:\workSpace\dev\PTAM64bits\temp\PTAM-64bits\MiniPatch.cpp;C:\workSpace\dev\PTAM64bits\temp\PTAM-64bits\ShiTomasi.cpp;C:\workSpace\dev\PTAM64bits\temp\PTAM-64bits\SmallBlurryImage.cpp;C:\workSpace\dev\PTAM64bits\temp\PTAM-64bits\EyeGame.cpp'!='' and 'false'=='true' and '' != 'false').
     1>Target "GetInstalledSDKLocations" in file "C:\Program Files (x86)\MSBuild\14.0\bin\Microsoft.Common.CurrentVersion.targets" from project "C:\workSpace\dev\PTAM64bits\temp\PTAM-64bits\build\PTAM.vcxproj" (target "ResolveSDKReferences" depends on it):
       Task "GetInstalledSDKLocations" skipped, due to false condition; ('@(SDKReference)' != '') was evaluated as ('' != '').
       Task "GetInstalledSDKLocations" skipped, due to false condition; ('@(SDKReference)' != '' and '$(SupportWindows81SDKs)' == 'true' and '$(TargetPlatformIdentifierWindows81)' != '' and '$(TargetPlatformVersionWindows81)' != '') was evaluated as ('' != '' and '' == 'true' and '' != '' and '' != '').
       Task "GetInstalledSDKLocations" skipped, due to false condition; ('@(SDKReference)' != '' and '$(SupportWindowsPhone81SDKs)' == 'true' and '$(TargetPlatformIdentifierWindowsPhone81)' != '' and '$(TargetPlatformVersionWindowsPhone81)' != '') was evaluated as ('' != '' and '' == 'true' and '' != '' and '' != '').
     1>Done building target "GetInstalledSDKLocations" in project "PTAM.vcxproj".
     1>Target "ModifyUnitTestPlatformVersion" in file "C:\Program Files (x86)\MSBuild\14.0\Microsoft.Common.targets\ImportBefore\Windows.8.1.UT_SDKReference.props" from project "C:\workSpace\dev\PTAM64bits\temp\PTAM-64bits\build\PTAM.vcxproj" (target "ResolveSDKReferences" depends on it):
     1>Done building target "ModifyUnitTestPlatformVersion" in project "PTAM.vcxproj".
     1>Target "ResolveSDKReferences" in file "C:\Program Files (x86)\MSBuild\14.0\bin\Microsoft.Common.CurrentVersion.targets" from project "C:\workSpace\dev\PTAM64bits\temp\PTAM-64bits\build\PTAM.vcxproj" (target "ResolveAssemblyReferences" depends on it):
       Task "ResolveSDKReference" skipped, due to false condition; ('@(SDKReference)'!='') was evaluated as (''!='').
     1>Done building target "ResolveSDKReferences" in project "PTAM.vcxproj".
       Target "ResolveSDKReferences" skipped. Previously built successfully.
     1>Target "ExpandSDKReferences" in file "C:\Program Files (x86)\MSBuild\14.0\bin\Microsoft.Common.CurrentVersion.targets" from project "C:\workSpace\dev\PTAM64bits\temp\PTAM-64bits\build\PTAM.vcxproj" (target "ResolveAssemblyReferences" depends on it):
       Task "GetSDKReferenceFiles" skipped, due to false condition; ('@(ResolvedSDKReference)'!='') was evaluated as (''!='').
     1>Done building target "ExpandSDKReferences" in project "PTAM.vcxproj".
       Target "ResolveNuGetPackageAssets" skipped, due to false condition; ('$(ResolveNuGetPackages)' == 'true' and exists('$(ProjectLockFile)')) was evaluated as ('true' == 'true' and exists('project.lock.json')).
     1>Target "ResolveAssemblyReferences" in file "C:\Program Files (x86)\MSBuild\14.0\bin\Microsoft.Common.CurrentVersion.targets" from project "C:\workSpace\dev\PTAM64bits\temp\PTAM-64bits\build\PTAM.vcxproj" (target "ResolveReferences" depends on it):
       Task "ResolveAssemblyReference" skipped, due to false condition; ('@(Reference)'!='' or '@(_ResolvedProjectReferencePaths)'!='' or '@(_ExplicitReference)' != '') was evaluated as (''!='' or ''!='' or '' != '').
     1>Done building target "ResolveAssemblyReferences" in project "PTAM.vcxproj".
       Target "GenerateBindingRedirects" skipped, due to false condition; ('$(AutoGenerateBindingRedirects)' == 'true' and '$(GenerateBindingRedirectsOutputType)' == 'true') was evaluated as ('' == 'true' and 'true' == 'true').
       Target "GenerateBindingRedirectsUpdateAppConfig" skipped, due to false condition; ('$(AutoGenerateBindingRedirects)' == 'true' and '$(GenerateBindingRedirectsOutputType)' == 'true' and Exists('$(_GenerateBindingRedirectsIntermediateAppConfig)')) was evaluated as ('' == 'true' and 'true' == 'true' and Exists('PTAM.dir\Release\PTAM.vcxproj.PTAM.exe.config')).
       Target "ResolveComReferences" skipped, due to false condition; ('@(COMReference)'!='' or '@(COMFileReference)'!='') was evaluated as (''!='' or ''!='').
     1>Target "AfterResolveReferences" in file "C:\Program Files (x86)\MSBuild\14.0\bin\Microsoft.Common.CurrentVersion.targets" from project "C:\workSpace\dev\PTAM64bits\temp\PTAM-64bits\build\PTAM.vcxproj" (target "ResolveReferences" depends on it):
     1>Done building target "AfterResolveReferences" in project "PTAM.vcxproj".
       Target "ImplicitlyExpandDesignTimeFacades" skipped, due to false condition; ('$(ImplicitlyExpandDesignTimeFacades)' == 'true') was evaluated as ('' == 'true').
       Target "ResolveTestReferences" skipped, due to false condition; ('@(Shadow)'!='') was evaluated as (''!='').
     1>Target "ResolveReferences" in file "C:\Program Files (x86)\MSBuild\14.0\bin\Microsoft.Common.CurrentVersion.targets" from project "C:\workSpace\dev\PTAM64bits\temp\PTAM-64bits\build\PTAM.vcxproj" (target "Build" depends on it):
     1>Done building target "ResolveReferences" in project "PTAM.vcxproj".
       Target "PrepareForBuild" skipped. Previously built successfully.
       Target "PrepareForBuild" skipped. Previously built successfully.
     1>Target "InitializeBuildStatus" in file "C:\Program Files (x86)\MSBuild\Microsoft.Cpp\v4.0\V140\Microsoft.CppBuild.targets" from project "C:\workSpace\dev\PTAM64bits\temp\PTAM-64bits\build\PTAM.vcxproj" (target "Build" depends on it):
       Task "ReadLinesFromFile"
       Done executing task "ReadLinesFromFile".
       Task "WriteLinesToFile"
       Done executing task "WriteLinesToFile".
       Task "Touch"
         Touching "PTAM.dir\Release\PTAM.tlog\unsuccessfulbuild".
       Done executing task "Touch".
     1>Done building target "InitializeBuildStatus" in project "PTAM.vcxproj".
       Target "AssignProjectConfiguration" skipped. Previously built successfully.
       Target "_SplitProjectReferencesByFileExistence" skipped. Previously built successfully.
     1>Target "BuildGenerateSourcesTraverse" in file "C:\Program Files (x86)\MSBuild\14.0\bin\Microsoft.Common.CurrentVersion.targets" from project "C:\workSpace\dev\PTAM64bits\temp\PTAM-64bits\build\PTAM.vcxproj" (target "BuildGenerateSources" depends on it):
       Task "MSBuild" skipped, due to false condition; ('$(BuildPassReferences)' == 'true' and '@(ProjectReferenceWithConfiguration)' != '' and '@(_MSBuildProjectReferenceExistent)' != '' and '%(_MSBuildProjectReferenceExistent.BuildReference)' == 'true') was evaluated as ('' == 'true' and 'C:/workSpace/dev/PTAM64bits/temp/PTAM-64bits/build/ZERO_CHECK.vcxproj;C:/workSpace/dev/PTAM64bits/temp/PTAM-64bits/build/FAST/FAST.vcxproj;C:/workSpace/dev/PTAM64bits/temp/PTAM-64bits/build/GCVD/GCVD.vcxproj;C:/workSpace/dev/PTAM64bits/temp/PTAM-64bits/build/Persistence/Persistence.vcxproj' != '' and 'C:/workSpace/dev/PTAM64bits/temp/PTAM-64bits/build/ZERO_CHECK.vcxproj;C:/workSpace/dev/PTAM64bits/temp/PTAM-64bits/build/FAST/FAST.vcxproj;C:/workSpace/dev/PTAM64bits/temp/PTAM-64bits/build/GCVD/GCVD.vcxproj;C:/workSpace/dev/PTAM64bits/temp/PTAM-64bits/build/Persistence/Persistence.vcxproj' != '' and 'true' == 'true').
     1>Done building target "BuildGenerateSourcesTraverse" in project "PTAM.vcxproj".
       Target "PrepareForBuild" skipped. Previously built successfully.
       Target "ResolveReferences" skipped. Previously built successfully.
     1>Target "BeforeBuildGenerateSources" in file "C:\Program Files (x86)\MSBuild\Microsoft.Cpp\v4.0\V140\Microsoft.BuildSteps.Targets" from project "C:\workSpace\dev\PTAM64bits\temp\PTAM-64bits\build\PTAM.vcxproj" (target "_BuildGenerateSourcesAction" depends on it):
     1>Done building target "BeforeBuildGenerateSources" in project "PTAM.vcxproj".
     1>Target "PreBuildEvent" in file "C:\Program Files (x86)\MSBuild\Microsoft.Cpp\v4.0\V140\Microsoft.CppCommon.targets" from project "C:\workSpace\dev\PTAM64bits\temp\PTAM-64bits\build\PTAM.vcxproj" (target "_BuildGenerateSourcesAction" depends on it):
       Task "Message" skipped, due to false condition; ('%(PreBuildEvent.Message)' != '' and '%(PreBuildEvent.Command)' != '') was evaluated as ('' != '' and '' != '').
       Task "Exec" skipped, due to false condition; ('%(PreBuildEvent.Command)' != '') was evaluated as ('' != '').
     1>Done building target "PreBuildEvent" in project "PTAM.vcxproj".
       Target "PrepareForBuild" skipped. Previously built successfully.
       Target "SetBuildDefaultEnvironmentVariables" skipped. Previously built successfully.
       Target "SetUserMacroEnvironmentVariables" skipped, due to false condition; ('@(BuildMacro)' != '' and '$(DesignTimeBuild)' != 'true') was evaluated as ('' != '' and '' != 'true').
     1>Target "_SelectedFiles" in file "C:\Program Files (x86)\MSBuild\Microsoft.Cpp\v4.0\V140\Microsoft.CppBuild.targets" from project "C:\workSpace\dev\PTAM64bits\temp\PTAM-64bits\build\PTAM.vcxproj" (target "SelectCustomBuild" depends on it):
     1>Done building target "_SelectedFiles" in project "PTAM.vcxproj".
     1>Target "SelectCustomBuild" in file "C:\Program Files (x86)\MSBuild\Microsoft.Cpp\v4.0\V140\Microsoft.CppBuild.targets" from project "C:\workSpace\dev\PTAM64bits\temp\PTAM-64bits\build\PTAM.vcxproj" (target "CustomBuild" depends on it):
     1>Done building target "SelectCustomBuild" in project "PTAM.vcxproj".
     1>Target "ComputeCustomBuildOutput" in file "C:\Program Files (x86)\MSBuild\Microsoft.Cpp\v4.0\V140\Microsoft.CppBuild.targets" from project "C:\workSpace\dev\PTAM64bits\temp\PTAM-64bits\build\PTAM.vcxproj" (target "CustomBuild" depends on it):
       Task "CreateItem" skipped, due to false condition; ('%(CustomBuildDirsToMake.OutputFileToTool)'!='') was evaluated as (''!='').
       Task "MakeDir"
       Done executing task "MakeDir".
     1>Done building target "ComputeCustomBuildOutput" in project "PTAM.vcxproj".
     1>Target "CustomBuild" in file "C:\Program Files (x86)\MSBuild\Microsoft.Cpp\v4.0\V140\Microsoft.CppCommon.targets" from project "C:\workSpace\dev\PTAM64bits\temp\PTAM-64bits\build\PTAM.vcxproj" (target "_BuildGenerateSourcesAction" depends on it):
       Using "CustomBuild" task from assembly "C:\Program Files (x86)\MSBuild\Microsoft.Cpp\v4.0\V140\Microsoft.Build.CppTasks.Common.dll".
       Task "CustomBuild"
         Forcing rebuild of all source files due to missing command TLog "C:\workSpace\dev\PTAM64bits\temp\PTAM-64bits\build\PTAM.dir\Release\PTAM.tlog\custombuild.command.1.tlog".
         setlocal
         "C:\Program Files (x86)\CMake\bin\cmake.exe" -HC:/workSpace/dev/PTAM64bits/temp/PTAM-64bits -BC:/workSpace/dev/PTAM64bits/temp/PTAM-64bits/build --check-stamp-file C:\workSpace\dev\PTAM64bits\temp\PTAM-64bits\build\CMakeFiles\generate.stamp
         if %errorlevel% neq 0 goto :cmEnd
         :cmEnd
         endlocal & call :cmErrorLevel %errorlevel% & goto :cmDone
         :cmErrorLevel
         exit /b %1
         :cmDone
         if %errorlevel% neq 0 goto :VCEnd
         Building Custom Rule C:/workSpace/dev/PTAM64bits/temp/PTAM-64bits/CMakeLists.txt
         CMake does not need to re-run because C:\workSpace\dev\PTAM64bits\temp\PTAM-64bits\build\CMakeFiles\generate.stamp is up-to-date.
       Done executing task "CustomBuild".
     1>Done building target "CustomBuild" in project "PTAM.vcxproj".
       Target "FxExport" skipped, due to false condition; ('@(FxCompile)' != '') was evaluated as ('' != '').
       Target "FxCompile" skipped, due to false condition; ('@(FxCompile)' != '') was evaluated as ('' != '').
       Target "Xsd" skipped, due to false condition; ('@(Xsd)' != '') was evaluated as ('' != '').
     1>Target "_Xsd" in file "C:\Program Files (x86)\MSBuild\Microsoft.Cpp\v4.0\V140\Microsoft.CppBuild.targets" from project "C:\workSpace\dev\PTAM64bits\temp\PTAM-64bits\build\PTAM.vcxproj" (target "_BuildGenerateSourcesAction" depends on it):
     1>Done building target "_Xsd" in project "PTAM.vcxproj".
     1>Target "MakeDirsForMidl" in file "C:\Program Files (x86)\MSBuild\Microsoft.Cpp\v4.0\V140\Microsoft.CppBuild.targets" from project "C:\workSpace\dev\PTAM64bits\temp\PTAM-64bits\build\PTAM.vcxproj" (target "_Midl" depends on it):
       Task "Makedir"
       Done executing task "Makedir".
     1>Done building target "MakeDirsForMidl" in project "PTAM.vcxproj".
       Target "Midl" skipped, due to false condition; ('@(Midl)' != '') was evaluated as ('' != '').
       Target "FxExport" skipped, due to false condition; ('@(FxCompile)' != '') was evaluated as ('' != '').
       Target "FxCompile" skipped, due to false condition; ('@(FxCompile)' != '') was evaluated as ('' != '').
     1>Target "ComputeMIDLGeneratedCompileInputs" in file "C:\Program Files (x86)\MSBuild\Microsoft.Cpp\v4.0\V140\Microsoft.CppBuild.targets" from project "C:\workSpace\dev\PTAM64bits\temp\PTAM-64bits\build\PTAM.vcxproj" (target "_Midl" depends on it):
     1>Done building target "ComputeMIDLGeneratedCompileInputs" in project "PTAM.vcxproj".
     1>Target "AfterMidl" in file "C:\Program Files (x86)\MSBuild\Microsoft.Cpp\v4.0\V140\Microsoft.CppBuild.targets" from project "C:\workSpace\dev\PTAM64bits\temp\PTAM-64bits\build\PTAM.vcxproj" (target "_Midl" depends on it):
     1>Done building target "AfterMidl" in project "PTAM.vcxproj".
     1>Target "_Midl" in file "C:\Program Files (x86)\MSBuild\Microsoft.Cpp\v4.0\V140\Microsoft.CppBuild.targets" from project "C:\workSpace\dev\PTAM64bits\temp\PTAM-64bits\build\PTAM.vcxproj" (target "_BuildGenerateSourcesAction" depends on it):
     1>Done building target "_Midl" in project "PTAM.vcxproj".
     1>Target "AfterBuildGenerateSources" in file "C:\Program Files (x86)\MSBuild\Microsoft.Cpp\v4.0\V140\Microsoft.BuildSteps.Targets" from project "C:\workSpace\dev\PTAM64bits\temp\PTAM-64bits\build\PTAM.vcxproj" (target "_BuildGenerateSourcesAction" depends on it):
     1>Done building target "AfterBuildGenerateSources" in project "PTAM.vcxproj".
     1>Target "AfterBuildGenerateSourcesEvent" in file "C:\Program Files (x86)\MSBuild\Microsoft.Cpp\v4.0\V140\Microsoft.CppBuild.targets" from project "C:\workSpace\dev\PTAM64bits\temp\PTAM-64bits\build\PTAM.vcxproj" (target "_BuildGenerateSourcesAction" depends on it):
     1>Done building target "AfterBuildGenerateSourcesEvent" in project "PTAM.vcxproj".
     1>Target "_BuildGenerateSourcesAction" in file "C:\Program Files (x86)\MSBuild\Microsoft.Cpp\v4.0\V140\Microsoft.CppBuild.targets" from project "C:\workSpace\dev\PTAM64bits\temp\PTAM-64bits\build\PTAM.vcxproj" (target "BuildGenerateSources" depends on it):
     1>Done building target "_BuildGenerateSourcesAction" in project "PTAM.vcxproj".
     1>Target "BuildGenerateSources" in file "C:\Program Files (x86)\MSBuild\14.0\bin\Microsoft.Common.CurrentVersion.targets" from project "C:\workSpace\dev\PTAM64bits\temp\PTAM-64bits\build\PTAM.vcxproj" (target "Build" depends on it):
     1>Done building target "BuildGenerateSources" in project "PTAM.vcxproj".
       Target "AssignProjectConfiguration" skipped. Previously built successfully.
       Target "_SplitProjectReferencesByFileExistence" skipped. Previously built successfully.
     1>Target "BuildCompileTraverse" in file "C:\Program Files (x86)\MSBuild\14.0\bin\Microsoft.Common.CurrentVersion.targets" from project "C:\workSpace\dev\PTAM64bits\temp\PTAM-64bits\build\PTAM.vcxproj" (target "BuildCompile" depends on it):
       Task "MSBuild" skipped, due to false condition; ('$(BuildPassReferences)' == 'true' and '@(ProjectReferenceWithConfiguration)' != '' and '@(_MSBuildProjectReferenceExistent)' != ''  and '%(_MSBuildProjectReferenceExistent.BuildReference)' == 'true') was evaluated as ('' == 'true' and 'C:/workSpace/dev/PTAM64bits/temp/PTAM-64bits/build/ZERO_CHECK.vcxproj;C:/workSpace/dev/PTAM64bits/temp/PTAM-64bits/build/FAST/FAST.vcxproj;C:/workSpace/dev/PTAM64bits/temp/PTAM-64bits/build/GCVD/GCVD.vcxproj;C:/workSpace/dev/PTAM64bits/temp/PTAM-64bits/build/Persistence/Persistence.vcxproj' != '' and 'C:/workSpace/dev/PTAM64bits/temp/PTAM-64bits/build/ZERO_CHECK.vcxproj;C:/workSpace/dev/PTAM64bits/temp/PTAM-64bits/build/FAST/FAST.vcxproj;C:/workSpace/dev/PTAM64bits/temp/PTAM-64bits/build/GCVD/GCVD.vcxproj;C:/workSpace/dev/PTAM64bits/temp/PTAM-64bits/build/Persistence/Persistence.vcxproj' != ''  and 'true' == 'true').
     1>Done building target "BuildCompileTraverse" in project "PTAM.vcxproj".
       Target "PrepareForBuild" skipped. Previously built successfully.
       Target "ResolveReferences" skipped. Previously built successfully.
     1>Target "BeforeClCompile" in file "C:\Program Files (x86)\MSBuild\Microsoft.Cpp\v4.0\V140\Microsoft.CppBuild.targets" from project "C:\workSpace\dev\PTAM64bits\temp\PTAM-64bits\build\PTAM.vcxproj" (target "_ClCompile" depends on it):
     1>Done building target "BeforeClCompile" in project "PTAM.vcxproj".
       Target "ComputeMIDLGeneratedCompileInputs" skipped. Previously built successfully.
     1>Target "ComputeCLInputPDBName" in file "C:\Program Files (x86)\MSBuild\Microsoft.Cpp\v4.0\V140\Microsoft.CppBuild.targets" from project "C:\workSpace\dev\PTAM64bits\temp\PTAM-64bits\build\PTAM.vcxproj" (target "_ClCompile" depends on it):
     1>Done building target "ComputeCLInputPDBName" in project "PTAM.vcxproj".
       Target "ResolveReferences" skipped. Previously built successfully.
     1>Target "ComputeReferenceCLInput" in file "C:\Program Files (x86)\MSBuild\Microsoft.Cpp\v4.0\V140\Microsoft.CppBuild.targets" from project "C:\workSpace\dev\PTAM64bits\temp\PTAM-64bits\build\PTAM.vcxproj" (target "_ClCompile" depends on it):
       Task "WriteLinesToFile" skipped, due to false condition; (('@(_ReferenceCopyLocalPaths)'!='') and '$(DesignTimeBuild)' != 'true') was evaluated as ((''!='') and '' != 'true').
       Task "Message" skipped, due to false condition; ('$(_REFERENCE_DEBUG)'=='true') was evaluated as (''=='true').
     1>Done building target "ComputeReferenceCLInput" in project "PTAM.vcxproj".
     1>Target "WarnCompileDuplicatedFilename" in file "C:\Program Files (x86)\MSBuild\Microsoft.Cpp\v4.0\V140\Microsoft.CppBuild.targets" from project "C:\workSpace\dev\PTAM64bits\temp\PTAM-64bits\build\PTAM.vcxproj" (target "_ClCompile" depends on it):
       Task "VCMessage" skipped, due to false condition; ('%(ClCompile.ExcludedFromBuild)' != 'true' and '%(Filename)%(Extension)' != '@(ClCompile->'%(Filename)%(Extension)')' and '%(ObjectFileName)' == '@(ClCompile->Metadata(ObjectFileName)->Distinct())') was evaluated as ('' != 'true' and 'additionalUtility.cpp' != 'additionalUtility.cpp' and 'PTAM.dir\Release\' == 'PTAM.dir\Release\').
       Task "VCMessage" skipped, due to false condition; ('%(ClCompile.ExcludedFromBuild)' != 'true' and '%(Filename)%(Extension)' != '@(ClCompile->'%(Filename)%(Extension)')' and '%(ObjectFileName)' == '@(ClCompile->Metadata(ObjectFileName)->Distinct())') was evaluated as ('' != 'true' and 'GLWindowMenu.cpp' != 'GLWindowMenu.cpp' and 'PTAM.dir\Release\' == 'PTAM.dir\Release\').
       Task "VCMessage" skipped, due to false condition; ('%(ClCompile.ExcludedFromBuild)' != 'true' and '%(Filename)%(Extension)' != '@(ClCompile->'%(Filename)%(Extension)')' and '%(ObjectFileName)' == '@(ClCompile->Metadata(ObjectFileName)->Distinct())') was evaluated as ('' != 'true' and 'GLWindow2.cpp' != 'GLWindow2.cpp' and 'PTAM.dir\Release\' == 'PTAM.dir\Release\').
       Task "VCMessage" skipped, due to false condition; ('%(ClCompile.ExcludedFromBuild)' != 'true' and '%(Filename)%(Extension)' != '@(ClCompile->'%(Filename)%(Extension)')' and '%(ObjectFileName)' == '@(ClCompile->Metadata(ObjectFileName)->Distinct())') was evaluated as ('' != 'true' and 'VideoSourceOpenCV.cpp' != 'VideoSourceOpenCV.cpp' and 'PTAM.dir\Release\' == 'PTAM.dir\Release\').
       Task "VCMessage" skipped, due to false condition; ('%(ClCompile.ExcludedFromBuild)' != 'true' and '%(Filename)%(Extension)' != '@(ClCompile->'%(Filename)%(Extension)')' and '%(ObjectFileName)' == '@(ClCompile->Metadata(ObjectFileName)->Distinct())') was evaluated as ('' != 'true' and 'ATANCamera.cpp' != 'ATANCamera.cpp' and 'PTAM.dir\Release\' == 'PTAM.dir\Release\').
       Task "VCMessage" skipped, due to false condition; ('%(ClCompile.ExcludedFromBuild)' != 'true' and '%(Filename)%(Extension)' != '@(ClCompile->'%(Filename)%(Extension)')' and '%(ObjectFileName)' == '@(ClCompile->Metadata(ObjectFileName)->Distinct())') was evaluated as ('' != 'true' and 'main.cpp' != 'main.cpp' and 'PTAM.dir\Release\' == 'PTAM.dir\Release\').
       Task "VCMessage" skipped, due to false condition; ('%(ClCompile.ExcludedFromBuild)' != 'true' and '%(Filename)%(Extension)' != '@(ClCompile->'%(Filename)%(Extension)')' and '%(ObjectFileName)' == '@(ClCompile->Metadata(ObjectFileName)->Distinct())') was evaluated as ('' != 'true' and 'ARDriver.cpp' != 'ARDriver.cpp' and 'PTAM.dir\Release\' == 'PTAM.dir\Release\').
       Task "VCMessage" skipped, due to false condition; ('%(ClCompile.ExcludedFromBuild)' != 'true' and '%(Filename)%(Extension)' != '@(ClCompile->'%(Filename)%(Extension)')' and '%(ObjectFileName)' == '@(ClCompile->Metadata(ObjectFileName)->Distinct())') was evaluated as ('' != 'true' and 'System.cpp' != 'System.cpp' and 'PTAM.dir\Release\' == 'PTAM.dir\Release\').
       Task "VCMessage" skipped, due to false condition; ('%(ClCompile.ExcludedFromBuild)' != 'true' and '%(Filename)%(Extension)' != '@(ClCompile->'%(Filename)%(Extension)')' and '%(ObjectFileName)' == '@(ClCompile->Metadata(ObjectFileName)->Distinct())') was evaluated as ('' != 'true' and 'KeyFrame.cpp' != 'KeyFrame.cpp' and 'PTAM.dir\Release\' == 'PTAM.dir\Release\').
       Task "VCMessage" skipped, due to false condition; ('%(ClCompile.ExcludedFromBuild)' != 'true' and '%(Filename)%(Extension)' != '@(ClCompile->'%(Filename)%(Extension)')' and '%(ObjectFileName)' == '@(ClCompile->Metadata(ObjectFileName)->Distinct())') was evaluated as ('' != 'true' and 'MapPoint.cpp' != 'MapPoint.cpp' and 'PTAM.dir\Release\' == 'PTAM.dir\Release\').
       Task "VCMessage" skipped, due to false condition; ('%(ClCompile.ExcludedFromBuild)' != 'true' and '%(Filename)%(Extension)' != '@(ClCompile->'%(Filename)%(Extension)')' and '%(ObjectFileName)' == '@(ClCompile->Metadata(ObjectFileName)->Distinct())') was evaluated as ('' != 'true' and 'Map.cpp' != 'Map.cpp' and 'PTAM.dir\Release\' == 'PTAM.dir\Release\').
       Task "VCMessage" skipped, due to false condition; ('%(ClCompile.ExcludedFromBuild)' != 'true' and '%(Filename)%(Extension)' != '@(ClCompile->'%(Filename)%(Extension)')' and '%(ObjectFileName)' == '@(ClCompile->Metadata(ObjectFileName)->Distinct())') was evaluated as ('' != 'true' and 'MapViewer.cpp' != 'MapViewer.cpp' and 'PTAM.dir\Release\' == 'PTAM.dir\Release\').
       Task "VCMessage" skipped, due to false condition; ('%(ClCompile.ExcludedFromBuild)' != 'true' and '%(Filename)%(Extension)' != '@(ClCompile->'%(Filename)%(Extension)')' and '%(ObjectFileName)' == '@(ClCompile->Metadata(ObjectFileName)->Distinct())') was evaluated as ('' != 'true' and 'PatchFinder.cpp' != 'PatchFinder.cpp' and 'PTAM.dir\Release\' == 'PTAM.dir\Release\').
       Task "VCMessage" skipped, due to false condition; ('%(ClCompile.ExcludedFromBuild)' != 'true' and '%(Filename)%(Extension)' != '@(ClCompile->'%(Filename)%(Extension)')' and '%(ObjectFileName)' == '@(ClCompile->Metadata(ObjectFileName)->Distinct())') was evaluated as ('' != 'true' and 'MapMaker.cpp' != 'MapMaker.cpp' and 'PTAM.dir\Release\' == 'PTAM.dir\Release\').
       Task "VCMessage" skipped, due to false condition; ('%(ClCompile.ExcludedFromBuild)' != 'true' and '%(Filename)%(Extension)' != '@(ClCompile->'%(Filename)%(Extension)')' and '%(ObjectFileName)' == '@(ClCompile->Metadata(ObjectFileName)->Distinct())') was evaluated as ('' != 'true' and 'Tracker.cpp' != 'Tracker.cpp' and 'PTAM.dir\Release\' == 'PTAM.dir\Release\').
       Task "VCMessage" skipped, due to false condition; ('%(ClCompile.ExcludedFromBuild)' != 'true' and '%(Filename)%(Extension)' != '@(ClCompile->'%(Filename)%(Extension)')' and '%(ObjectFileName)' == '@(ClCompile->Metadata(ObjectFileName)->Distinct())') was evaluated as ('' != 'true' and 'Relocaliser.cpp' != 'Relocaliser.cpp' and 'PTAM.dir\Release\' == 'PTAM.dir\Release\').
       Task "VCMessage" skipped, due to false condition; ('%(ClCompile.ExcludedFromBuild)' != 'true' and '%(Filename)%(Extension)' != '@(ClCompile->'%(Filename)%(Extension)')' and '%(ObjectFileName)' == '@(ClCompile->Metadata(ObjectFileName)->Distinct())') was evaluated as ('' != 'true' and 'HomographyInit.cpp' != 'HomographyInit.cpp' and 'PTAM.dir\Release\' == 'PTAM.dir\Release\').
       Task "VCMessage" skipped, due to false condition; ('%(ClCompile.ExcludedFromBuild)' != 'true' and '%(Filename)%(Extension)' != '@(ClCompile->'%(Filename)%(Extension)')' and '%(ObjectFileName)' == '@(ClCompile->Metadata(ObjectFileName)->Distinct())') was evaluated as ('' != 'true' and 'Bundle.cpp' != 'Bundle.cpp' and 'PTAM.dir\Release\' == 'PTAM.dir\Release\').
       Task "VCMessage" skipped, due to false condition; ('%(ClCompile.ExcludedFromBuild)' != 'true' and '%(Filename)%(Extension)' != '@(ClCompile->'%(Filename)%(Extension)')' and '%(ObjectFileName)' == '@(ClCompile->Metadata(ObjectFileName)->Distinct())') was evaluated as ('' != 'true' and 'MiniPatch.cpp' != 'MiniPatch.cpp' and 'PTAM.dir\Release\' == 'PTAM.dir\Release\').
       Task "VCMessage" skipped, due to false condition; ('%(ClCompile.ExcludedFromBuild)' != 'true' and '%(Filename)%(Extension)' != '@(ClCompile->'%(Filename)%(Extension)')' and '%(ObjectFileName)' == '@(ClCompile->Metadata(ObjectFileName)->Distinct())') was evaluated as ('' != 'true' and 'ShiTomasi.cpp' != 'ShiTomasi.cpp' and 'PTAM.dir\Release\' == 'PTAM.dir\Release\').
       Task "VCMessage" skipped, due to false condition; ('%(ClCompile.ExcludedFromBuild)' != 'true' and '%(Filename)%(Extension)' != '@(ClCompile->'%(Filename)%(Extension)')' and '%(ObjectFileName)' == '@(ClCompile->Metadata(ObjectFileName)->Distinct())') was evaluated as ('' != 'true' and 'SmallBlurryImage.cpp' != 'SmallBlurryImage.cpp' and 'PTAM.dir\Release\' == 'PTAM.dir\Release\').
       Task "VCMessage" skipped, due to false condition; ('%(ClCompile.ExcludedFromBuild)' != 'true' and '%(Filename)%(Extension)' != '@(ClCompile->'%(Filename)%(Extension)')' and '%(ObjectFileName)' == '@(ClCompile->Metadata(ObjectFileName)->Distinct())') was evaluated as ('' != 'true' and 'EyeGame.cpp' != 'EyeGame.cpp' and 'PTAM.dir\Release\' == 'PTAM.dir\Release\').
     1>Done building target "WarnCompileDuplicatedFilename" in project "PTAM.vcxproj".
     1>Target "FixupCLCompileOptions" in file "C:\Program Files (x86)\MSBuild\Microsoft.Cpp\v4.0\V140\Microsoft.CppCommon.targets" from project "C:\workSpace\dev\PTAM64bits\temp\PTAM-64bits\build\PTAM.vcxproj" (target "_ClCompile" depends on it):
     1>Done building target "FixupCLCompileOptions" in project "PTAM.vcxproj".
     1>Target "MakeDirsForCl" in file "C:\Program Files (x86)\MSBuild\Microsoft.Cpp\v4.0\V140\Microsoft.CppBuild.targets" from project "C:\workSpace\dev\PTAM64bits\temp\PTAM-64bits\build\PTAM.vcxproj" (target "_ClCompile" depends on it):
       Task "MakeDir"
       Done executing task "MakeDir".
     1>Done building target "MakeDirsForCl" in project "PTAM.vcxproj".
       Target "_SelectedFiles" skipped. Previously built successfully.
       Target "ComputeMIDLGeneratedCompileInputs" skipped. Previously built successfully.
       Target "ComputeCLInputPDBName" skipped. Previously built successfully.
       Target "ComputeReferenceCLInput" skipped. Previously built successfully.
       Target "WarnCompileDuplicatedFilename" skipped. Previously built successfully.
       Target "FixupCLCompileOptions" skipped. Previously built successfully.
       Target "SelectCustomBuild" skipped. Previously built successfully.
     1>Target "SelectClCompile" in file "C:\Program Files (x86)\MSBuild\Microsoft.Cpp\v4.0\V140\Microsoft.CppBuild.targets" from project "C:\workSpace\dev\PTAM64bits\temp\PTAM-64bits\build\PTAM.vcxproj" (target "ClCompile" depends on it):
     1>Done building target "SelectClCompile" in project "PTAM.vcxproj".
       Target "GenerateTargetFrameworkMonikerAttribute" skipped, due to false condition; ('$(GenerateTargetFrameworkAttribute)' == 'true') was evaluated as ('false' == 'true').
       Target "ManagedIncrementalBuildPreProcessDependencyGraph" skipped, due to false condition; ('@(ClCompile)' != '' and '$(EnableManagedIncrementalBuild)' == 'True') was evaluated as ('C:\workSpace\dev\PTAM64bits\temp\PTAM-64bits\additionalUtility.cpp;C:\workSpace\dev\PTAM64bits\temp\PTAM-64bits\GLWindowMenu.cpp;C:\workSpace\dev\PTAM64bits\temp\PTAM-64bits\GLWindow2.cpp;C:\workSpace\dev\PTAM64bits\temp\PTAM-64bits\VideoSourceOpenCV.cpp;C:\workSpace\dev\PTAM64bits\temp\PTAM-64bits\ATANCamera.cpp;C:\workSpace\dev\PTAM64bits\temp\PTAM-64bits\main.cpp;C:\workSpace\dev\PTAM64bits\temp\PTAM-64bits\ARDriver.cpp;C:\workSpace\dev\PTAM64bits\temp\PTAM-64bits\System.cpp;C:\workSpace\dev\PTAM64bits\temp\PTAM-64bits\KeyFrame.cpp;C:\workSpace\dev\PTAM64bits\temp\PTAM-64bits\MapPoint.cpp;C:\workSpace\dev\PTAM64bits\temp\PTAM-64bits\Map.cpp;C:\workSpace\dev\PTAM64bits\temp\PTAM-64bits\MapViewer.cpp;C:\workSpace\dev\PTAM64bits\temp\PTAM-64bits\PatchFinder.cpp;C:\workSpace\dev\PTAM64bits\temp\PTAM-64bits\MapMaker.cpp;C:\workSpace\dev\PTAM64bits\temp\PTAM-64bits\Tracker.cpp;C:\workSpace\dev\PTAM64bits\temp\PTAM-64bits\Relocaliser.cpp;C:\workSpace\dev\PTAM64bits\temp\PTAM-64bits\HomographyInit.cpp;C:\workSpace\dev\PTAM64bits\temp\PTAM-64bits\Bundle.cpp;C:\workSpace\dev\PTAM64bits\temp\PTAM-64bits\MiniPatch.cpp;C:\workSpace\dev\PTAM64bits\temp\PTAM-64bits\ShiTomasi.cpp;C:\workSpace\dev\PTAM64bits\temp\PTAM-64bits\SmallBlurryImage.cpp;C:\workSpace\dev\PTAM64bits\temp\PTAM-64bits\EyeGame.cpp' != '' and 'false' == 'True').
     1>Target "ClCompile" in file "C:\Program Files (x86)\MSBuild\Microsoft.Cpp\v4.0\V140\Microsoft.CppCommon.targets" from project "C:\workSpace\dev\PTAM64bits\temp\PTAM-64bits\build\PTAM.vcxproj" (target "_ClCompile" depends on it):
       Task "Delete" skipped, due to false condition; ('%(ClCompile.DebugInformationFormat)' != '' and '%(ClCompile.DebugInformationFormat)' != 'None' and '%(ClCompile.DebugInformationFormat)' != 'OldStyle' and '%(ClCompile.ProgramDataBaseFileName)' != '' and !Exists(%(ClCompile.ProgramDataBaseFileName))) was evaluated as ('' != '' and '' != 'None' and '' != 'OldStyle' and 'PTAM.dir\Release\vc140.pdb' != '' and !Exists(PTAM.dir\Release\vc140.pdb)).
       Task "CL" skipped, due to false condition; ('%(ClCompile.PrecompiledHeader)' == 'Create' and '%(ClCompile.ExcludedFromBuild)'!='true' and '%(ClCompile.CompilerIteration)' == '') was evaluated as ('NotUsing' == 'Create' and ''!='true' and '' == '').
       Using "CL" task from assembly "C:\Program Files (x86)\MSBuild\Microsoft.Cpp\v4.0\V140\Microsoft.Build.CppTasks.Common.dll".
       Task "CL"
         Forcing rebuild of all source files due to missing command TLog "C:\workSpace\dev\PTAM64bits\temp\PTAM-64bits\build\PTAM.dir\Release\PTAM.tlog\CL.command.1.tlog".
         Environment Variables passed to tool:
           VS_UNICODE_OUTPUT=836
         C:\Program Files (x86)\Microsoft Visual Studio 14.0\VC\bin\x86_amd64\CL.exe /c /IC:\Mylib\opencv3.1.0_cuda\2501build\install\include /IC:\Mylib\opencv3.1.0_cuda\2501build\install\include\opencv /IC:\workSpace\environment64\pthreads\include /I"C:\workSpace\environment64\glew-2.0.0\include" /IC:\workSpace\environment64\lapack\include /IC:\Mylib\boost_1_60_0 /nologo /W3 /WX- /O2 /Ob2 /D WIN32 /D _WINDOWS /D NDEBUG /D "CMAKE_INTDIR=\"Release\"" /D _MBCS /Gm- /EHsc /MD /GS /fp:precise /Zc:wchar_t /Zc:forScope /Zc:inline /GR /Fo"PTAM.dir\Release\\" /Fd"PTAM.dir\Release\vc140.pdb" /Gd /TP /errorReport:prompt "C:\workSpace\dev\PTAM64bits\temp\PTAM-64bits\additionalUtility.cpp" "C:\workSpace\dev\PTAM64bits\temp\PTAM-64bits\GLWindowMenu.cpp" "C:\workSpace\dev\PTAM64bits\temp\PTAM-64bits\GLWindow2.cpp" "C:\workSpace\dev\PTAM64bits\temp\PTAM-64bits\VideoSourceOpenCV.cpp" "C:\workSpace\dev\PTAM64bits\temp\PTAM-64bits\ATANCamera.cpp" "C:\workSpace\dev\PTAM64bits\temp\PTAM-64bits\main.cpp" "C:\workSpace\dev\PTAM64bits\temp\PTAM-64bits\ARDriver.cpp" "C:\workSpace\dev\PTAM64bits\temp\PTAM-64bits\System.cpp" "C:\workSpace\dev\PTAM64bits\temp\PTAM-64bits\KeyFrame.cpp" "C:\workSpace\dev\PTAM64bits\temp\PTAM-64bits\MapPoint.cpp" "C:\workSpace\dev\PTAM64bits\temp\PTAM-64bits\Map.cpp" "C:\workSpace\dev\PTAM64bits\temp\PTAM-64bits\MapViewer.cpp" "C:\workSpace\dev\PTAM64bits\temp\PTAM-64bits\PatchFinder.cpp" "C:\workSpace\dev\PTAM64bits\temp\PTAM-64bits\MapMaker.cpp" "C:\workSpace\dev\PTAM64bits\temp\PTAM-64bits\Tracker.cpp" "C:\workSpace\dev\PTAM64bits\temp\PTAM-64bits\Relocaliser.cpp" "C:\workSpace\dev\PTAM64bits\temp\PTAM-64bits\HomographyInit.cpp" "C:\workSpace\dev\PTAM64bits\temp\PTAM-64bits\Bundle.cpp" "C:\workSpace\dev\PTAM64bits\temp\PTAM-64bits\MiniPatch.cpp" "C:\workSpace\dev\PTAM64bits\temp\PTAM-64bits\ShiTomasi.cpp" "C:\workSpace\dev\PTAM64bits\temp\PTAM-64bits\SmallBlurryImage.cpp" "C:\workSpace\dev\PTAM64bits\temp\PTAM-64bits\EyeGame.cpp"
         Tracking command:
         C:\Program Files (x86)\MSBuild\14.0\bin\Tracker.exe /d "C:\Program Files (x86)\MSBuild\14.0\bin\FileTracker32.dll" /i C:\workSpace\dev\PTAM64bits\temp\PTAM-64bits\build\PTAM.dir\Release\PTAM.tlog /r "C:\WORKSPACE\DEV\PTAM64BITS\TEMP\PTAM-64BITS\ADDITIONALUTILITY.CPP|C:\WORKSPACE\DEV\PTAM64BITS\TEMP\PTAM-64BITS\ARDRIVER.CPP|C:\WORKSPACE\DEV\PTAM64BITS\TEMP\PTAM-64BITS\ATANCAMERA.CPP|C:\WORKSPACE\DEV\PTAM64BITS\TEMP\PTAM-64BITS\BUNDLE.CPP|C:\WORKSPACE\DEV\PTAM64BITS\TEMP\PTAM-64BITS\EYEGAME.CPP|C:\WORKSPACE\DEV\PTAM64BITS\TEMP\PTAM-64BITS\GLWINDOW2.CPP|C:\WORKSPACE\DEV\PTAM64BITS\TEMP\PTAM-64BITS\GLWINDOWMENU.CPP|C:\WORKSPACE\DEV\PTAM64BITS\TEMP\PTAM-64BITS\HOMOGRAPHYINIT.CPP|C:\WORKSPACE\DEV\PTAM64BITS\TEMP\PTAM-64BITS\KEYFRAME.CPP|C:\WORKSPACE\DEV\PTAM64BITS\TEMP\PTAM-64BITS\MAIN.CPP|C:\WORKSPACE\DEV\PTAM64BITS\TEMP\PTAM-64BITS\MAP.CPP|C:\WORKSPACE\DEV\PTAM64BITS\TEMP\PTAM-64BITS\MAPMAKER.CPP|C:\WORKSPACE\DEV\PTAM64BITS\TEMP\PTAM-64BITS\MAPPOINT.CPP|C:\WORKSPACE\DEV\PTAM64BITS\TEMP\PTAM-64BITS\MAPVIEWER.CPP|C:\WORKSPACE\DEV\PTAM64BITS\TEMP\PTAM-64BITS\MINIPATCH.CPP|C:\WORKSPACE\DEV\PTAM64BITS\TEMP\PTAM-64BITS\PATCHFINDER.CPP|C:\WORKSPACE\DEV\PTAM64BITS\TEMP\PTAM-64BITS\RELOCALISER.CPP|C:\WORKSPACE\DEV\PTAM64BITS\TEMP\PTAM-64BITS\SHITOMASI.CPP|C:\WORKSPACE\DEV\PTAM64BITS\TEMP\PTAM-64BITS\SMALLBLURRYIMAGE.CPP|C:\WORKSPACE\DEV\PTAM64BITS\TEMP\PTAM-64BITS\SYSTEM.CPP|C:\WORKSPACE\DEV\PTAM64BITS\TEMP\PTAM-64BITS\TRACKER.CPP|C:\WORKSPACE\DEV\PTAM64BITS\TEMP\PTAM-64BITS\VIDEOSOURCEOPENCV.CPP" /b MSBuildConsole_CancelEvent4053fbadca5b46179907f0d6fad053b5  /c "C:\Program Files (x86)\Microsoft Visual Studio 14.0\VC\bin\x86_amd64\CL.exe"  /c /IC:\Mylib\opencv3.1.0_cuda\2501build\install\include /IC:\Mylib\opencv3.1.0_cuda\2501build\install\include\opencv /IC:\workSpace\environment64\pthreads\include /I"C:\workSpace\environment64\glew-2.0.0\include" /IC:\workSpace\environment64\lapack\include /IC:\Mylib\boost_1_60_0 /nologo /W3 /WX- /O2 /Ob2 /D WIN32 /D _WINDOWS /D NDEBUG /D "CMAKE_INTDIR=\"Release\"" /D _MBCS /Gm- /EHsc /MD /GS /fp:precise /Zc:wchar_t /Zc:forScope /Zc:inline /GR /Fo"PTAM.dir\Release\\" /Fd"PTAM.dir\Release\vc140.pdb" /Gd /TP /errorReport:prompt "C:\workSpace\dev\PTAM64bits\temp\PTAM-64bits\additionalUtility.cpp" "C:\workSpace\dev\PTAM64bits\temp\PTAM-64bits\GLWindowMenu.cpp" "C:\workSpace\dev\PTAM64bits\temp\PTAM-64bits\GLWindow2.cpp" "C:\workSpace\dev\PTAM64bits\temp\PTAM-64bits\VideoSourceOpenCV.cpp" "C:\workSpace\dev\PTAM64bits\temp\PTAM-64bits\ATANCamera.cpp" "C:\workSpace\dev\PTAM64bits\temp\PTAM-64bits\main.cpp" "C:\workSpace\dev\PTAM64bits\temp\PTAM-64bits\ARDriver.cpp" "C:\workSpace\dev\PTAM64bits\temp\PTAM-64bits\System.cpp" "C:\workSpace\dev\PTAM64bits\temp\PTAM-64bits\KeyFrame.cpp" "C:\workSpace\dev\PTAM64bits\temp\PTAM-64bits\MapPoint.cpp" "C:\workSpace\dev\PTAM64bits\temp\PTAM-64bits\Map.cpp" "C:\workSpace\dev\PTAM64bits\temp\PTAM-64bits\MapViewer.cpp" "C:\workSpace\dev\PTAM64bits\temp\PTAM-64bits\PatchFinder.cpp" "C:\workSpace\dev\PTAM64bits\temp\PTAM-64bits\MapMaker.cpp" "C:\workSpace\dev\PTAM64bits\temp\PTAM-64bits\Tracker.cpp" "C:\workSpace\dev\PTAM64bits\temp\PTAM-64bits\Relocaliser.cpp" "C:\workSpace\dev\PTAM64bits\temp\PTAM-64bits\HomographyInit.cpp" "C:\workSpace\dev\PTAM64bits\temp\PTAM-64bits\Bundle.cpp" "C:\workSpace\dev\PTAM64bits\temp\PTAM-64bits\MiniPatch.cpp" "C:\workSpace\dev\PTAM64bits\temp\PTAM-64bits\ShiTomasi.cpp" "C:\workSpace\dev\PTAM64bits\temp\PTAM-64bits\SmallBlurryImage.cpp" "C:\workSpace\dev\PTAM64bits\temp\PTAM-64bits\EyeGame.cpp"
         additionalUtility.cpp
     1>C:\Mylib\opencv3.1.0_cuda\2501build\install\include\opencv2/core/mat.hpp(1965): warning C4819: The file contains a character that cannot be represented in the current code page (932). Save the file in Unicode format to prevent data loss
     1>C:\Mylib\opencv3.1.0_cuda\2501build\install\include\opencv2/core/persistence.hpp : warning C4819: The file contains a character that cannot be represented in the current code page (932). Save the file in Unicode format to prevent data loss
     1>C:\Mylib\opencv3.1.0_cuda\2501build\install\include\opencv2/core/utility.hpp : warning C4819: The file contains a character that cannot be represented in the current code page (932). Save the file in Unicode format to prevent data loss
     1>C:\Mylib\opencv3.1.0_cuda\2501build\install\include\opencv2/core/utility.hpp : warning C4819: The file contains a character that cannot be represented in the current code page (932). Save the file in Unicode format to prevent data loss
         GLWindowMenu.cpp
     1>C:\Mylib\opencv3.1.0_cuda\2501build\install\include\opencv2/core/mat.hpp(1965): warning C4819: The file contains a character that cannot be represented in the current code page (932). Save the file in Unicode format to prevent data loss
     1>C:\Mylib\opencv3.1.0_cuda\2501build\install\include\opencv2/core/persistence.hpp : warning C4819: The file contains a character that cannot be represented in the current code page (932). Save the file in Unicode format to prevent data loss
     1>C:\Mylib\opencv3.1.0_cuda\2501build\install\include\opencv2/core/utility.hpp : warning C4819: The file contains a character that cannot be represented in the current code page (932). Save the file in Unicode format to prevent data loss
     1>C:\Mylib\opencv3.1.0_cuda\2501build\install\include\opencv2/core/utility.hpp : warning C4819: The file contains a character that cannot be represented in the current code page (932). Save the file in Unicode format to prevent data loss
     1>C:\workSpace\dev\PTAM64bits\temp\PTAM-64bits\GLWindowMenu.cpp(177): warning C4267: '=': conversion from 'size_t' to 'int', possible loss of data
         GLWindow2.cpp
     1>C:\Mylib\opencv3.1.0_cuda\2501build\install\include\opencv2/core/mat.hpp(1965): warning C4819: The file contains a character that cannot be represented in the current code page (932). Save the file in Unicode format to prevent data loss
     1>C:\Mylib\opencv3.1.0_cuda\2501build\install\include\opencv2/core/persistence.hpp : warning C4819: The file contains a character that cannot be represented in the current code page (932). Save the file in Unicode format to prevent data loss
     1>C:\Mylib\opencv3.1.0_cuda\2501build\install\include\opencv2/core/utility.hpp : warning C4819: The file contains a character that cannot be represented in the current code page (932). Save the file in Unicode format to prevent data loss
     1>C:\Mylib\opencv3.1.0_cuda\2501build\install\include\opencv2/core/utility.hpp : warning C4819: The file contains a character that cannot be represented in the current code page (932). Save the file in Unicode format to prevent data loss
     1>c:\workspace\dev\ptam64bits\temp\ptam-64bits\GCVD/GLHelpers.h(466): warning C4267: 'argument': conversion from 'size_t' to 'GLint', possible loss of data
     1>c:\workspace\dev\ptam64bits\temp\ptam-64bits\GCVD/GLHelpers.h(486): warning C4267: 'argument': conversion from 'size_t' to 'GLint', possible loss of data
     1>c:\workspace\dev\ptam64bits\temp\ptam-64bits\GCVD/GLHelpers.h(539): warning C4267: 'argument': conversion from 'size_t' to 'GLint', possible loss of data
     1>c:\workspace\dev\ptam64bits\temp\ptam-64bits\GCVD/GLHelpers.h(551): warning C4267: 'argument': conversion from 'size_t' to 'GLint', possible loss of data
     1>c:\workspace\dev\ptam64bits\temp\ptam-64bits\GCVD/GLHelpers.h(567): warning C4267: 'argument': conversion from 'size_t' to 'GLint', possible loss of data
     1>C:\workSpace\dev\PTAM64bits\temp\PTAM-64bits\GLWindow2.cpp(132): warning C4244: 'argument': conversion from 'double' to 'GLfloat', possible loss of data
     1>C:\workSpace\dev\PTAM64bits\temp\PTAM-64bits\GLWindow2.cpp(144): warning C4244: 'argument': conversion from 'int' to 'GLfloat', possible loss of data
     1>C:\workSpace\dev\PTAM64bits\temp\PTAM-64bits\GLWindow2.cpp(176): warning C4305: 'argument': truncation from 'double' to 'GLfloat'
         VideoSourceOpenCV.cpp
     1>C:\Mylib\opencv3.1.0_cuda\2501build\install\include\opencv2/core/mat.hpp(1965): warning C4819: The file contains a character that cannot be represented in the current code page (932). Save the file in Unicode format to prevent data loss
     1>C:\Mylib\opencv3.1.0_cuda\2501build\install\include\opencv2/core/persistence.hpp : warning C4819: The file contains a character that cannot be represented in the current code page (932). Save the file in Unicode format to prevent data loss
     1>C:\Mylib\opencv3.1.0_cuda\2501build\install\include\opencv2/core/utility.hpp : warning C4819: The file contains a character that cannot be represented in the current code page (932). Save the file in Unicode format to prevent data loss
     1>C:\Mylib\opencv3.1.0_cuda\2501build\install\include\opencv2/core/utility.hpp : warning C4819: The file contains a character that cannot be represented in the current code page (932). Save the file in Unicode format to prevent data loss
         ATANCamera.cpp
     1>C:\Mylib\opencv3.1.0_cuda\2501build\install\include\opencv2/core/mat.hpp(1965): warning C4819: The file contains a character that cannot be represented in the current code page (932). Save the file in Unicode format to prevent data loss
     1>C:\Mylib\opencv3.1.0_cuda\2501build\install\include\opencv2/core/persistence.hpp : warning C4819: The file contains a character that cannot be represented in the current code page (932). Save the file in Unicode format to prevent data loss
     1>C:\Mylib\opencv3.1.0_cuda\2501build\install\include\opencv2/core/utility.hpp : warning C4819: The file contains a character that cannot be represented in the current code page (932). Save the file in Unicode format to prevent data loss
     1>C:\Mylib\opencv3.1.0_cuda\2501build\install\include\opencv2/core/utility.hpp : warning C4819: The file contains a character that cannot be represented in the current code page (932). Save the file in Unicode format to prevent data loss
         main.cpp
     1>C:\Mylib\opencv3.1.0_cuda\2501build\install\include\opencv2/core/mat.hpp(1965): warning C4819: The file contains a character that cannot be represented in the current code page (932). Save the file in Unicode format to prevent data loss
     1>C:\Mylib\opencv3.1.0_cuda\2501build\install\include\opencv2/core/persistence.hpp : warning C4819: The file contains a character that cannot be represented in the current code page (932). Save the file in Unicode format to prevent data loss
     1>C:\Mylib\opencv3.1.0_cuda\2501build\install\include\opencv2/core/utility.hpp : warning C4819: The file contains a character that cannot be represented in the current code page (932). Save the file in Unicode format to prevent data loss
     1>C:\Mylib\opencv3.1.0_cuda\2501build\install\include\opencv2/core/utility.hpp : warning C4819: The file contains a character that cannot be represented in the current code page (932). Save the file in Unicode format to prevent data loss
     1>C:\workSpace\dev\PTAM64bits\temp\PTAM-64bits\main.cpp(29): error C3867: 'cv::Exception::what': non-standard syntax; use '&' to create a pointer to member
         ARDriver.cpp
     1>C:\Mylib\opencv3.1.0_cuda\2501build\install\include\opencv2/core/mat.hpp(1965): warning C4819: The file contains a character that cannot be represented in the current code page (932). Save the file in Unicode format to prevent data loss
     1>C:\Mylib\opencv3.1.0_cuda\2501build\install\include\opencv2/core/persistence.hpp : warning C4819: The file contains a character that cannot be represented in the current code page (932). Save the file in Unicode format to prevent data loss
     1>C:\Mylib\opencv3.1.0_cuda\2501build\install\include\opencv2/core/utility.hpp : warning C4819: The file contains a character that cannot be represented in the current code page (932). Save the file in Unicode format to prevent data loss
     1>C:\Mylib\opencv3.1.0_cuda\2501build\install\include\opencv2/core/utility.hpp : warning C4819: The file contains a character that cannot be represented in the current code page (932). Save the file in Unicode format to prevent data loss
     1>c:\workspace\dev\ptam64bits\temp\ptam-64bits\gcvd\SO3.h(51): warning C4396: 'RigidTransforms::operator >>': the inline specifier cannot be used when a friend declaration refers to a specialization of a function template
         c:\workspace\dev\ptam64bits\temp\ptam-64bits\GCVD/SE3.h(34): note: see reference to class template instantiation 'RigidTransforms::SO3<Precision>' being compiled
                 with
                 [
                     Precision=float
                 ]
         c:\workspace\dev\ptam64bits\temp\ptam-64bits\EyeGame.h(32): note: see reference to class template instantiation 'RigidTransforms::SE3<float>' being compiled
     1>c:\workspace\dev\ptam64bits\temp\ptam-64bits\gcvd\SO3.h(52): warning C4396: 'RigidTransforms::operator >>': the inline specifier cannot be used when a friend declaration refers to a specialization of a function template
     1>c:\workspace\dev\ptam64bits\temp\ptam-64bits\GCVD/GLHelpers.h(466): warning C4267: 'argument': conversion from 'size_t' to 'GLint', possible loss of data
     1>c:\workspace\dev\ptam64bits\temp\ptam-64bits\GCVD/GLHelpers.h(486): warning C4267: 'argument': conversion from 'size_t' to 'GLint', possible loss of data
     1>c:\workspace\dev\ptam64bits\temp\ptam-64bits\GCVD/GLHelpers.h(539): warning C4267: 'argument': conversion from 'size_t' to 'GLint', possible loss of data
     1>c:\workspace\dev\ptam64bits\temp\ptam-64bits\GCVD/GLHelpers.h(551): warning C4267: 'argument': conversion from 'size_t' to 'GLint', possible loss of data
     1>c:\workspace\dev\ptam64bits\temp\ptam-64bits\GCVD/GLHelpers.h(567): warning C4267: 'argument': conversion from 'size_t' to 'GLint', possible loss of data
     1>C:\workSpace\dev\PTAM64bits\temp\PTAM-64bits\ARDriver.cpp(99): error C2039: 'x': is not a member of 'cv::Size_<int>'
         C:\Mylib\opencv3.1.0_cuda\2501build\install\include\opencv2/core/types.hpp(305): note: see declaration of 'cv::Size_<int>'
     1>C:\workSpace\dev\PTAM64bits\temp\PTAM-64bits\ARDriver.cpp(99): error C2039: 'y': is not a member of 'cv::Size_<int>'
         C:\Mylib\opencv3.1.0_cuda\2501build\install\include\opencv2/core/types.hpp(305): note: see declaration of 'cv::Size_<int>'
     1>C:\workSpace\dev\PTAM64bits\temp\PTAM-64bits\ARDriver.cpp(100): error C2660: 'glTexImage2D': function does not take 7 arguments
     1>C:\workSpace\dev\PTAM64bits\temp\PTAM-64bits\ARDriver.cpp(107): error C2039: 'x': is not a member of 'cv::Size_<int>'
         C:\Mylib\opencv3.1.0_cuda\2501build\install\include\opencv2/core/types.hpp(305): note: see declaration of 'cv::Size_<int>'
     1>C:\workSpace\dev\PTAM64bits\temp\PTAM-64bits\ARDriver.cpp(107): error C2039: 'y': is not a member of 'cv::Size_<int>'
         C:\Mylib\opencv3.1.0_cuda\2501build\install\include\opencv2/core/types.hpp(305): note: see declaration of 'cv::Size_<int>'
     1>C:\workSpace\dev\PTAM64bits\temp\PTAM-64bits\ARDriver.cpp(107): error C2198: 'PFNGLRENDERBUFFERSTORAGEEXTPROC': too few arguments for call
     1>C:\workSpace\dev\PTAM64bits\temp\PTAM-64bits\ARDriver.cpp(242): warning C4244: 'argument': conversion from 'double' to 'GLfloat', possible loss of data
         System.cpp
     1>C:\Mylib\opencv3.1.0_cuda\2501build\install\include\opencv2/core/mat.hpp(1965): warning C4819: The file contains a character that cannot be represented in the current code page (932). Save the file in Unicode format to prevent data loss
     1>C:\Mylib\opencv3.1.0_cuda\2501build\install\include\opencv2/core/persistence.hpp : warning C4819: The file contains a character that cannot be represented in the current code page (932). Save the file in Unicode format to prevent data loss
     1>C:\Mylib\opencv3.1.0_cuda\2501build\install\include\opencv2/core/utility.hpp : warning C4819: The file contains a character that cannot be represented in the current code page (932). Save the file in Unicode format to prevent data loss
     1>C:\Mylib\opencv3.1.0_cuda\2501build\install\include\opencv2/core/utility.hpp : warning C4819: The file contains a character that cannot be represented in the current code page (932). Save the file in Unicode format to prevent data loss
     1>c:\workspace\dev\ptam64bits\temp\ptam-64bits\Map.h(23): warning C4099: 'Map': type name first seen using 'class' now seen using 'struct'
         c:\workspace\dev\ptam64bits\temp\ptam-64bits\Map.h(22): note: see declaration of 'Map'
     1>c:\workspace\dev\ptam64bits\temp\ptam-64bits\Map.h(31): error C2027: use of undefined type 'MapPoint'
         c:\workspace\dev\ptam64bits\temp\ptam-64bits\Map.h(19): note: see declaration of 'MapPoint'
     1>c:\workspace\dev\ptam64bits\temp\ptam-64bits\Map.h(31): error C2065: 'Ptr': undeclared identifier
     1>c:\workspace\dev\ptam64bits\temp\ptam-64bits\Map.h(31): error C2923: 'std::vector': 'Ptr' is not a valid template type argument for parameter '_Ty'
     1>c:\workspace\dev\ptam64bits\temp\ptam-64bits\Map.h(31): error C3203: 'allocator': unspecialized class template can't be used as a template argument for template parameter '_Alloc', expected a real type
     1>c:\workspace\dev\ptam64bits\temp\ptam-64bits\Map.h(32): error C2027: use of undefined type 'MapPoint'
         c:\workspace\dev\ptam64bits\temp\ptam-64bits\Map.h(19): note: see declaration of 'MapPoint'
     1>c:\workspace\dev\ptam64bits\temp\ptam-64bits\Map.h(32): error C2065: 'Ptr': undeclared identifier
     1>c:\workspace\dev\ptam64bits\temp\ptam-64bits\Map.h(32): error C2923: 'std::vector': 'Ptr' is not a valid template type argument for parameter '_Ty'
     1>c:\workspace\dev\ptam64bits\temp\ptam-64bits\Map.h(32): error C3203: 'allocator': unspecialized class template can't be used as a template argument for template parameter '_Alloc', expected a real type
     1>c:\workspace\dev\ptam64bits\temp\ptam-64bits\Map.h(33): error C2027: use of undefined type 'KeyFrame'
         c:\workspace\dev\ptam64bits\temp\ptam-64bits\Map.h(20): note: see declaration of 'KeyFrame'
     1>c:\workspace\dev\ptam64bits\temp\ptam-64bits\Map.h(33): error C2065: 'Ptr': undeclared identifier
     1>c:\workspace\dev\ptam64bits\temp\ptam-64bits\Map.h(33): error C2923: 'std::vector': 'Ptr' is not a valid template type argument for parameter '_Ty'
     1>c:\workspace\dev\ptam64bits\temp\ptam-64bits\Map.h(33): error C3203: 'allocator': unspecialized class template can't be used as a template argument for template parameter '_Alloc', expected a real type
     1>c:\workspace\dev\ptam64bits\temp\ptam-64bits\Map.h(36): warning C4624: 'Map': destructor was implicitly defined as deleted
     1>c:\workspace\dev\ptam64bits\temp\ptam-64bits\KeyFrame.h(22): warning C4099: 'MapPoint': type name first seen using 'struct' now seen using 'class'
         c:\workspace\dev\ptam64bits\temp\ptam-64bits\Map.h(19): note: see declaration of 'MapPoint'
     1>c:\workspace\dev\ptam64bits\temp\ptam-64bits\gcvd\SO3.h(51): warning C4396: 'RigidTransforms::operator >>': the inline specifier cannot be used when a friend declaration refers to a specialization of a function template
         c:\workspace\dev\ptam64bits\temp\ptam-64bits\GCVD/SE3.h(34): note: see reference to class template instantiation 'RigidTransforms::SO3<Precision>' being compiled
                 with
                 [
                     Precision=float
                 ]
         c:\workspace\dev\ptam64bits\temp\ptam-64bits\KeyFrame.h(78): note: see reference to class template instantiation 'RigidTransforms::SE3<float>' being compiled
     1>c:\workspace\dev\ptam64bits\temp\ptam-64bits\gcvd\SO3.h(52): warning C4396: 'RigidTransforms::operator >>': the inline specifier cannot be used when a friend declaration refers to a specialization of a function template
     1>c:\workspace\dev\ptam64bits\temp\ptam-64bits\MapMaker.h(33): warning C4267: 'return': conversion from 'size_t' to 'int', possible loss of data
     1>c:\workspace\dev\ptam64bits\temp\ptam-64bits\MapMaker.h(88): error C2027: use of undefined type 'MapPoint'
         c:\workspace\dev\ptam64bits\temp\ptam-64bits\KeyFrame.h(22): note: see declaration of 'MapPoint'
     1>c:\workspace\dev\ptam64bits\temp\ptam-64bits\MapMaker.h(88): error C2065: 'Ptr': undeclared identifier
     1>c:\workspace\dev\ptam64bits\temp\ptam-64bits\MapMaker.h(88): error C2923: 'std::set': 'Ptr' is not a valid template type argument for parameter '_Kty'
     1>c:\workspace\dev\ptam64bits\temp\ptam-64bits\MapMaker.h(88): error C3203: 'less': unspecialized class template can't be used as a template argument for template parameter '_Pr', expected a real type
     1>c:\workspace\dev\ptam64bits\temp\ptam-64bits\MapMaker.h(88): error C3203: 'allocator': unspecialized class template can't be used as a template argument for template parameter '_Alloc', expected a real type
     1>c:\workspace\dev\ptam64bits\temp\ptam-64bits\MapMaker.h(97): error C2027: use of undefined type 'MapPoint'
         c:\workspace\dev\ptam64bits\temp\ptam-64bits\KeyFrame.h(22): note: see declaration of 'MapPoint'
     1>c:\workspace\dev\ptam64bits\temp\ptam-64bits\MapMaker.h(97): error C2061: syntax error: identifier 'Ptr'
     1>c:\workspace\dev\ptam64bits\temp\ptam-64bits\MapMaker.h(119): error C2027: use of undefined type 'MapPoint'
         c:\workspace\dev\ptam64bits\temp\ptam-64bits\KeyFrame.h(22): note: see declaration of 'MapPoint'
     1>c:\workspace\dev\ptam64bits\temp\ptam-64bits\MapMaker.h(119): error C2065: 'Ptr': undeclared identifier
     1>c:\workspace\dev\ptam64bits\temp\ptam-64bits\MapMaker.h(119): error C2923: 'std::pair': 'Ptr' is not a valid template type argument for parameter '_Ty2'
     1>c:\workspace\dev\ptam64bits\temp\ptam-64bits\MapMaker.h(119): error C3203: 'pair': unspecialized class template can't be used as a template argument for template parameter '_Ty', expected a real type
     1>c:\workspace\dev\ptam64bits\temp\ptam-64bits\MapMaker.h(120): error C2027: use of undefined type 'MapPoint'
         c:\workspace\dev\ptam64bits\temp\ptam-64bits\KeyFrame.h(22): note: see declaration of 'MapPoint'
     1>c:\workspace\dev\ptam64bits\temp\ptam-64bits\MapMaker.h(120): error C2065: 'Ptr': undeclared identifier
     1>c:\workspace\dev\ptam64bits\temp\ptam-64bits\MapMaker.h(120): error C2923: 'std::queue': 'Ptr' is not a valid template type argument for parameter '_Ty'
     1>c:\workspace\dev\ptam64bits\temp\ptam-64bits\MapMaker.h(120): error C3203: 'deque': unspecialized class template can't be used as a template argument for template parameter '_Container', expected a real type
     1>c:\workspace\dev\ptam64bits\temp\ptam-64bits\MapMaker.h(57): warning C4267: 'return': conversion from 'size_t' to 'int', possible loss of data
     1>c:\workspace\dev\ptam64bits\temp\ptam-64bits\gcvd\SO2.h(27): warning C4396: 'RigidTransforms::operator >>': the inline specifier cannot be used when a friend declaration refers to a specialization of a function template
         c:\workspace\dev\ptam64bits\temp\ptam-64bits\GCVD/SE2.h(33): note: see reference to class template instantiation 'RigidTransforms::SO2<Precision>' being compiled
                 with
                 [
                     Precision=double
                 ]
         c:\workspace\dev\ptam64bits\temp\ptam-64bits\Relocaliser.h(30): note: see reference to class template instantiation 'RigidTransforms::SE2<double>' being compiled
     1>c:\workspace\dev\ptam64bits\temp\ptam-64bits\gcvd\SO2.h(28): warning C4396: 'RigidTransforms::operator >>': the inline specifier cannot be used when a friend declaration refers to a specialization of a function template
     1>c:\workspace\dev\ptam64bits\temp\ptam-64bits\Tracker.h(81): error C2027: use of undefined type 'TrackerData'
         c:\workspace\dev\ptam64bits\temp\ptam-64bits\Tracker.h(30): note: see declaration of 'TrackerData'
     1>c:\workspace\dev\ptam64bits\temp\ptam-64bits\Tracker.h(81): error C2065: 'Ptr': undeclared identifier
     1>c:\workspace\dev\ptam64bits\temp\ptam-64bits\Tracker.h(81): error C2923: 'std::vector': 'Ptr' is not a valid template type argument for parameter '_Ty'
     1>c:\workspace\dev\ptam64bits\temp\ptam-64bits\Tracker.h(81): error C3203: 'allocator': unspecialized class template can't be used as a template argument for template parameter '_Alloc', expected a real type
     1>c:\workspace\dev\ptam64bits\temp\ptam-64bits\Tracker.h(84): error C2027: use of undefined type 'TrackerData'
         c:\workspace\dev\ptam64bits\temp\ptam-64bits\Tracker.h(30): note: see declaration of 'TrackerData'
     1>c:\workspace\dev\ptam64bits\temp\ptam-64bits\Tracker.h(84): error C2065: 'Ptr': undeclared identifier
     1>c:\workspace\dev\ptam64bits\temp\ptam-64bits\Tracker.h(84): error C2923: 'std::vector': 'Ptr' is not a valid template type argument for parameter '_Ty'
     1>c:\workspace\dev\ptam64bits\temp\ptam-64bits\Tracker.h(84): error C3203: 'allocator': unspecialized class template can't be used as a template argument for template parameter '_Alloc', expected a real type
     1>c:\workspace\dev\ptam64bits\temp\ptam-64bits\MapViewer.h(15): warning C4099: 'Map': type name first seen using 'struct' now seen using 'class'
         c:\workspace\dev\ptam64bits\temp\ptam-64bits\Map.h(23): note: see declaration of 'Map'
     1>C:\workSpace\dev\PTAM64bits\temp\PTAM-64bits\System.cpp(27): warning C4390: ';': empty controlled statement found; is this the intent?
         KeyFrame.cpp
     1>C:\Mylib\opencv3.1.0_cuda\2501build\install\include\opencv2/core/mat.hpp(1965): warning C4819: The file contains a character that cannot be represented in the current code page (932). Save the file in Unicode format to prevent data loss
     1>C:\Mylib\opencv3.1.0_cuda\2501build\install\include\opencv2/core/persistence.hpp : warning C4819: The file contains a character that cannot be represented in the current code page (932). Save the file in Unicode format to prevent data loss
     1>C:\Mylib\opencv3.1.0_cuda\2501build\install\include\opencv2/core/utility.hpp : warning C4819: The file contains a character that cannot be represented in the current code page (932). Save the file in Unicode format to prevent data loss
     1>C:\Mylib\opencv3.1.0_cuda\2501build\install\include\opencv2/core/utility.hpp : warning C4819: The file contains a character that cannot be represented in the current code page (932). Save the file in Unicode format to prevent data loss
     1>c:\workspace\dev\ptam64bits\temp\ptam-64bits\gcvd\SO3.h(51): warning C4396: 'RigidTransforms::operator >>': the inline specifier cannot be used when a friend declaration refers to a specialization of a function template
         c:\workspace\dev\ptam64bits\temp\ptam-64bits\GCVD/SE3.h(34): note: see reference to class template instantiation 'RigidTransforms::SO3<Precision>' being compiled
                 with
                 [
                     Precision=float
                 ]
         c:\workspace\dev\ptam64bits\temp\ptam-64bits\KeyFrame.h(78): note: see reference to class template instantiation 'RigidTransforms::SE3<float>' being compiled
     1>c:\workspace\dev\ptam64bits\temp\ptam-64bits\gcvd\SO3.h(52): warning C4396: 'RigidTransforms::operator >>': the inline specifier cannot be used when a friend declaration refers to a specialization of a function template
     1>C:\workSpace\dev\PTAM64bits\temp\PTAM-64bits\KeyFrame.cpp(63): error C2065: 'SILENT': undeclared identifier
         MapPoint.cpp
     1>C:\Mylib\opencv3.1.0_cuda\2501build\install\include\opencv2/core/mat.hpp(1965): warning C4819: The file contains a character that cannot be represented in the current code page (932). Save the file in Unicode format to prevent data loss
     1>C:\Mylib\opencv3.1.0_cuda\2501build\install\include\opencv2/core/persistence.hpp : warning C4819: The file contains a character that cannot be represented in the current code page (932). Save the file in Unicode format to prevent data loss
     1>C:\Mylib\opencv3.1.0_cuda\2501build\install\include\opencv2/core/utility.hpp : warning C4819: The file contains a character that cannot be represented in the current code page (932). Save the file in Unicode format to prevent data loss
     1>C:\Mylib\opencv3.1.0_cuda\2501build\install\include\opencv2/core/utility.hpp : warning C4819: The file contains a character that cannot be represented in the current code page (932). Save the file in Unicode format to prevent data loss
     1>c:\workspace\dev\ptam64bits\temp\ptam-64bits\PatchFinder.h(55): error C2653: 'MapPoint': is not a class or namespace name
     1>c:\workspace\dev\ptam64bits\temp\ptam-64bits\PatchFinder.h(55): error C2061: syntax error: identifier 'Ptr'
     1>c:\workspace\dev\ptam64bits\temp\ptam-64bits\PatchFinder.h(62): error C2653: 'MapPoint': is not a class or namespace name
     1>c:\workspace\dev\ptam64bits\temp\ptam-64bits\PatchFinder.h(62): error C2061: syntax error: identifier 'Ptr'
     1>c:\workspace\dev\ptam64bits\temp\ptam-64bits\PatchFinder.h(63): error C2653: 'MapPoint': is not a class or namespace name
     1>c:\workspace\dev\ptam64bits\temp\ptam-64bits\PatchFinder.h(63): error C2061: syntax error: identifier 'Ptr'
     1>c:\workspace\dev\ptam64bits\temp\ptam-64bits\PatchFinder.h(64): error C2653: 'MapPoint': is not a class or namespace name
     1>c:\workspace\dev\ptam64bits\temp\ptam-64bits\PatchFinder.h(64): error C2061: syntax error: identifier 'Ptr'
     1>c:\workspace\dev\ptam64bits\temp\ptam-64bits\PatchFinder.h(65): error C2065: 'KeyFrame': undeclared identifier
     1>c:\workspace\dev\ptam64bits\temp\ptam-64bits\PatchFinder.h(65): error C2923: 'boost::shared_ptr': 'KeyFrame' is not a valid template type argument for parameter 'T'
     1>c:\workspace\dev\ptam64bits\temp\ptam-64bits\PatchFinder.h(75): error C2065: 'KeyFrame': undeclared identifier
     1>c:\workspace\dev\ptam64bits\temp\ptam-64bits\PatchFinder.h(75): error C2923: 'boost::shared_ptr': 'KeyFrame' is not a valid template type argument for parameter 'T'
     1>c:\workspace\dev\ptam64bits\temp\ptam-64bits\PatchFinder.h(76): error C2065: 'KeyFrame': undeclared identifier
     1>c:\workspace\dev\ptam64bits\temp\ptam-64bits\PatchFinder.h(76): error C2923: 'boost::shared_ptr': 'KeyFrame' is not a valid template type argument for parameter 'T'
     1>c:\workspace\dev\ptam64bits\temp\ptam-64bits\PatchFinder.h(90): error C2065: 'KeyFrame': undeclared identifier
     1>c:\workspace\dev\ptam64bits\temp\ptam-64bits\PatchFinder.h(90): error C2923: 'boost::shared_ptr': 'KeyFrame' is not a valid template type argument for parameter 'T'
     1>c:\workspace\dev\ptam64bits\temp\ptam-64bits\PatchFinder.h(91): error C2065: 'KeyFrame': undeclared identifier
     1>c:\workspace\dev\ptam64bits\temp\ptam-64bits\PatchFinder.h(91): error C2923: 'boost::shared_ptr': 'KeyFrame' is not a valid template type argument for parameter 'T'
     1>c:\workspace\dev\ptam64bits\temp\ptam-64bits\PatchFinder.h(129): error C2653: 'MapPoint': is not a class or namespace name
     1>c:\workspace\dev\ptam64bits\temp\ptam-64bits\PatchFinder.h(129): error C3646: 'mpLastTemplateMapPoint': unknown override specifier
     1>c:\workspace\dev\ptam64bits\temp\ptam-64bits\PatchFinder.h(129): error C4430: missing type specifier - int assumed. Note: C++ does not support default-int
     1>c:\workspace\dev\ptam64bits\temp\ptam-64bits\PatchFinder.h(77): warning C4244: 'argument': conversion from 'double' to 'int', possible loss of data
     1>c:\workspace\dev\ptam64bits\temp\ptam-64bits\PatchFinder.h(77): error C2664: 'bool PatchFinder::FindPatchCoarse(cv::Vec2d,boost::shared_ptr,unsigned int)': cannot convert argument 2 from 'boost::shared_ptr' to 'boost::shared_ptr'
         c:\workspace\dev\ptam64bits\temp\ptam-64bits\PatchFinder.h(77): note: Cannot copy construct class 'boost::shared_ptr' due to ambiguous copy constructors or no available copy constructor
     1>c:\workspace\dev\ptam64bits\temp\ptam-64bits\TrackerData.h(19): error C2653: 'MapPoint': is not a class or namespace name
     1>c:\workspace\dev\ptam64bits\temp\ptam-64bits\TrackerData.h(21): error C2653: 'MapPoint': is not a class or namespace name
     1>c:\workspace\dev\ptam64bits\temp\ptam-64bits\TrackerData.h(50): error C2039: 'v3WorldPos': is not a member of 'TrackerData'
         c:\workspace\dev\ptam64bits\temp\ptam-64bits\TrackerData.h(17): note: see declaration of 'TrackerData'
     1>c:\workspace\dev\ptam64bits\temp\ptam-64bits\TrackerData.h(60): error C2676: binary '[': 'cv::Size' does not define this operator or a conversion to a type acceptable to the predefined operator
     1>c:\workspace\dev\ptam64bits\temp\ptam-64bits\TrackerData.h(60): error C2088: '[': illegal for class
     1>c:\workspace\dev\ptam64bits\temp\ptam-64bits\gcvd\SO3.h(51): warning C4396: 'RigidTransforms::operator >>': the inline specifier cannot be used when a friend declaration refers to a specialization of a function template
         c:\workspace\dev\ptam64bits\temp\ptam-64bits\GCVD/SE3.h(34): note: see reference to class template instantiation 'RigidTransforms::SO3<Precision>' being compiled
                 with
                 [
                     Precision=float
                 ]
         c:\workspace\dev\ptam64bits\temp\ptam-64bits\TrackerData.h(90): note: see reference to class template instantiation 'RigidTransforms::SE3<float>' being compiled
     1>c:\workspace\dev\ptam64bits\temp\ptam-64bits\gcvd\SO3.h(52): warning C4396: 'RigidTransforms::operator >>': the inline specifier cannot be used when a friend declaration refers to a specialization of a function template
     1>c:\workspace\dev\ptam64bits\temp\ptam-64bits\MapPoint.h(20): warning C4099: 'TrackerData': type name first seen using 'struct' now seen using 'class'
         c:\workspace\dev\ptam64bits\temp\ptam-64bits\TrackerData.h(17): note: see declaration of 'TrackerData'
     1>c:\workspace\dev\ptam64bits\temp\ptam-64bits\KeyFrame.h(22): warning C4099: 'MapPoint': type name first seen using 'struct' now seen using 'class'
         c:\workspace\dev\ptam64bits\temp\ptam-64bits\MapPoint.h(26): note: see declaration of 'MapPoint'
     1>c:\workspace\dev\ptam64bits\temp\ptam-64bits\KeyFrame.h(69): warning C4099: 'KeyFrame': type name first seen using 'class' now seen using 'struct'
         c:\workspace\dev\ptam64bits\temp\ptam-64bits\KeyFrame.h(68): note: see declaration of 'KeyFrame'
         Map.cpp
     1>C:\Mylib\opencv3.1.0_cuda\2501build\install\include\opencv2/core/mat.hpp(1965): warning C4819: The file contains a character that cannot be represented in the current code page (932). Save the file in Unicode format to prevent data loss
     1>C:\Mylib\opencv3.1.0_cuda\2501build\install\include\opencv2/core/persistence.hpp : warning C4819: The file contains a character that cannot be represented in the current code page (932). Save the file in Unicode format to prevent data loss
     1>C:\Mylib\opencv3.1.0_cuda\2501build\install\include\opencv2/core/utility.hpp : warning C4819: The file contains a character that cannot be represented in the current code page (932). Save the file in Unicode format to prevent data loss
     1>C:\Mylib\opencv3.1.0_cuda\2501build\install\include\opencv2/core/utility.hpp : warning C4819: The file contains a character that cannot be represented in the current code page (932). Save the file in Unicode format to prevent data loss
     1>c:\workspace\dev\ptam64bits\temp\ptam-64bits\Map.h(31): error C2027: use of undefined type 'MapPoint'
         c:\workspace\dev\ptam64bits\temp\ptam-64bits\Map.h(19): note: see declaration of 'MapPoint'
     1>c:\workspace\dev\ptam64bits\temp\ptam-64bits\Map.h(31): error C2065: 'Ptr': undeclared identifier
     1>c:\workspace\dev\ptam64bits\temp\ptam-64bits\Map.h(31): error C2923: 'std::vector': 'Ptr' is not a valid template type argument for parameter '_Ty'
     1>c:\workspace\dev\ptam64bits\temp\ptam-64bits\Map.h(31): error C3203: 'allocator': unspecialized class template can't be used as a template argument for template parameter '_Alloc', expected a real type
     1>c:\workspace\dev\ptam64bits\temp\ptam-64bits\Map.h(32): error C2027: use of undefined type 'MapPoint'
         c:\workspace\dev\ptam64bits\temp\ptam-64bits\Map.h(19): note: see declaration of 'MapPoint'
     1>c:\workspace\dev\ptam64bits\temp\ptam-64bits\Map.h(32): error C2065: 'Ptr': undeclared identifier
     1>c:\workspace\dev\ptam64bits\temp\ptam-64bits\Map.h(32): error C2923: 'std::vector': 'Ptr' is not a valid template type argument for parameter '_Ty'
     1>c:\workspace\dev\ptam64bits\temp\ptam-64bits\Map.h(32): error C3203: 'allocator': unspecialized class template can't be used as a template argument for template parameter '_Alloc', expected a real type
     1>c:\workspace\dev\ptam64bits\temp\ptam-64bits\Map.h(33): error C2027: use of undefined type 'KeyFrame'
         c:\workspace\dev\ptam64bits\temp\ptam-64bits\Map.h(20): note: see declaration of 'KeyFrame'
     1>c:\workspace\dev\ptam64bits\temp\ptam-64bits\Map.h(33): error C2065: 'Ptr': undeclared identifier
     1>c:\workspace\dev\ptam64bits\temp\ptam-64bits\Map.h(33): error C2923: 'std::vector': 'Ptr' is not a valid template type argument for parameter '_Ty'
     1>c:\workspace\dev\ptam64bits\temp\ptam-64bits\Map.h(33): error C3203: 'allocator': unspecialized class template can't be used as a template argument for template parameter '_Alloc', expected a real type
     1>c:\workspace\dev\ptam64bits\temp\ptam-64bits\Map.h(36): warning C4624: 'Map': destructor was implicitly defined as deleted
     1>c:\workspace\dev\ptam64bits\temp\ptam-64bits\PatchFinder.h(55): error C2027: use of undefined type 'MapPoint'
         c:\workspace\dev\ptam64bits\temp\ptam-64bits\Map.h(19): note: see declaration of 'MapPoint'
     1>c:\workspace\dev\ptam64bits\temp\ptam-64bits\PatchFinder.h(55): error C2061: syntax error: identifier 'Ptr'
     1>c:\workspace\dev\ptam64bits\temp\ptam-64bits\PatchFinder.h(62): error C2027: use of undefined type 'MapPoint'
         c:\workspace\dev\ptam64bits\temp\ptam-64bits\Map.h(19): note: see declaration of 'MapPoint'
     1>c:\workspace\dev\ptam64bits\temp\ptam-64bits\PatchFinder.h(62): error C2061: syntax error: identifier 'Ptr'
     1>c:\workspace\dev\ptam64bits\temp\ptam-64bits\PatchFinder.h(63): error C2027: use of undefined type 'MapPoint'
         c:\workspace\dev\ptam64bits\temp\ptam-64bits\Map.h(19): note: see declaration of 'MapPoint'
     1>c:\workspace\dev\ptam64bits\temp\ptam-64bits\PatchFinder.h(63): error C2061: syntax error: identifier 'Ptr'
     1>c:\workspace\dev\ptam64bits\temp\ptam-64bits\PatchFinder.h(64): error C2027: use of undefined type 'MapPoint'
         c:\workspace\dev\ptam64bits\temp\ptam-64bits\Map.h(19): note: see declaration of 'MapPoint'
     1>c:\workspace\dev\ptam64bits\temp\ptam-64bits\PatchFinder.h(64): error C2061: syntax error: identifier 'Ptr'
     1>c:\workspace\dev\ptam64bits\temp\ptam-64bits\PatchFinder.h(129): error C2027: use of undefined type 'MapPoint'
         c:\workspace\dev\ptam64bits\temp\ptam-64bits\Map.h(19): note: see declaration of 'MapPoint'
     1>c:\workspace\dev\ptam64bits\temp\ptam-64bits\PatchFinder.h(129): error C3646: 'mpLastTemplateMapPoint': unknown override specifier
     1>c:\workspace\dev\ptam64bits\temp\ptam-64bits\PatchFinder.h(129): error C4430: missing type specifier - int assumed. Note: C++ does not support default-int
     1>c:\workspace\dev\ptam64bits\temp\ptam-64bits\PatchFinder.h(77): warning C4244: 'argument': conversion from 'double' to 'int', possible loss of data
     1>c:\workspace\dev\ptam64bits\temp\ptam-64bits\TrackerData.h(19): error C2027: use of undefined type 'MapPoint'
         c:\workspace\dev\ptam64bits\temp\ptam-64bits\Map.h(19): note: see declaration of 'MapPoint'
     1>c:\workspace\dev\ptam64bits\temp\ptam-64bits\TrackerData.h(21): error C2027: use of undefined type 'MapPoint'
         c:\workspace\dev\ptam64bits\temp\ptam-64bits\Map.h(19): note: see declaration of 'MapPoint'
     1>c:\workspace\dev\ptam64bits\temp\ptam-64bits\TrackerData.h(50): error C2039: 'v3WorldPos': is not a member of 'TrackerData'
         c:\workspace\dev\ptam64bits\temp\ptam-64bits\TrackerData.h(17): note: see declaration of 'TrackerData'
     1>c:\workspace\dev\ptam64bits\temp\ptam-64bits\TrackerData.h(60): error C2676: binary '[': 'cv::Size' does not define this operator or a conversion to a type acceptable to the predefined operator
     1>c:\workspace\dev\ptam64bits\temp\ptam-64bits\TrackerData.h(60): error C2088: '[': illegal for class
     1>c:\workspace\dev\ptam64bits\temp\ptam-64bits\gcvd\SO3.h(51): warning C4396: 'RigidTransforms::operator >>': the inline specifier cannot be used when a friend declaration refers to a specialization of a function template
         c:\workspace\dev\ptam64bits\temp\ptam-64bits\GCVD/SE3.h(34): note: see reference to class template instantiation 'RigidTransforms::SO3<Precision>' being compiled
                 with
                 [
                     Precision=float
                 ]
         c:\workspace\dev\ptam64bits\temp\ptam-64bits\TrackerData.h(90): note: see reference to class template instantiation 'RigidTransforms::SE3<float>' being compiled
     1>c:\workspace\dev\ptam64bits\temp\ptam-64bits\gcvd\SO3.h(52): warning C4396: 'RigidTransforms::operator >>': the inline specifier cannot be used when a friend declaration refers to a specialization of a function template
     1>c:\workspace\dev\ptam64bits\temp\ptam-64bits\MapPoint.h(19): warning C4099: 'KeyFrame': type name first seen using 'struct' now seen using 'class'
         c:\workspace\dev\ptam64bits\temp\ptam-64bits\Map.h(20): note: see declaration of 'KeyFrame'
     1>c:\workspace\dev\ptam64bits\temp\ptam-64bits\MapPoint.h(20): warning C4099: 'TrackerData': type name first seen using 'struct' now seen using 'class'
         c:\workspace\dev\ptam64bits\temp\ptam-64bits\TrackerData.h(17): note: see declaration of 'TrackerData'
     1>C:\workSpace\dev\PTAM64bits\temp\PTAM-64bits\Map.cpp(5): error C2512: 'std::vector': no appropriate default constructor available
         C:\Program Files (x86)\Microsoft Visual Studio 14.0\VC\include\vector(679): note: see declaration of 'std::vector'
     1>C:\workSpace\dev\PTAM64bits\temp\PTAM-64bits\Map.cpp(11): error C2662: 'void std::vector<_Ty,_Alloc>::clear(void) noexcept': cannot convert 'this' pointer from 'std::vector' to 'std::vector<_Ty,_Alloc> &'
         C:\workSpace\dev\PTAM64bits\temp\PTAM-64bits\Map.cpp(11): note: Reason: cannot convert from 'std::vector' to 'std::vector<_Ty,_Alloc>'
         C:\workSpace\dev\PTAM64bits\temp\PTAM-64bits\Map.cpp(11): note: Conversion requires a second user-defined-conversion operator or constructor
     1>C:\workSpace\dev\PTAM64bits\temp\PTAM-64bits\Map.cpp(19): error C2662: '_Vector_alloc<std::_Vec_base_types<_Ty,_Alloc_types::_Alloc>>::size_type std::vector<_Ty,_Alloc>::size(void) noexcept const': cannot convert 'this' pointer from 'std::vector' to 'const std::vector<_Ty,_Alloc> &'
         C:\workSpace\dev\PTAM64bits\temp\PTAM-64bits\Map.cpp(19): note: Reason: cannot convert from 'std::vector' to 'const std::vector<_Ty,_Alloc>'
         C:\workSpace\dev\PTAM64bits\temp\PTAM-64bits\Map.cpp(19): note: Conversion requires a second user-defined-conversion operator or constructor
     1>C:\workSpace\dev\PTAM64bits\temp\PTAM-64bits\Map.cpp(21): error C2678: binary '[': no operator found which takes a left-hand operand of type 'std::vector' (or there is no acceptable conversion)
         C:\Program Files (x86)\Microsoft Visual Studio 14.0\VC\include\vector(1229): note: could be '_Vector_alloc<std::_Vec_base_types<_Ty,_Alloc_types::_Alloc>>::reference std::vector<_Ty,_Alloc>::operator [](_Vector_alloc<std::_Vec_base_types<_Ty,_Alloc_types::_Alloc>>::size_type)'
         C:\Program Files (x86)\Microsoft Visual Studio 14.0\VC\include\vector(1213): note: or       '_Vector_alloc<std::_Vec_base_types<_Ty,_Alloc_types::_Alloc>>::const_reference std::vector<_Ty,_Alloc>::operator [](_Vector_alloc<std::_Vec_base_types<_Ty,_Alloc_types::_Alloc>>::size_type) const'
         C:\workSpace\dev\PTAM64bits\temp\PTAM-64bits\Map.cpp(21): note: while trying to match the argument list '(std::vector, int)'
     1>C:\workSpace\dev\PTAM64bits\temp\PTAM-64bits\Map.cpp(21): error C2228: left of '.use_count' must have class/struct/union
     1>C:\workSpace\dev\PTAM64bits\temp\PTAM-64bits\Map.cpp(22): error C2663: 'std::vector<_Ty,_Alloc>::begin': 2 overloads have no legal conversion for 'this' pointer
     1>C:\workSpace\dev\PTAM64bits\temp\PTAM-64bits\Map.cpp(22): error C2663: 'std::vector<_Ty,_Alloc>::erase': 2 overloads have no legal conversion for 'this' pointer
     1>C:\workSpace\dev\PTAM64bits\temp\PTAM-64bits\Map.cpp(25): error C2678: binary '[': no operator found which takes a left-hand operand of type 'std::vector' (or there is no acceptable conversion)
         C:\Program Files (x86)\Microsoft Visual Studio 14.0\VC\include\vector(1229): note: could be '_Vector_alloc<std::_Vec_base_types<_Ty,_Alloc_types::_Alloc>>::reference std::vector<_Ty,_Alloc>::operator [](_Vector_alloc<std::_Vec_base_types<_Ty,_Alloc_types::_Alloc>>::size_type)'
         C:\Program Files (x86)\Microsoft Visual Studio 14.0\VC\include\vector(1213): note: or       '_Vector_alloc<std::_Vec_base_types<_Ty,_Alloc_types::_Alloc>>::const_reference std::vector<_Ty,_Alloc>::operator [](_Vector_alloc<std::_Vec_base_types<_Ty,_Alloc_types::_Alloc>>::size_type) const'
         C:\workSpace\dev\PTAM64bits\temp\PTAM-64bits\Map.cpp(25): note: while trying to match the argument list '(std::vector, int)'
     1>C:\workSpace\dev\PTAM64bits\temp\PTAM-64bits\Map.cpp(25): error C2227: left of '->bBad' must point to class/struct/union/generic type
     1>C:\workSpace\dev\PTAM64bits\temp\PTAM-64bits\Map.cpp(27): error C2678: binary '[': no operator found which takes a left-hand operand of type 'std::vector' (or there is no acceptable conversion)
         C:\Program Files (x86)\Microsoft Visual Studio 14.0\VC\include\vector(1229): note: could be '_Vector_alloc<std::_Vec_base_types<_Ty,_Alloc_types::_Alloc>>::reference std::vector<_Ty,_Alloc>::operator [](_Vector_alloc<std::_Vec_base_types<_Ty,_Alloc_types::_Alloc>>::size_type)'
         C:\Program Files (x86)\Microsoft Visual Studio 14.0\VC\include\vector(1213): note: or       '_Vector_alloc<std::_Vec_base_types<_Ty,_Alloc_types::_Alloc>>::const_reference std::vector<_Ty,_Alloc>::operator [](_Vector_alloc<std::_Vec_base_types<_Ty,_Alloc_types::_Alloc>>::size_type) const'
         C:\workSpace\dev\PTAM64bits\temp\PTAM-64bits\Map.cpp(27): note: while trying to match the argument list '(std::vector, int)'
     1>C:\workSpace\dev\PTAM64bits\temp\PTAM-64bits\Map.cpp(27): error C2663: 'std::vector<_Ty,_Alloc>::push_back': 2 overloads have no legal conversion for 'this' pointer
     1>C:\workSpace\dev\PTAM64bits\temp\PTAM-64bits\Map.cpp(28): error C2663: 'std::vector<_Ty,_Alloc>::begin': 2 overloads have no legal conversion for 'this' pointer
     1>C:\workSpace\dev\PTAM64bits\temp\PTAM-64bits\Map.cpp(28): error C2663: 'std::vector<_Ty,_Alloc>::erase': 2 overloads have no legal conversion for 'this' pointer
     1>C:\workSpace\dev\PTAM64bits\temp\PTAM-64bits\Map.cpp(36): error C2662: 'void std::vector<_Ty,_Alloc>::clear(void) noexcept': cannot convert 'this' pointer from 'std::vector' to 'std::vector<_Ty,_Alloc> &'
         C:\workSpace\dev\PTAM64bits\temp\PTAM-64bits\Map.cpp(36): note: Reason: cannot convert from 'std::vector' to 'std::vector<_Ty,_Alloc>'
         C:\workSpace\dev\PTAM64bits\temp\PTAM-64bits\Map.cpp(36): note: Conversion requires a second user-defined-conversion operator or constructor
         MapViewer.cpp
     1>C:\Mylib\opencv3.1.0_cuda\2501build\install\include\opencv2/core/mat.hpp(1965): warning C4819: The file contains a character that cannot be represented in the current code page (932). Save the file in Unicode format to prevent data loss
     1>C:\Mylib\opencv3.1.0_cuda\2501build\install\include\opencv2/core/persistence.hpp : warning C4819: The file contains a character that cannot be represented in the current code page (932). Save the file in Unicode format to prevent data loss
     1>C:\Mylib\opencv3.1.0_cuda\2501build\install\include\opencv2/core/utility.hpp : warning C4819: The file contains a character that cannot be represented in the current code page (932). Save the file in Unicode format to prevent data loss
     1>C:\Mylib\opencv3.1.0_cuda\2501build\install\include\opencv2/core/utility.hpp : warning C4819: The file contains a character that cannot be represented in the current code page (932). Save the file in Unicode format to prevent data loss
     1>c:\workspace\dev\ptam64bits\temp\ptam-64bits\Map.h(31): error C2027: use of undefined type 'MapPoint'
         c:\workspace\dev\ptam64bits\temp\ptam-64bits\Map.h(19): note: see declaration of 'MapPoint'
     1>c:\workspace\dev\ptam64bits\temp\ptam-64bits\Map.h(31): error C2065: 'Ptr': undeclared identifier
     1>c:\workspace\dev\ptam64bits\temp\ptam-64bits\Map.h(31): error C2923: 'std::vector': 'Ptr' is not a valid template type argument for parameter '_Ty'
     1>c:\workspace\dev\ptam64bits\temp\ptam-64bits\Map.h(31): error C3203: 'allocator': unspecialized class template can't be used as a template argument for template parameter '_Alloc', expected a real type
     1>c:\workspace\dev\ptam64bits\temp\ptam-64bits\Map.h(32): error C2027: use of undefined type 'MapPoint'
         c:\workspace\dev\ptam64bits\temp\ptam-64bits\Map.h(19): note: see declaration of 'MapPoint'
     1>c:\workspace\dev\ptam64bits\temp\ptam-64bits\Map.h(32): error C2065: 'Ptr': undeclared identifier
     1>c:\workspace\dev\ptam64bits\temp\ptam-64bits\Map.h(32): error C2923: 'std::vector': 'Ptr' is not a valid template type argument for parameter '_Ty'
     1>c:\workspace\dev\ptam64bits\temp\ptam-64bits\Map.h(32): error C3203: 'allocator': unspecialized class template can't be used as a template argument for template parameter '_Alloc', expected a real type
     1>c:\workspace\dev\ptam64bits\temp\ptam-64bits\Map.h(33): error C2027: use of undefined type 'KeyFrame'
         c:\workspace\dev\ptam64bits\temp\ptam-64bits\Map.h(20): note: see declaration of 'KeyFrame'
     1>c:\workspace\dev\ptam64bits\temp\ptam-64bits\Map.h(33): error C2065: 'Ptr': undeclared identifier
     1>c:\workspace\dev\ptam64bits\temp\ptam-64bits\Map.h(33): error C2923: 'std::vector': 'Ptr' is not a valid template type argument for parameter '_Ty'
     1>c:\workspace\dev\ptam64bits\temp\ptam-64bits\Map.h(33): error C3203: 'allocator': unspecialized class template can't be used as a template argument for template parameter '_Alloc', expected a real type
     1>c:\workspace\dev\ptam64bits\temp\ptam-64bits\Map.h(36): warning C4624: 'Map': destructor was implicitly defined as deleted
     1>c:\workspace\dev\ptam64bits\temp\ptam-64bits\MapViewer.h(15): warning C4099: 'Map': type name first seen using 'struct' now seen using 'class'
         c:\workspace\dev\ptam64bits\temp\ptam-64bits\Map.h(23): note: see declaration of 'Map'
     1>c:\workspace\dev\ptam64bits\temp\ptam-64bits\gcvd\SO3.h(51): warning C4396: 'RigidTransforms::operator >>': the inline specifier cannot be used when a friend declaration refers to a specialization of a function template
         c:\workspace\dev\ptam64bits\temp\ptam-64bits\GCVD/SE3.h(34): note: see reference to class template instantiation 'RigidTransforms::SO3<Precision>' being compiled
                 with
                 [
                     Precision=float
                 ]
         c:\workspace\dev\ptam64bits\temp\ptam-64bits\MapViewer.h(35): note: see reference to class template instantiation 'RigidTransforms::SE3<float>' being compiled
     1>c:\workspace\dev\ptam64bits\temp\ptam-64bits\gcvd\SO3.h(52): warning C4396: 'RigidTransforms::operator >>': the inline specifier cannot be used when a friend declaration refers to a specialization of a function template
     1>c:\workspace\dev\ptam64bits\temp\ptam-64bits\PatchFinder.h(55): error C2027: use of undefined type 'MapPoint'
         c:\workspace\dev\ptam64bits\temp\ptam-64bits\Map.h(19): note: see declaration of 'MapPoint'
     1>c:\workspace\dev\ptam64bits\temp\ptam-64bits\PatchFinder.h(55): error C2061: syntax error: identifier 'Ptr'
     1>c:\workspace\dev\ptam64bits\temp\ptam-64bits\PatchFinder.h(62): error C2027: use of undefined type 'MapPoint'
         c:\workspace\dev\ptam64bits\temp\ptam-64bits\Map.h(19): note: see declaration of 'MapPoint'
     1>c:\workspace\dev\ptam64bits\temp\ptam-64bits\PatchFinder.h(62): error C2061: syntax error: identifier 'Ptr'
     1>c:\workspace\dev\ptam64bits\temp\ptam-64bits\PatchFinder.h(63): error C2027: use of undefined type 'MapPoint'
         c:\workspace\dev\ptam64bits\temp\ptam-64bits\Map.h(19): note: see declaration of 'MapPoint'
     1>c:\workspace\dev\ptam64bits\temp\ptam-64bits\PatchFinder.h(63): error C2061: syntax error: identifier 'Ptr'
     1>c:\workspace\dev\ptam64bits\temp\ptam-64bits\PatchFinder.h(64): error C2027: use of undefined type 'MapPoint'
         c:\workspace\dev\ptam64bits\temp\ptam-64bits\Map.h(19): note: see declaration of 'MapPoint'
     1>c:\workspace\dev\ptam64bits\temp\ptam-64bits\PatchFinder.h(64): error C2061: syntax error: identifier 'Ptr'
     1>c:\workspace\dev\ptam64bits\temp\ptam-64bits\PatchFinder.h(129): error C2027: use of undefined type 'MapPoint'
         c:\workspace\dev\ptam64bits\temp\ptam-64bits\Map.h(19): note: see declaration of 'MapPoint'
     1>c:\workspace\dev\ptam64bits\temp\ptam-64bits\PatchFinder.h(129): error C3646: 'mpLastTemplateMapPoint': unknown override specifier
     1>c:\workspace\dev\ptam64bits\temp\ptam-64bits\PatchFinder.h(129): error C4430: missing type specifier - int assumed. Note: C++ does not support default-int
     1>c:\workspace\dev\ptam64bits\temp\ptam-64bits\PatchFinder.h(77): warning C4244: 'argument': conversion from 'double' to 'int', possible loss of data
     1>c:\workspace\dev\ptam64bits\temp\ptam-64bits\TrackerData.h(19): error C2027: use of undefined type 'MapPoint'
         c:\workspace\dev\ptam64bits\temp\ptam-64bits\Map.h(19): note: see declaration of 'MapPoint'
     1>c:\workspace\dev\ptam64bits\temp\ptam-64bits\TrackerData.h(21): error C2027: use of undefined type 'MapPoint'
         c:\workspace\dev\ptam64bits\temp\ptam-64bits\Map.h(19): note: see declaration of 'MapPoint'
     1>c:\workspace\dev\ptam64bits\temp\ptam-64bits\TrackerData.h(50): error C2039: 'v3WorldPos': is not a member of 'TrackerData'
         c:\workspace\dev\ptam64bits\temp\ptam-64bits\TrackerData.h(17): note: see declaration of 'TrackerData'
     1>c:\workspace\dev\ptam64bits\temp\ptam-64bits\TrackerData.h(60): error C2676: binary '[': 'cv::Size' does not define this operator or a conversion to a type acceptable to the predefined operator
     1>c:\workspace\dev\ptam64bits\temp\ptam-64bits\TrackerData.h(60): error C2088: '[': illegal for class
     1>c:\workspace\dev\ptam64bits\temp\ptam-64bits\MapPoint.h(19): warning C4099: 'KeyFrame': type name first seen using 'struct' now seen using 'class'
         c:\workspace\dev\ptam64bits\temp\ptam-64bits\Map.h(20): note: see declaration of 'KeyFrame'
     1>c:\workspace\dev\ptam64bits\temp\ptam-64bits\MapPoint.h(20): warning C4099: 'TrackerData': type name first seen using 'struct' now seen using 'class'
         c:\workspace\dev\ptam64bits\temp\ptam-64bits\TrackerData.h(17): note: see declaration of 'TrackerData'
     1>c:\workspace\dev\ptam64bits\temp\ptam-64bits\KeyFrame.h(22): warning C4099: 'MapPoint': type name first seen using 'struct' now seen using 'class'
         c:\workspace\dev\ptam64bits\temp\ptam-64bits\MapPoint.h(26): note: see declaration of 'MapPoint'
     1>c:\workspace\dev\ptam64bits\temp\ptam-64bits\GCVD/GLHelpers.h(466): warning C4267: 'argument': conversion from 'size_t' to 'GLint', possible loss of data
     1>c:\workspace\dev\ptam64bits\temp\ptam-64bits\GCVD/GLHelpers.h(486): warning C4267: 'argument': conversion from 'size_t' to 'GLint', possible loss of data
     1>c:\workspace\dev\ptam64bits\temp\ptam-64bits\GCVD/GLHelpers.h(539): warning C4267: 'argument': conversion from 'size_t' to 'GLint', possible loss of data
     1>c:\workspace\dev\ptam64bits\temp\ptam-64bits\GCVD/GLHelpers.h(551): warning C4267: 'argument': conversion from 'size_t' to 'GLint', possible loss of data
     1>c:\workspace\dev\ptam64bits\temp\ptam-64bits\GCVD/GLHelpers.h(567): warning C4267: 'argument': conversion from 'size_t' to 'GLint', possible loss of data
     1>C:\workSpace\dev\PTAM64bits\temp\PTAM-64bits\MapViewer.cpp(27): error C2662: '_Vector_alloc<std::_Vec_base_types<_Ty,_Alloc_types::_Alloc>>::size_type std::vector<_Ty,_Alloc>::size(void) noexcept const': cannot convert 'this' pointer from 'std::vector' to 'const std::vector<_Ty,_Alloc> &'
         C:\workSpace\dev\PTAM64bits\temp\PTAM-64bits\MapViewer.cpp(27): note: Reason: cannot convert from 'std::vector' to 'const std::vector<_Ty,_Alloc>'
         C:\workSpace\dev\PTAM64bits\temp\PTAM-64bits\MapViewer.cpp(27): note: Conversion requires a second user-defined-conversion operator or constructor
     1>C:\workSpace\dev\PTAM64bits\temp\PTAM-64bits\MapViewer.cpp(29): error C2678: binary '[': no operator found which takes a left-hand operand of type 'std::vector' (or there is no acceptable conversion)
         C:\Program Files (x86)\Microsoft Visual Studio 14.0\VC\include\vector(1229): note: could be '_Vector_alloc<std::_Vec_base_types<_Ty,_Alloc_types::_Alloc>>::reference std::vector<_Ty,_Alloc>::operator [](_Vector_alloc<std::_Vec_base_types<_Ty,_Alloc_types::_Alloc>>::size_type)'
         C:\Program Files (x86)\Microsoft Visual Studio 14.0\VC\include\vector(1213): note: or       '_Vector_alloc<std::_Vec_base_types<_Ty,_Alloc_types::_Alloc>>::const_reference std::vector<_Ty,_Alloc>::operator [](_Vector_alloc<std::_Vec_base_types<_Ty,_Alloc_types::_Alloc>>::size_type) const'
         C:\workSpace\dev\PTAM64bits\temp\PTAM-64bits\MapViewer.cpp(29): note: while trying to match the argument list '(std::vector, std::size_t)'
     1>C:\workSpace\dev\PTAM64bits\temp\PTAM-64bits\MapViewer.cpp(29): error C2227: left of '->v3WorldPos' must point to class/struct/union/generic type
     1>C:\workSpace\dev\PTAM64bits\temp\PTAM-64bits\MapViewer.cpp(30): error C2678: binary '[': no operator found which takes a left-hand operand of type 'std::vector' (or there is no acceptable conversion)
         C:\Program Files (x86)\Microsoft Visual Studio 14.0\VC\include\vector(1229): note: could be '_Vector_alloc<std::_Vec_base_types<_Ty,_Alloc_types::_Alloc>>::reference std::vector<_Ty,_Alloc>::operator [](_Vector_alloc<std::_Vec_base_types<_Ty,_Alloc_types::_Alloc>>::size_type)'
         C:\Program Files (x86)\Microsoft Visual Studio 14.0\VC\include\vector(1213): note: or       '_Vector_alloc<std::_Vec_base_types<_Ty,_Alloc_types::_Alloc>>::const_reference std::vector<_Ty,_Alloc>::operator [](_Vector_alloc<std::_Vec_base_types<_Ty,_Alloc_types::_Alloc>>::size_type) const'
         C:\workSpace\dev\PTAM64bits\temp\PTAM-64bits\MapViewer.cpp(30): note: while trying to match the argument list '(std::vector, std::size_t)'
     1>C:\workSpace\dev\PTAM64bits\temp\PTAM-64bits\MapViewer.cpp(30): error C2227: left of '->nSourceLevel' must point to class/struct/union/generic type
     1>C:\workSpace\dev\PTAM64bits\temp\PTAM-64bits\MapViewer.cpp(31): error C2678: binary '[': no operator found which takes a left-hand operand of type 'std::vector' (or there is no acceptable conversion)
         C:\Program Files (x86)\Microsoft Visual Studio 14.0\VC\include\vector(1229): note: could be '_Vector_alloc<std::_Vec_base_types<_Ty,_Alloc_types::_Alloc>>::reference std::vector<_Ty,_Alloc>::operator [](_Vector_alloc<std::_Vec_base_types<_Ty,_Alloc_types::_Alloc>>::size_type)'
         C:\Program Files (x86)\Microsoft Visual Studio 14.0\VC\include\vector(1213): note: or       '_Vector_alloc<std::_Vec_base_types<_Ty,_Alloc_types::_Alloc>>::const_reference std::vector<_Ty,_Alloc>::operator [](_Vector_alloc<std::_Vec_base_types<_Ty,_Alloc_types::_Alloc>>::size_type) const'
         C:\workSpace\dev\PTAM64bits\temp\PTAM-64bits\MapViewer.cpp(31): note: while trying to match the argument list '(std::vector, std::size_t)'
     1>C:\workSpace\dev\PTAM64bits\temp\PTAM-64bits\MapViewer.cpp(31): error C2227: left of '->nSourceLevel' must point to class/struct/union/generic type
     1>C:\workSpace\dev\PTAM64bits\temp\PTAM-64bits\MapViewer.cpp(32): error C2678: binary '[': no operator found which takes a left-hand operand of type 'std::vector' (or there is no acceptable conversion)
         C:\Program Files (x86)\Microsoft Visual Studio 14.0\VC\include\vector(1229): note: could be '_Vector_alloc<std::_Vec_base_types<_Ty,_Alloc_types::_Alloc>>::reference std::vector<_Ty,_Alloc>::operator [](_Vector_alloc<std::_Vec_base_types<_Ty,_Alloc_types::_Alloc>>::size_type)'
         C:\Program Files (x86)\Microsoft Visual Studio 14.0\VC\include\vector(1213): note: or       '_Vector_alloc<std::_Vec_base_types<_Ty,_Alloc_types::_Alloc>>::const_reference std::vector<_Ty,_Alloc>::operator [](_Vector_alloc<std::_Vec_base_types<_Ty,_Alloc_types::_Alloc>>::size_type) const'
         C:\workSpace\dev\PTAM64bits\temp\PTAM-64bits\MapViewer.cpp(32): note: while trying to match the argument list '(std::vector, std::size_t)'
     1>C:\workSpace\dev\PTAM64bits\temp\PTAM-64bits\MapViewer.cpp(32): error C2227: left of '->nSourceLevel' must point to class/struct/union/generic type
     1>C:\workSpace\dev\PTAM64bits\temp\PTAM-64bits\MapViewer.cpp(32): error C2660: 'glColor3d': function does not take 1 arguments
     1>C:\workSpace\dev\PTAM64bits\temp\PTAM-64bits\MapViewer.cpp(65): warning C4305: 'argument': truncation from 'double' to 'GLfloat'
     1>C:\workSpace\dev\PTAM64bits\temp\PTAM-64bits\MapViewer.cpp(74): warning C4305: 'argument': truncation from 'double' to 'GLfloat'
     1>C:\workSpace\dev\PTAM64bits\temp\PTAM-64bits\MapViewer.cpp(154): error C2662: '_Vector_alloc<std::_Vec_base_types<_Ty,_Alloc_types::_Alloc>>::size_type std::vector<_Ty,_Alloc>::size(void) noexcept const': cannot convert 'this' pointer from 'std::vector' to 'const std::vector<_Ty,_Alloc> &'
         C:\workSpace\dev\PTAM64bits\temp\PTAM-64bits\MapViewer.cpp(154): note: Reason: cannot convert from 'std::vector' to 'const std::vector<_Ty,_Alloc>'
         C:\workSpace\dev\PTAM64bits\temp\PTAM-64bits\MapViewer.cpp(154): note: Conversion requires a second user-defined-conversion operator or constructor
     1>C:\workSpace\dev\PTAM64bits\temp\PTAM-64bits\MapViewer.cpp(155): error C2678: binary '[': no operator found which takes a left-hand operand of type 'std::vector' (or there is no acceptable conversion)
         C:\Program Files (x86)\Microsoft Visual Studio 14.0\VC\include\vector(1229): note: could be '_Vector_alloc<std::_Vec_base_types<_Ty,_Alloc_types::_Alloc>>::reference std::vector<_Ty,_Alloc>::operator [](_Vector_alloc<std::_Vec_base_types<_Ty,_Alloc_types::_Alloc>>::size_type)'
         C:\Program Files (x86)\Microsoft Visual Studio 14.0\VC\include\vector(1213): note: or       '_Vector_alloc<std::_Vec_base_types<_Ty,_Alloc_types::_Alloc>>::const_reference std::vector<_Ty,_Alloc>::operator [](_Vector_alloc<std::_Vec_base_types<_Ty,_Alloc_types::_Alloc>>::size_type) const'
         C:\workSpace\dev\PTAM64bits\temp\PTAM-64bits\MapViewer.cpp(155): note: while trying to match the argument list '(std::vector, std::size_t)'
     1>C:\workSpace\dev\PTAM64bits\temp\PTAM-64bits\MapViewer.cpp(155): error C2227: left of '->se3CfromW' must point to class/struct/union/generic type
     1>C:\workSpace\dev\PTAM64bits\temp\PTAM-64bits\MapViewer.cpp(160): error C2662: '_Vector_alloc<std::_Vec_base_types<_Ty,_Alloc_types::_Alloc>>::size_type std::vector<_Ty,_Alloc>::size(void) noexcept const': cannot convert 'this' pointer from 'std::vector' to 'const std::vector<_Ty,_Alloc> &'
         C:\workSpace\dev\PTAM64bits\temp\PTAM-64bits\MapViewer.cpp(160): note: Reason: cannot convert from 'std::vector' to 'const std::vector<_Ty,_Alloc>'
         C:\workSpace\dev\PTAM64bits\temp\PTAM-64bits\MapViewer.cpp(160): note: Conversion requires a second user-defined-conversion operator or constructor
         PatchFinder.cpp
     1>C:\Mylib\opencv3.1.0_cuda\2501build\install\include\opencv2/core/mat.hpp(1965): warning C4819: The file contains a character that cannot be represented in the current code page (932). Save the file in Unicode format to prevent data loss
     1>C:\Mylib\opencv3.1.0_cuda\2501build\install\include\opencv2/core/persistence.hpp : warning C4819: The file contains a character that cannot be represented in the current code page (932). Save the file in Unicode format to prevent data loss
     1>C:\Mylib\opencv3.1.0_cuda\2501build\install\include\opencv2/core/utility.hpp : warning C4819: The file contains a character that cannot be represented in the current code page (932). Save the file in Unicode format to prevent data loss
     1>C:\Mylib\opencv3.1.0_cuda\2501build\install\include\opencv2/core/utility.hpp : warning C4819: The file contains a character that cannot be represented in the current code page (932). Save the file in Unicode format to prevent data loss
     1>c:\workspace\dev\ptam64bits\temp\ptam-64bits\TrackerData.h(19): error C2653: 'MapPoint': is not a class or namespace name
     1>c:\workspace\dev\ptam64bits\temp\ptam-64bits\TrackerData.h(21): error C2653: 'MapPoint': is not a class or namespace name
     1>c:\workspace\dev\ptam64bits\temp\ptam-64bits\TrackerData.h(22): error C3646: 'Finder': unknown override specifier
     1>c:\workspace\dev\ptam64bits\temp\ptam-64bits\TrackerData.h(22): error C4430: missing type specifier - int assumed. Note: C++ does not support default-int
     1>c:\workspace\dev\ptam64bits\temp\ptam-64bits\TrackerData.h(50): error C2039: 'v3WorldPos': is not a member of 'TrackerData'
         c:\workspace\dev\ptam64bits\temp\ptam-64bits\TrackerData.h(17): note: see declaration of 'TrackerData'
     1>c:\workspace\dev\ptam64bits\temp\ptam-64bits\TrackerData.h(60): error C2676: binary '[': 'cv::Size' does not define this operator or a conversion to a type acceptable to the predefined operator
     1>c:\workspace\dev\ptam64bits\temp\ptam-64bits\TrackerData.h(60): error C2088: '[': illegal for class
     1>c:\workspace\dev\ptam64bits\temp\ptam-64bits\gcvd\SO3.h(51): warning C4396: 'RigidTransforms::operator >>': the inline specifier cannot be used when a friend declaration refers to a specialization of a function template
         c:\workspace\dev\ptam64bits\temp\ptam-64bits\GCVD/SE3.h(34): note: see reference to class template instantiation 'RigidTransforms::SO3<Precision>' being compiled
                 with
                 [
                     Precision=float
                 ]
         c:\workspace\dev\ptam64bits\temp\ptam-64bits\TrackerData.h(90): note: see reference to class template instantiation 'RigidTransforms::SE3<float>' being compiled
     1>c:\workspace\dev\ptam64bits\temp\ptam-64bits\gcvd\SO3.h(52): warning C4396: 'RigidTransforms::operator >>': the inline specifier cannot be used when a friend declaration refers to a specialization of a function template
     1>c:\workspace\dev\ptam64bits\temp\ptam-64bits\MapPoint.h(20): warning C4099: 'TrackerData': type name first seen using 'struct' now seen using 'class'
         c:\workspace\dev\ptam64bits\temp\ptam-64bits\TrackerData.h(17): note: see declaration of 'TrackerData'
     1>c:\workspace\dev\ptam64bits\temp\ptam-64bits\PatchFinder.h(77): warning C4244: 'argument': conversion from 'double' to 'int', possible loss of data
     1>c:\workspace\dev\ptam64bits\temp\ptam-64bits\KeyFrame.h(22): warning C4099: 'MapPoint': type name first seen using 'struct' now seen using 'class'
         c:\workspace\dev\ptam64bits\temp\ptam-64bits\MapPoint.h(26): note: see declaration of 'MapPoint'
     1>c:\workspace\dev\ptam64bits\temp\ptam-64bits\KeyFrame.h(69): warning C4099: 'KeyFrame': type name first seen using 'class' now seen using 'struct'
         c:\workspace\dev\ptam64bits\temp\ptam-64bits\KeyFrame.h(68): note: see declaration of 'KeyFrame'
     1>C:\workSpace\dev\PTAM64bits\temp\PTAM-64bits\PatchFinder.cpp(129): error C2679: binary '=': no operator found which takes a right-hand operand of type 'MapPoint::Ptr *' (or there is no acceptable conversion)
         C:\Mylib\boost_1_60_0\boost/smart_ptr/shared_ptr.hpp(649): note: could be 'boost::shared_ptr<MapPoint> &boost::shared_ptr<MapPoint>::operator =(boost::detail::sp_nullptr_t) noexcept'
         C:\Mylib\boost_1_60_0\boost/smart_ptr/shared_ptr.hpp(632): note: or       'boost::shared_ptr<MapPoint> &boost::shared_ptr<MapPoint>::operator =(boost::shared_ptr<MapPoint> &&) noexcept'
         C:\Mylib\boost_1_60_0\boost/smart_ptr/shared_ptr.hpp(524): note: or       'boost::shared_ptr<MapPoint> &boost::shared_ptr<MapPoint>::operator =(const boost::shared_ptr<MapPoint> &) noexcept'
         C:\Mylib\boost_1_60_0\boost/smart_ptr/shared_ptr.hpp(639): note: or       'boost::shared_ptr<MapPoint> &boost::shared_ptr<MapPoint>::operator =<MapPoint>(boost::shared_ptr<MapPoint> &&) noexcept'
         C:\Mylib\boost_1_60_0\boost/smart_ptr/shared_ptr.hpp(533): note: or       'boost::shared_ptr<MapPoint> &boost::shared_ptr<MapPoint>::operator =<MapPoint>(const boost::shared_ptr<MapPoint> &) noexcept'
         C:\workSpace\dev\PTAM64bits\temp\PTAM-64bits\PatchFinder.cpp(129): note: while trying to match the argument list '(MapPoint::Ptr, MapPoint::Ptr *)'
     1>C:\workSpace\dev\PTAM64bits\temp\PTAM-64bits\PatchFinder.cpp(234): warning C4018: '>': signed/unsigned mismatch
     1>C:\workSpace\dev\PTAM64bits\temp\PTAM-64bits\PatchFinder.cpp(347): warning C4244: 'argument': conversion from 'double' to 'int', possible loss of data
     1>C:\workSpace\dev\PTAM64bits\temp\PTAM-64bits\PatchFinder.cpp(364): warning C4244: 'initializing': conversion from 'double' to 'float', possible loss of data
     1>C:\workSpace\dev\PTAM64bits\temp\PTAM-64bits\PatchFinder.cpp(365): warning C4244: 'initializing': conversion from 'double' to 'float', possible loss of data
     1>C:\workSpace\dev\PTAM64bits\temp\PTAM-64bits\PatchFinder.cpp(366): warning C4244: 'initializing': conversion from 'double' to 'float', possible loss of data
     1>C:\workSpace\dev\PTAM64bits\temp\PTAM-64bits\PatchFinder.cpp(367): warning C4244: 'initializing': conversion from 'double' to 'float', possible loss of data
         MapMaker.cpp
     1>C:\Mylib\opencv3.1.0_cuda\2501build\install\include\opencv2/core/mat.hpp(1965): warning C4819: The file contains a character that cannot be represented in the current code page (932). Save the file in Unicode format to prevent data loss
     1>C:\Mylib\opencv3.1.0_cuda\2501build\install\include\opencv2/core/persistence.hpp : warning C4819: The file contains a character that cannot be represented in the current code page (932). Save the file in Unicode format to prevent data loss
     1>C:\Mylib\opencv3.1.0_cuda\2501build\install\include\opencv2/core/utility.hpp : warning C4819: The file contains a character that cannot be represented in the current code page (932). Save the file in Unicode format to prevent data loss
     1>C:\Mylib\opencv3.1.0_cuda\2501build\install\include\opencv2/core/utility.hpp : warning C4819: The file contains a character that cannot be represented in the current code page (932). Save the file in Unicode format to prevent data loss
     1>c:\workspace\dev\ptam64bits\temp\ptam-64bits\Map.h(31): error C2027: use of undefined type 'MapPoint'
         c:\workspace\dev\ptam64bits\temp\ptam-64bits\Map.h(19): note: see declaration of 'MapPoint'
     1>c:\workspace\dev\ptam64bits\temp\ptam-64bits\Map.h(31): error C2065: 'Ptr': undeclared identifier
     1>c:\workspace\dev\ptam64bits\temp\ptam-64bits\Map.h(31): error C2923: 'std::vector': 'Ptr' is not a valid template type argument for parameter '_Ty'
     1>c:\workspace\dev\ptam64bits\temp\ptam-64bits\Map.h(31): error C3203: 'allocator': unspecialized class template can't be used as a template argument for template parameter '_Alloc', expected a real type
     1>c:\workspace\dev\ptam64bits\temp\ptam-64bits\Map.h(32): error C2027: use of undefined type 'MapPoint'
         c:\workspace\dev\ptam64bits\temp\ptam-64bits\Map.h(19): note: see declaration of 'MapPoint'
     1>c:\workspace\dev\ptam64bits\temp\ptam-64bits\Map.h(32): error C2065: 'Ptr': undeclared identifier
     1>c:\workspace\dev\ptam64bits\temp\ptam-64bits\Map.h(32): error C2923: 'std::vector': 'Ptr' is not a valid template type argument for parameter '_Ty'
     1>c:\workspace\dev\ptam64bits\temp\ptam-64bits\Map.h(32): error C3203: 'allocator': unspecialized class template can't be used as a template argument for template parameter '_Alloc', expected a real type
     1>c:\workspace\dev\ptam64bits\temp\ptam-64bits\Map.h(33): error C2027: use of undefined type 'KeyFrame'
         c:\workspace\dev\ptam64bits\temp\ptam-64bits\Map.h(20): note: see declaration of 'KeyFrame'
     1>c:\workspace\dev\ptam64bits\temp\ptam-64bits\Map.h(33): error C2065: 'Ptr': undeclared identifier
     1>c:\workspace\dev\ptam64bits\temp\ptam-64bits\Map.h(33): error C2923: 'std::vector': 'Ptr' is not a valid template type argument for parameter '_Ty'
     1>c:\workspace\dev\ptam64bits\temp\ptam-64bits\Map.h(33): error C3203: 'allocator': unspecialized class template can't be used as a template argument for template parameter '_Alloc', expected a real type
     1>c:\workspace\dev\ptam64bits\temp\ptam-64bits\Map.h(36): warning C4624: 'Map': destructor was implicitly defined as deleted
     1>c:\workspace\dev\ptam64bits\temp\ptam-64bits\KeyFrame.h(22): warning C4099: 'MapPoint': type name first seen using 'struct' now seen using 'class'
         c:\workspace\dev\ptam64bits\temp\ptam-64bits\Map.h(19): note: see declaration of 'MapPoint'
     1>c:\workspace\dev\ptam64bits\temp\ptam-64bits\gcvd\SO3.h(51): warning C4396: 'RigidTransforms::operator >>': the inline specifier cannot be used when a friend declaration refers to a specialization of a function template
         c:\workspace\dev\ptam64bits\temp\ptam-64bits\GCVD/SE3.h(34): note: see reference to class template instantiation 'RigidTransforms::SO3<Precision>' being compiled
                 with
                 [
                     Precision=float
                 ]
         c:\workspace\dev\ptam64bits\temp\ptam-64bits\KeyFrame.h(78): note: see reference to class template instantiation 'RigidTransforms::SE3<float>' being compiled
     1>c:\workspace\dev\ptam64bits\temp\ptam-64bits\gcvd\SO3.h(52): warning C4396: 'RigidTransforms::operator >>': the inline specifier cannot be used when a friend declaration refers to a specialization of a function template
     1>c:\workspace\dev\ptam64bits\temp\ptam-64bits\MapMaker.h(33): warning C4267: 'return': conversion from 'size_t' to 'int', possible loss of data
     1>c:\workspace\dev\ptam64bits\temp\ptam-64bits\MapMaker.h(88): error C2027: use of undefined type 'MapPoint'
         c:\workspace\dev\ptam64bits\temp\ptam-64bits\KeyFrame.h(22): note: see declaration of 'MapPoint'
     1>c:\workspace\dev\ptam64bits\temp\ptam-64bits\MapMaker.h(88): error C2065: 'Ptr': undeclared identifier
     1>c:\workspace\dev\ptam64bits\temp\ptam-64bits\MapMaker.h(88): error C2923: 'std::set': 'Ptr' is not a valid template type argument for parameter '_Kty'
     1>c:\workspace\dev\ptam64bits\temp\ptam-64bits\MapMaker.h(88): error C3203: 'less': unspecialized class template can't be used as a template argument for template parameter '_Pr', expected a real type
     1>c:\workspace\dev\ptam64bits\temp\ptam-64bits\MapMaker.h(88): error C3203: 'allocator': unspecialized class template can't be used as a template argument for template parameter '_Alloc', expected a real type
     1>c:\workspace\dev\ptam64bits\temp\ptam-64bits\MapMaker.h(97): error C2027: use of undefined type 'MapPoint'
         c:\workspace\dev\ptam64bits\temp\ptam-64bits\KeyFrame.h(22): note: see declaration of 'MapPoint'
     1>c:\workspace\dev\ptam64bits\temp\ptam-64bits\MapMaker.h(97): error C2061: syntax error: identifier 'Ptr'
     1>c:\workspace\dev\ptam64bits\temp\ptam-64bits\MapMaker.h(119): error C2027: use of undefined type 'MapPoint'
         c:\workspace\dev\ptam64bits\temp\ptam-64bits\KeyFrame.h(22): note: see declaration of 'MapPoint'
     1>c:\workspace\dev\ptam64bits\temp\ptam-64bits\MapMaker.h(119): error C2065: 'Ptr': undeclared identifier
     1>c:\workspace\dev\ptam64bits\temp\ptam-64bits\MapMaker.h(119): error C2923: 'std::pair': 'Ptr' is not a valid template type argument for parameter '_Ty2'
     1>c:\workspace\dev\ptam64bits\temp\ptam-64bits\MapMaker.h(119): error C3203: 'pair': unspecialized class template can't be used as a template argument for template parameter '_Ty', expected a real type
     1>c:\workspace\dev\ptam64bits\temp\ptam-64bits\MapMaker.h(120): error C2027: use of undefined type 'MapPoint'
         c:\workspace\dev\ptam64bits\temp\ptam-64bits\KeyFrame.h(22): note: see declaration of 'MapPoint'
     1>c:\workspace\dev\ptam64bits\temp\ptam-64bits\MapMaker.h(120): error C2065: 'Ptr': undeclared identifier
     1>c:\workspace\dev\ptam64bits\temp\ptam-64bits\MapMaker.h(120): error C2923: 'std::queue': 'Ptr' is not a valid template type argument for parameter '_Ty'
     1>c:\workspace\dev\ptam64bits\temp\ptam-64bits\MapMaker.h(120): error C3203: 'deque': unspecialized class template can't be used as a template argument for template parameter '_Container', expected a real type
     1>c:\workspace\dev\ptam64bits\temp\ptam-64bits\MapMaker.h(57): warning C4267: 'return': conversion from 'size_t' to 'int', possible loss of data
     1>c:\workspace\dev\ptam64bits\temp\ptam-64bits\PatchFinder.h(55): error C2027: use of undefined type 'MapPoint'
         c:\workspace\dev\ptam64bits\temp\ptam-64bits\KeyFrame.h(22): note: see declaration of 'MapPoint'
     1>c:\workspace\dev\ptam64bits\temp\ptam-64bits\PatchFinder.h(55): error C2061: syntax error: identifier 'Ptr'
     1>c:\workspace\dev\ptam64bits\temp\ptam-64bits\PatchFinder.h(62): error C2027: use of undefined type 'MapPoint'
         c:\workspace\dev\ptam64bits\temp\ptam-64bits\KeyFrame.h(22): note: see declaration of 'MapPoint'
     1>c:\workspace\dev\ptam64bits\temp\ptam-64bits\PatchFinder.h(62): error C2061: syntax error: identifier 'Ptr'
     1>c:\workspace\dev\ptam64bits\temp\ptam-64bits\PatchFinder.h(63): error C2027: use of undefined type 'MapPoint'
         c:\workspace\dev\ptam64bits\temp\ptam-64bits\KeyFrame.h(22): note: see declaration of 'MapPoint'
     1>c:\workspace\dev\ptam64bits\temp\ptam-64bits\PatchFinder.h(63): error C2061: syntax error: identifier 'Ptr'
     1>c:\workspace\dev\ptam64bits\temp\ptam-64bits\PatchFinder.h(64): error C2027: use of undefined type 'MapPoint'
         c:\workspace\dev\ptam64bits\temp\ptam-64bits\KeyFrame.h(22): note: see declaration of 'MapPoint'
     1>c:\workspace\dev\ptam64bits\temp\ptam-64bits\PatchFinder.h(64): error C2061: syntax error: identifier 'Ptr'
     1>c:\workspace\dev\ptam64bits\temp\ptam-64bits\PatchFinder.h(129): error C2027: use of undefined type 'MapPoint'
         c:\workspace\dev\ptam64bits\temp\ptam-64bits\KeyFrame.h(22): note: see declaration of 'MapPoint'
     1>c:\workspace\dev\ptam64bits\temp\ptam-64bits\PatchFinder.h(129): error C3646: 'mpLastTemplateMapPoint': unknown override specifier
     1>c:\workspace\dev\ptam64bits\temp\ptam-64bits\PatchFinder.h(129): error C4430: missing type specifier - int assumed. Note: C++ does not support default-int
     1>c:\workspace\dev\ptam64bits\temp\ptam-64bits\PatchFinder.h(77): warning C4244: 'argument': conversion from 'double' to 'int', possible loss of data
     1>c:\workspace\dev\ptam64bits\temp\ptam-64bits\TrackerData.h(19): error C2027: use of undefined type 'MapPoint'
         c:\workspace\dev\ptam64bits\temp\ptam-64bits\KeyFrame.h(22): note: see declaration of 'MapPoint'
     1>c:\workspace\dev\ptam64bits\temp\ptam-64bits\TrackerData.h(21): error C2027: use of undefined type 'MapPoint'
         c:\workspace\dev\ptam64bits\temp\ptam-64bits\KeyFrame.h(22): note: see declaration of 'MapPoint'
     1>c:\workspace\dev\ptam64bits\temp\ptam-64bits\TrackerData.h(50): error C2039: 'v3WorldPos': is not a member of 'TrackerData'
         c:\workspace\dev\ptam64bits\temp\ptam-64bits\TrackerData.h(17): note: see declaration of 'TrackerData'
     1>c:\workspace\dev\ptam64bits\temp\ptam-64bits\TrackerData.h(60): error C2676: binary '[': 'cv::Size' does not define this operator or a conversion to a type acceptable to the predefined operator
     1>c:\workspace\dev\ptam64bits\temp\ptam-64bits\TrackerData.h(60): error C2088: '[': illegal for class
     1>c:\workspace\dev\ptam64bits\temp\ptam-64bits\MapPoint.h(19): warning C4099: 'KeyFrame': type name first seen using 'struct' now seen using 'class'
         c:\workspace\dev\ptam64bits\temp\ptam-64bits\KeyFrame.h(69): note: see declaration of 'KeyFrame'
     1>c:\workspace\dev\ptam64bits\temp\ptam-64bits\MapPoint.h(20): warning C4099: 'TrackerData': type name first seen using 'struct' now seen using 'class'
         c:\workspace\dev\ptam64bits\temp\ptam-64bits\TrackerData.h(17): note: see declaration of 'TrackerData'
     1>c:\workspace\dev\ptam64bits\temp\ptam-64bits\MapPoint.h(21): warning C4099: 'MapMakerData': type name first seen using 'struct' now seen using 'class'
         c:\workspace\dev\ptam64bits\temp\ptam-64bits\MapMaker.h(27): note: see declaration of 'MapMakerData'
     1>C:\workSpace\dev\PTAM64bits\temp\PTAM-64bits\MapMaker.cpp(22): error C2512: 'std::queue': no appropriate default constructor available
         C:\Program Files (x86)\Microsoft Visual Studio 14.0\VC\include\queue(19): note: see declaration of 'std::queue'
     1>C:\workSpace\dev\PTAM64bits\temp\PTAM-64bits\MapMaker.cpp(44): error C2662: 'bool std::queue<_Ty,_Container>::empty(void) const': cannot convert 'this' pointer from 'std::queue' to 'const std::queue<_Ty,_Container> &'
         C:\workSpace\dev\PTAM64bits\temp\PTAM-64bits\MapMaker.cpp(44): note: Reason: cannot convert from 'std::queue' to 'const std::queue<_Ty,_Container>'
         C:\workSpace\dev\PTAM64bits\temp\PTAM-64bits\MapMaker.cpp(44): note: Conversion requires a second user-defined-conversion operator or constructor
     1>C:\workSpace\dev\PTAM64bits\temp\PTAM-64bits\MapMaker.cpp(44): error C2662: 'void std::queue<_Ty,_Container>::pop(void)': cannot convert 'this' pointer from 'std::queue' to 'std::queue<_Ty,_Container> &'
         C:\workSpace\dev\PTAM64bits\temp\PTAM-64bits\MapMaker.cpp(44): note: Reason: cannot convert from 'std::queue' to 'std::queue<_Ty,_Container>'
         C:\workSpace\dev\PTAM64bits\temp\PTAM-64bits\MapMaker.cpp(44): note: Conversion requires a second user-defined-conversion operator or constructor
     1>C:\workSpace\dev\PTAM64bits\temp\PTAM-64bits\MapMaker.cpp(45): error C2662: 'void std::vector<_Ty,_Alloc>::clear(void) noexcept': cannot convert 'this' pointer from 'std::vector' to 'std::vector<_Ty,_Alloc> &'
         C:\workSpace\dev\PTAM64bits\temp\PTAM-64bits\MapMaker.cpp(45): note: Reason: cannot convert from 'std::vector' to 'std::vector<_Ty,_Alloc>'
         C:\workSpace\dev\PTAM64bits\temp\PTAM-64bits\MapMaker.cpp(45): note: Conversion requires a second user-defined-conversion operator or constructor
     1>C:\workSpace\dev\PTAM64bits\temp\PTAM-64bits\MapMaker.cpp(138): error C2662: '_Vector_alloc<std::_Vec_base_types<_Ty,_Alloc_types::_Alloc>>::size_type std::vector<_Ty,_Alloc>::size(void) noexcept const': cannot convert 'this' pointer from 'std::vector' to 'const std::vector<_Ty,_Alloc> &'
         C:\workSpace\dev\PTAM64bits\temp\PTAM-64bits\MapMaker.cpp(138): note: Reason: cannot convert from 'std::vector' to 'const std::vector<_Ty,_Alloc>'
         C:\workSpace\dev\PTAM64bits\temp\PTAM-64bits\MapMaker.cpp(138): note: Conversion requires a second user-defined-conversion operator or constructor
     1>C:\workSpace\dev\PTAM64bits\temp\PTAM-64bits\MapMaker.cpp(142): error C2662: '_Vector_alloc<std::_Vec_base_types<_Ty,_Alloc_types::_Alloc>>::size_type std::vector<_Ty,_Alloc>::size(void) noexcept const': cannot convert 'this' pointer from 'std::vector' to 'const std::vector<_Ty,_Alloc> &'
         C:\workSpace\dev\PTAM64bits\temp\PTAM-64bits\MapMaker.cpp(142): note: Reason: cannot convert from 'std::vector' to 'const std::vector<_Ty,_Alloc>'
         C:\workSpace\dev\PTAM64bits\temp\PTAM-64bits\MapMaker.cpp(142): note: Conversion requires a second user-defined-conversion operator or constructor
     1>C:\workSpace\dev\PTAM64bits\temp\PTAM-64bits\MapMaker.cpp(144): error C2678: binary '[': no operator found which takes a left-hand operand of type 'std::vector' (or there is no acceptable conversion)
         C:\Program Files (x86)\Microsoft Visual Studio 14.0\VC\include\vector(1229): note: could be '_Vector_alloc<std::_Vec_base_types<_Ty,_Alloc_types::_Alloc>>::reference std::vector<_Ty,_Alloc>::operator [](_Vector_alloc<std::_Vec_base_types<_Ty,_Alloc_types::_Alloc>>::size_type)'
         C:\Program Files (x86)\Microsoft Visual Studio 14.0\VC\include\vector(1213): note: or       '_Vector_alloc<std::_Vec_base_types<_Ty,_Alloc_types::_Alloc>>::const_reference std::vector<_Ty,_Alloc>::operator [](_Vector_alloc<std::_Vec_base_types<_Ty,_Alloc_types::_Alloc>>::size_type) const'
         C:\workSpace\dev\PTAM64bits\temp\PTAM-64bits\MapMaker.cpp(144): note: while trying to match the argument list '(std::vector, unsigned int)'
     1>C:\workSpace\dev\PTAM64bits\temp\PTAM-64bits\MapMaker.cpp(149): error C2663: 'std::vector<_Ty,_Alloc>::push_back': 2 overloads have no legal conversion for 'this' pointer
     1>C:\workSpace\dev\PTAM64bits\temp\PTAM-64bits\MapMaker.cpp(156): error C2662: '_Vector_alloc<std::_Vec_base_types<_Ty,_Alloc_types::_Alloc>>::size_type std::vector<_Ty,_Alloc>::size(void) noexcept const': cannot convert 'this' pointer from 'std::vector' to 'const std::vector<_Ty,_Alloc> &'
         C:\workSpace\dev\PTAM64bits\temp\PTAM-64bits\MapMaker.cpp(156): note: Reason: cannot convert from 'std::vector' to 'const std::vector<_Ty,_Alloc>'
         C:\workSpace\dev\PTAM64bits\temp\PTAM-64bits\MapMaker.cpp(156): note: Conversion requires a second user-defined-conversion operator or constructor
     1>C:\workSpace\dev\PTAM64bits\temp\PTAM-64bits\MapMaker.cpp(158): error C2678: binary '[': no operator found which takes a left-hand operand of type 'std::vector' (or there is no acceptable conversion)
         C:\Program Files (x86)\Microsoft Visual Studio 14.0\VC\include\vector(1229): note: could be '_Vector_alloc<std::_Vec_base_types<_Ty,_Alloc_types::_Alloc>>::reference std::vector<_Ty,_Alloc>::operator [](_Vector_alloc<std::_Vec_base_types<_Ty,_Alloc_types::_Alloc>>::size_type)'
         C:\Program Files (x86)\Microsoft Visual Studio 14.0\VC\include\vector(1213): note: or       '_Vector_alloc<std::_Vec_base_types<_Ty,_Alloc_types::_Alloc>>::const_reference std::vector<_Ty,_Alloc>::operator [](_Vector_alloc<std::_Vec_base_types<_Ty,_Alloc_types::_Alloc>>::size_type) const'
         C:\workSpace\dev\PTAM64bits\temp\PTAM-64bits\MapMaker.cpp(158): note: while trying to match the argument list '(std::vector, unsigned int)'
     1>C:\workSpace\dev\PTAM64bits\temp\PTAM-64bits\MapMaker.cpp(158): error C2228: left of '.use_count' must have class/struct/union
     1>C:\workSpace\dev\PTAM64bits\temp\PTAM-64bits\MapMaker.cpp(160): error C2678: binary '[': no operator found which takes a left-hand operand of type 'std::vector' (or there is no acceptable conversion)
         C:\Program Files (x86)\Microsoft Visual Studio 14.0\VC\include\vector(1229): note: could be '_Vector_alloc<std::_Vec_base_types<_Ty,_Alloc_types::_Alloc>>::reference std::vector<_Ty,_Alloc>::operator [](_Vector_alloc<std::_Vec_base_types<_Ty,_Alloc_types::_Alloc>>::size_type)'
         C:\Program Files (x86)\Microsoft Visual Studio 14.0\VC\include\vector(1213): note: or       '_Vector_alloc<std::_Vec_base_types<_Ty,_Alloc_types::_Alloc>>::const_reference std::vector<_Ty,_Alloc>::operator [](_Vector_alloc<std::_Vec_base_types<_Ty,_Alloc_types::_Alloc>>::size_type) const'
         C:\workSpace\dev\PTAM64bits\temp\PTAM-64bits\MapMaker.cpp(160): note: while trying to match the argument list '(std::vector, unsigned int)'
     1>C:\workSpace\dev\PTAM64bits\temp\PTAM-64bits\MapMaker.cpp(162): error C2662: '_Vector_alloc<std::_Vec_base_types<_Ty,_Alloc_types::_Alloc>>::size_type std::vector<_Ty,_Alloc>::size(void) noexcept const': cannot convert 'this' pointer from 'std::vector' to 'const std::vector<_Ty,_Alloc> &'
         C:\workSpace\dev\PTAM64bits\temp\PTAM-64bits\MapMaker.cpp(162): note: Reason: cannot convert from 'std::vector' to 'const std::vector<_Ty,_Alloc>'
         C:\workSpace\dev\PTAM64bits\temp\PTAM-64bits\MapMaker.cpp(162): note: Conversion requires a second user-defined-conversion operator or constructor
     1>C:\workSpace\dev\PTAM64bits\temp\PTAM-64bits\MapMaker.cpp(164): error C2678: binary '[': no operator found which takes a left-hand operand of type 'std::vector' (or there is no acceptable conversion)
         C:\Program Files (x86)\Microsoft Visual Studio 14.0\VC\include\vector(1229): note: could be '_Vector_alloc<std::_Vec_base_types<_Ty,_Alloc_types::_Alloc>>::reference std::vector<_Ty,_Alloc>::operator [](_Vector_alloc<std::_Vec_base_types<_Ty,_Alloc_types::_Alloc>>::size_type)'
         C:\Program Files (x86)\Microsoft Visual Studio 14.0\VC\include\vector(1213): note: or       '_Vector_alloc<std::_Vec_base_types<_Ty,_Alloc_types::_Alloc>>::const_reference std::vector<_Ty,_Alloc>::operator [](_Vector_alloc<std::_Vec_base_types<_Ty,_Alloc_types::_Alloc>>::size_type) const'
         C:\workSpace\dev\PTAM64bits\temp\PTAM-64bits\MapMaker.cpp(164): note: while trying to match the argument list '(std::vector, unsigned int)'
     1>C:\workSpace\dev\PTAM64bits\temp\PTAM-64bits\MapMaker.cpp(172): error C2678: binary '=': no operator found which takes a left-hand operand of type 'std::vector' (or there is no acceptable conversion)
         C:\Program Files (x86)\Microsoft Visual Studio 14.0\VC\include\vector(979): note: could be 'std::vector<_Ty,_Alloc_types::_Alloc> &std::vector<_Ty,_Alloc>::operator =(const std::vector<_Ty,_Alloc_types::_Alloc> &)'
         C:\Program Files (x86)\Microsoft Visual Studio 14.0\VC\include\vector(957): note: or       'std::vector<_Ty,_Alloc_types::_Alloc> &std::vector<_Ty,_Alloc>::operator =(std::initializer_list<_Vector_alloc<std::_Vec_base_types<_Ty,_Alloc_types::_Alloc>>::value_type>)'
         C:\Program Files (x86)\Microsoft Visual Studio 14.0\VC\include\vector(851): note: or       'std::vector<_Ty,_Alloc_types::_Alloc> &std::vector<_Ty,_Alloc>::operator =(std::vector<_Ty,_Alloc_types::_Alloc> &&) noexcept(<expr>)'
         C:\workSpace\dev\PTAM64bits\temp\PTAM-64bits\MapMaker.cpp(172): note: while trying to match the argument list '(std::vector, std::vector<MapPoint::Ptr,std::allocator<_Ty>>)'
                 with
                 [
                     _Ty=MapPoint::Ptr
                 ]
     1>C:\workSpace\dev\PTAM64bits\temp\PTAM-64bits\MapMaker.cpp(172): error C2582: 'operator =' function is unavailable in 'std::vector'
     1>C:\workSpace\dev\PTAM64bits\temp\PTAM-64bits\MapMaker.cpp(173): error C2662: '_Vector_alloc<std::_Vec_base_types<_Ty,_Alloc_types::_Alloc>>::size_type std::vector<_Ty,_Alloc>::size(void) noexcept const': cannot convert 'this' pointer from 'std::vector' to 'const std::vector<_Ty,_Alloc> &'
         C:\workSpace\dev\PTAM64bits\temp\PTAM-64bits\MapMaker.cpp(173): note: Reason: cannot convert from 'std::vector' to 'const std::vector<_Ty,_Alloc>'
         C:\workSpace\dev\PTAM64bits\temp\PTAM-64bits\MapMaker.cpp(173): note: Conversion requires a second user-defined-conversion operator or constructor
     1>C:\workSpace\dev\PTAM64bits\temp\PTAM-64bits\MapMaker.cpp(339): error C2661: 'PatchFinder::MakeTemplateCoarseNoWarp': no overloaded function takes 1 arguments
     1>C:\workSpace\dev\PTAM64bits\temp\PTAM-64bits\MapMaker.cpp(360): error C2663: 'std::vector<_Ty,_Alloc>::push_back': 2 overloads have no legal conversion for 'this' pointer
     1>C:\workSpace\dev\PTAM64bits\temp\PTAM-64bits\MapMaker.cpp(369): error C2039: 'sMeasurementKFs': is not a member of 'TrackerData'
         c:\workspace\dev\ptam64bits\temp\ptam-64bits\MapPoint.h(20): note: see declaration of 'TrackerData'
     1>C:\workSpace\dev\PTAM64bits\temp\PTAM-64bits\MapMaker.cpp(369): error C2228: left of '.insert' must have class/struct/union
     1>C:\workSpace\dev\PTAM64bits\temp\PTAM-64bits\MapMaker.cpp(377): error C2039: 'sMeasurementKFs': is not a member of 'TrackerData'
         c:\workspace\dev\ptam64bits\temp\ptam-64bits\MapPoint.h(20): note: see declaration of 'TrackerData'
     1>C:\workSpace\dev\PTAM64bits\temp\PTAM-64bits\MapMaker.cpp(377): error C2228: left of '.insert' must have class/struct/union
     1>C:\workSpace\dev\PTAM64bits\temp\PTAM-64bits\MapMaker.cpp(380): error C2662: '_Vector_alloc<std::_Vec_base_types<_Ty,_Alloc_types::_Alloc>>::size_type std::vector<_Ty,_Alloc>::size(void) noexcept const': cannot convert 'this' pointer from 'std::vector' to 'const std::vector<_Ty,_Alloc> &'
         C:\workSpace\dev\PTAM64bits\temp\PTAM-64bits\MapMaker.cpp(380): note: Reason: cannot convert from 'std::vector' to 'const std::vector<_Ty,_Alloc>'
         C:\workSpace\dev\PTAM64bits\temp\PTAM-64bits\MapMaker.cpp(380): note: Conversion requires a second user-defined-conversion operator or constructor
     1>C:\workSpace\dev\PTAM64bits\temp\PTAM-64bits\MapMaker.cpp(386): error C2663: 'std::vector<_Ty,_Alloc>::push_back': 2 overloads have no legal conversion for 'this' pointer
     1>C:\workSpace\dev\PTAM64bits\temp\PTAM-64bits\MapMaker.cpp(387): error C2663: 'std::vector<_Ty,_Alloc>::push_back': 2 overloads have no legal conversion for 'this' pointer
     1>C:\workSpace\dev\PTAM64bits\temp\PTAM-64bits\MapMaker.cpp(424): error C2662: '_Vector_alloc<std::_Vec_base_types<_Ty,_Alloc_types::_Alloc>>::size_type std::vector<_Ty,_Alloc>::size(void) noexcept const': cannot convert 'this' pointer from 'std::vector' to 'const std::vector<_Ty,_Alloc> &'
         C:\workSpace\dev\PTAM64bits\temp\PTAM-64bits\MapMaker.cpp(424): note: Reason: cannot convert from 'std::vector' to 'const std::vector<_Ty,_Alloc>'
         C:\workSpace\dev\PTAM64bits\temp\PTAM-64bits\MapMaker.cpp(424): note: Conversion requires a second user-defined-conversion operator or constructor
     1>C:\workSpace\dev\PTAM64bits\temp\PTAM-64bits\MapMaker.cpp(457): warning C4018: '<': signed/unsigned mismatch
     1>C:\workSpace\dev\PTAM64bits\temp\PTAM-64bits\MapMaker.cpp(474): error C2662: '_Vector_alloc<std::_Vec_base_types<_Ty,_Alloc_types::_Alloc>>::size_type std::vector<_Ty,_Alloc>::size(void) noexcept const': cannot convert 'this' pointer from 'std::vector' to 'const std::vector<_Ty,_Alloc> &'
         C:\workSpace\dev\PTAM64bits\temp\PTAM-64bits\MapMaker.cpp(474): note: Reason: cannot convert from 'std::vector' to 'const std::vector<_Ty,_Alloc>'
         C:\workSpace\dev\PTAM64bits\temp\PTAM-64bits\MapMaker.cpp(474): note: Conversion requires a second user-defined-conversion operator or constructor
     1>C:\workSpace\dev\PTAM64bits\temp\PTAM-64bits\MapMaker.cpp(487): error C2662: '_Vector_alloc<std::_Vec_base_types<_Ty,_Alloc_types::_Alloc>>::size_type std::vector<_Ty,_Alloc>::size(void) noexcept const': cannot convert 'this' pointer from 'std::vector' to 'const std::vector<_Ty,_Alloc> &'
         C:\workSpace\dev\PTAM64bits\temp\PTAM-64bits\MapMaker.cpp(487): note: Reason: cannot convert from 'std::vector' to 'const std::vector<_Ty,_Alloc>'
         C:\workSpace\dev\PTAM64bits\temp\PTAM-64bits\MapMaker.cpp(487): note: Conversion requires a second user-defined-conversion operator or constructor
     1>C:\workSpace\dev\PTAM64bits\temp\PTAM-64bits\MapMaker.cpp(488): error C2678: binary '[': no operator found which takes a left-hand operand of type 'std::vector' (or there is no acceptable conversion)
         C:\Program Files (x86)\Microsoft Visual Studio 14.0\VC\include\vector(1229): note: could be '_Vector_alloc<std::_Vec_base_types<_Ty,_Alloc_types::_Alloc>>::reference std::vector<_Ty,_Alloc>::operator [](_Vector_alloc<std::_Vec_base_types<_Ty,_Alloc_types::_Alloc>>::size_type)'
         C:\Program Files (x86)\Microsoft Visual Studio 14.0\VC\include\vector(1213): note: or       '_Vector_alloc<std::_Vec_base_types<_Ty,_Alloc_types::_Alloc>>::const_reference std::vector<_Ty,_Alloc>::operator [](_Vector_alloc<std::_Vec_base_types<_Ty,_Alloc_types::_Alloc>>::size_type) const'
         C:\workSpace\dev\PTAM64bits\temp\PTAM-64bits\MapMaker.cpp(488): note: while trying to match the argument list '(std::vector, unsigned int)'
     1>C:\workSpace\dev\PTAM64bits\temp\PTAM-64bits\MapMaker.cpp(488): error C2227: left of '->se3CfromW' must point to class/struct/union/generic type
     1>C:\workSpace\dev\PTAM64bits\temp\PTAM-64bits\MapMaker.cpp(488): error C2088: '[': illegal for class
     1>C:\workSpace\dev\PTAM64bits\temp\PTAM-64bits\MapMaker.cpp(491): error C2662: '_Vector_alloc<std::_Vec_base_types<_Ty,_Alloc_types::_Alloc>>::size_type std::vector<_Ty,_Alloc>::size(void) noexcept const': cannot convert 'this' pointer from 'std::vector' to 'const std::vector<_Ty,_Alloc> &'
         C:\workSpace\dev\PTAM64bits\temp\PTAM-64bits\MapMaker.cpp(491): note: Reason: cannot convert from 'std::vector' to 'const std::vector<_Ty,_Alloc>'
         C:\workSpace\dev\PTAM64bits\temp\PTAM-64bits\MapMaker.cpp(491): note: Conversion requires a second user-defined-conversion operator or constructor
     1>C:\workSpace\dev\PTAM64bits\temp\PTAM-64bits\MapMaker.cpp(493): error C2678: binary '[': no operator found which takes a left-hand operand of type 'std::vector' (or there is no acceptable conversion)
         C:\Program Files (x86)\Microsoft Visual Studio 14.0\VC\include\vector(1229): note: could be '_Vector_alloc<std::_Vec_base_types<_Ty,_Alloc_types::_Alloc>>::reference std::vector<_Ty,_Alloc>::operator [](_Vector_alloc<std::_Vec_base_types<_Ty,_Alloc_types::_Alloc>>::size_type)'
         C:\Program Files (x86)\Microsoft Visual Studio 14.0\VC\include\vector(1213): note: or       '_Vector_alloc<std::_Vec_base_types<_Ty,_Alloc_types::_Alloc>>::const_reference std::vector<_Ty,_Alloc>::operator [](_Vector_alloc<std::_Vec_base_types<_Ty,_Alloc_types::_Alloc>>::size_type) const'
         C:\workSpace\dev\PTAM64bits\temp\PTAM-64bits\MapMaker.cpp(493): note: while trying to match the argument list '(std::vector, unsigned int)'
     1>C:\workSpace\dev\PTAM64bits\temp\PTAM-64bits\MapMaker.cpp(493): error C2227: left of '->v3WorldPos' must point to class/struct/union/generic type
     1>C:\workSpace\dev\PTAM64bits\temp\PTAM-64bits\MapMaker.cpp(494): error C2678: binary '[': no operator found which takes a left-hand operand of type 'std::vector' (or there is no acceptable conversion)
         C:\Program Files (x86)\Microsoft Visual Studio 14.0\VC\include\vector(1229): note: could be '_Vector_alloc<std::_Vec_base_types<_Ty,_Alloc_types::_Alloc>>::reference std::vector<_Ty,_Alloc>::operator [](_Vector_alloc<std::_Vec_base_types<_Ty,_Alloc_types::_Alloc>>::size_type)'
         C:\Program Files (x86)\Microsoft Visual Studio 14.0\VC\include\vector(1213): note: or       '_Vector_alloc<std::_Vec_base_types<_Ty,_Alloc_types::_Alloc>>::const_reference std::vector<_Ty,_Alloc>::operator [](_Vector_alloc<std::_Vec_base_types<_Ty,_Alloc_types::_Alloc>>::size_type) const'
         C:\workSpace\dev\PTAM64bits\temp\PTAM-64bits\MapMaker.cpp(494): note: while trying to match the argument list '(std::vector, unsigned int)'
     1>C:\workSpace\dev\PTAM64bits\temp\PTAM-64bits\MapMaker.cpp(494): error C2227: left of '->v3WorldPos' must point to class/struct/union/generic type
     1>C:\workSpace\dev\PTAM64bits\temp\PTAM-64bits\MapMaker.cpp(495): error C2678: binary '[': no operator found which takes a left-hand operand of type 'std::vector' (or there is no acceptable conversion)
         C:\Program Files (x86)\Microsoft Visual Studio 14.0\VC\include\vector(1229): note: could be '_Vector_alloc<std::_Vec_base_types<_Ty,_Alloc_types::_Alloc>>::reference std::vector<_Ty,_Alloc>::operator [](_Vector_alloc<std::_Vec_base_types<_Ty,_Alloc_types::_Alloc>>::size_type)'
         C:\Program Files (x86)\Microsoft Visual Studio 14.0\VC\include\vector(1213): note: or       '_Vector_alloc<std::_Vec_base_types<_Ty,_Alloc_types::_Alloc>>::const_reference std::vector<_Ty,_Alloc>::operator [](_Vector_alloc<std::_Vec_base_types<_Ty,_Alloc_types::_Alloc>>::size_type) const'
         C:\workSpace\dev\PTAM64bits\temp\PTAM-64bits\MapMaker.cpp(495): note: while trying to match the argument list '(std::vector, unsigned int)'
     1>C:\workSpace\dev\PTAM64bits\temp\PTAM-64bits\MapMaker.cpp(495): error C2227: left of '->RefreshPixelVectors' must point to class/struct/union/generic type
     1>C:\workSpace\dev\PTAM64bits\temp\PTAM-64bits\MapMaker.cpp(502): error C2662: '_Vector_alloc<std::_Vec_base_types<_Ty,_Alloc_types::_Alloc>>::size_type std::vector<_Ty,_Alloc>::size(void) noexcept const': cannot convert 'this' pointer from 'std::vector' to 'const std::vector<_Ty,_Alloc> &'
         C:\workSpace\dev\PTAM64bits\temp\PTAM-64bits\MapMaker.cpp(502): note: Reason: cannot convert from 'std::vector' to 'const std::vector<_Ty,_Alloc>'
         C:\workSpace\dev\PTAM64bits\temp\PTAM-64bits\MapMaker.cpp(502): note: Conversion requires a second user-defined-conversion operator or constructor
     1>C:\workSpace\dev\PTAM64bits\temp\PTAM-64bits\MapMaker.cpp(503): error C2678: binary '[': no operator found which takes a left-hand operand of type 'std::vector' (or there is no acceptable conversion)
         C:\Program Files (x86)\Microsoft Visual Studio 14.0\VC\include\vector(1229): note: could be '_Vector_alloc<std::_Vec_base_types<_Ty,_Alloc_types::_Alloc>>::reference std::vector<_Ty,_Alloc>::operator [](_Vector_alloc<std::_Vec_base_types<_Ty,_Alloc_types::_Alloc>>::size_type)'
         C:\Program Files (x86)\Microsoft Visual Studio 14.0\VC\include\vector(1213): note: or       '_Vector_alloc<std::_Vec_base_types<_Ty,_Alloc_types::_Alloc>>::const_reference std::vector<_Ty,_Alloc>::operator [](_Vector_alloc<std::_Vec_base_types<_Ty,_Alloc_types::_Alloc>>::size_type) const'
         C:\workSpace\dev\PTAM64bits\temp\PTAM-64bits\MapMaker.cpp(503): note: while trying to match the argument list '(std::vector, unsigned int)'
     1>C:\workSpace\dev\PTAM64bits\temp\PTAM-64bits\MapMaker.cpp(503): error C2227: left of '->se3CfromW' must point to class/struct/union/generic type
     1>C:\workSpace\dev\PTAM64bits\temp\PTAM-64bits\MapMaker.cpp(503): error C2228: left of '.get_translation' must have class/struct/union
     1>C:\workSpace\dev\PTAM64bits\temp\PTAM-64bits\MapMaker.cpp(505): error C2662: '_Vector_alloc<std::_Vec_base_types<_Ty,_Alloc_types::_Alloc>>::size_type std::vector<_Ty,_Alloc>::size(void) noexcept const': cannot convert 'this' pointer from 'std::vector' to 'const std::vector<_Ty,_Alloc> &'
         C:\workSpace\dev\PTAM64bits\temp\PTAM-64bits\MapMaker.cpp(505): note: Reason: cannot convert from 'std::vector' to 'const std::vector<_Ty,_Alloc>'
         C:\workSpace\dev\PTAM64bits\temp\PTAM-64bits\MapMaker.cpp(505): note: Conversion requires a second user-defined-conversion operator or constructor
     1>C:\workSpace\dev\PTAM64bits\temp\PTAM-64bits\MapMaker.cpp(507): error C2678: binary '[': no operator found which takes a left-hand operand of type 'std::vector' (or there is no acceptable conversion)
         C:\Program Files (x86)\Microsoft Visual Studio 14.0\VC\include\vector(1229): note: could be '_Vector_alloc<std::_Vec_base_types<_Ty,_Alloc_types::_Alloc>>::reference std::vector<_Ty,_Alloc>::operator [](_Vector_alloc<std::_Vec_base_types<_Ty,_Alloc_types::_Alloc>>::size_type)'
         C:\Program Files (x86)\Microsoft Visual Studio 14.0\VC\include\vector(1213): note: or       '_Vector_alloc<std::_Vec_base_types<_Ty,_Alloc_types::_Alloc>>::const_reference std::vector<_Ty,_Alloc>::operator [](_Vector_alloc<std::_Vec_base_types<_Ty,_Alloc_types::_Alloc>>::size_type) const'
         C:\workSpace\dev\PTAM64bits\temp\PTAM-64bits\MapMaker.cpp(507): note: while trying to match the argument list '(std::vector, unsigned int)'
     1>C:\workSpace\dev\PTAM64bits\temp\PTAM-64bits\MapMaker.cpp(507): error C2228: left of '.v3WorldPos' must have class/struct/union
     1>C:\workSpace\dev\PTAM64bits\temp\PTAM-64bits\MapMaker.cpp(508): error C2678: binary '[': no operator found which takes a left-hand operand of type 'std::vector' (or there is no acceptable conversion)
         C:\Program Files (x86)\Microsoft Visual Studio 14.0\VC\include\vector(1229): note: could be '_Vector_alloc<std::_Vec_base_types<_Ty,_Alloc_types::_Alloc>>::reference std::vector<_Ty,_Alloc>::operator [](_Vector_alloc<std::_Vec_base_types<_Ty,_Alloc_types::_Alloc>>::size_type)'
         C:\Program Files (x86)\Microsoft Visual Studio 14.0\VC\include\vector(1213): note: or       '_Vector_alloc<std::_Vec_base_types<_Ty,_Alloc_types::_Alloc>>::const_reference std::vector<_Ty,_Alloc>::operator [](_Vector_alloc<std::_Vec_base_types<_Ty,_Alloc_types::_Alloc>>::size_type) const'
         C:\workSpace\dev\PTAM64bits\temp\PTAM-64bits\MapMaker.cpp(508): note: while trying to match the argument list '(std::vector, unsigned int)'
     1>C:\workSpace\dev\PTAM64bits\temp\PTAM-64bits\MapMaker.cpp(508): error C2228: left of '.v3PixelRight_W' must have class/struct/union
     1>C:\workSpace\dev\PTAM64bits\temp\PTAM-64bits\MapMaker.cpp(509): error C2678: binary '[': no operator found which takes a left-hand operand of type 'std::vector' (or there is no acceptable conversion)
         C:\Program Files (x86)\Microsoft Visual Studio 14.0\VC\include\vector(1229): note: could be '_Vector_alloc<std::_Vec_base_types<_Ty,_Alloc_types::_Alloc>>::reference std::vector<_Ty,_Alloc>::operator [](_Vector_alloc<std::_Vec_base_types<_Ty,_Alloc_types::_Alloc>>::size_type)'
         C:\Program Files (x86)\Microsoft Visual Studio 14.0\VC\include\vector(1213): note: or       '_Vector_alloc<std::_Vec_base_types<_Ty,_Alloc_types::_Alloc>>::const_reference std::vector<_Ty,_Alloc>::operator [](_Vector_alloc<std::_Vec_base_types<_Ty,_Alloc_types::_Alloc>>::size_type) const'
         C:\workSpace\dev\PTAM64bits\temp\PTAM-64bits\MapMaker.cpp(509): note: while trying to match the argument list '(std::vector, unsigned int)'
     1>C:\workSpace\dev\PTAM64bits\temp\PTAM-64bits\MapMaker.cpp(509): error C2228: left of '.v3PixelDown_W' must have class/struct/union
     1>C:\workSpace\dev\PTAM64bits\temp\PTAM-64bits\MapMaker.cpp(510): error C2678: binary '[': no operator found which takes a left-hand operand of type 'std::vector' (or there is no acceptable conversion)
         C:\Program Files (x86)\Microsoft Visual Studio 14.0\VC\include\vector(1229): note: could be '_Vector_alloc<std::_Vec_base_types<_Ty,_Alloc_types::_Alloc>>::reference std::vector<_Ty,_Alloc>::operator [](_Vector_alloc<std::_Vec_base_types<_Ty,_Alloc_types::_Alloc>>::size_type)'
         C:\Program Files (x86)\Microsoft Visual Studio 14.0\VC\include\vector(1213): note: or       '_Vector_alloc<std::_Vec_base_types<_Ty,_Alloc_types::_Alloc>>::const_reference std::vector<_Ty,_Alloc>::operator [](_Vector_alloc<std::_Vec_base_types<_Ty,_Alloc_types::_Alloc>>::size_type) const'
         C:\workSpace\dev\PTAM64bits\temp\PTAM-64bits\MapMaker.cpp(510): note: while trying to match the argument list '(std::vector, unsigned int)'
     1>C:\workSpace\dev\PTAM64bits\temp\PTAM-64bits\MapMaker.cpp(510): error C2228: left of '.RefreshPixelVectors' must have class/struct/union
     1>C:\workSpace\dev\PTAM64bits\temp\PTAM-64bits\MapMaker.cpp(535): error C2663: 'std::vector<_Ty,_Alloc>::push_back': 2 overloads have no legal conversion for 'this' pointer
     1>C:\workSpace\dev\PTAM64bits\temp\PTAM-64bits\MapMaker.cpp(541): error C2039: 'sMeasurementKFs': is not a member of 'TrackerData'
         c:\workspace\dev\ptam64bits\temp\ptam-64bits\MapPoint.h(20): note: see declaration of 'TrackerData'
     1>C:\workSpace\dev\PTAM64bits\temp\PTAM-64bits\MapMaker.cpp(541): error C2228: left of '.insert' must have class/struct/union
     1>C:\workSpace\dev\PTAM64bits\temp\PTAM-64bits\MapMaker.cpp(572): error C2065: 'Vec2d': undeclared identifier
     1>C:\workSpace\dev\PTAM64bits\temp\PTAM-64bits\MapMaker.cpp(572): error C2672: 'cv::Mat::ptr': no matching overloaded function found
     1>C:\workSpace\dev\PTAM64bits\temp\PTAM-64bits\MapMaker.cpp(572): error C2974: 'cv::Mat::ptr': invalid template argument for '_Tp', type expected
         C:\Mylib\opencv3.1.0_cuda\2501build\install\include\opencv2/core/mat.hpp(1686): note: see declaration of 'cv::Mat::ptr'
     1>C:\workSpace\dev\PTAM64bits\temp\PTAM-64bits\MapMaker.cpp(572): error C2975: 'n': invalid template argument for 'cv::Mat::ptr', expected compile-time constant expression
         C:\Mylib\opencv3.1.0_cuda\2501build\install\include\opencv2/core/mat.hpp(1665): note: see declaration of 'n'
     1>C:\workSpace\dev\PTAM64bits\temp\PTAM-64bits\MapMaker.cpp(572): fatal error C1003: error count exceeds 100; stopping compilation
         Tracker.cpp
     1>C:\Mylib\opencv3.1.0_cuda\2501build\install\include\opencv2/core/mat.hpp(1965): warning C4819: The file contains a character that cannot be represented in the current code page (932). Save the file in Unicode format to prevent data loss
     1>C:\Mylib\opencv3.1.0_cuda\2501build\install\include\opencv2/core/persistence.hpp : warning C4819: The file contains a character that cannot be represented in the current code page (932). Save the file in Unicode format to prevent data loss
     1>C:\Mylib\opencv3.1.0_cuda\2501build\install\include\opencv2/core/utility.hpp : warning C4819: The file contains a character that cannot be represented in the current code page (932). Save the file in Unicode format to prevent data loss
     1>C:\Mylib\opencv3.1.0_cuda\2501build\install\include\opencv2/core/utility.hpp : warning C4819: The file contains a character that cannot be represented in the current code page (932). Save the file in Unicode format to prevent data loss
     1>c:\workspace\dev\ptam64bits\temp\ptam-64bits\Map.h(31): error C2027: use of undefined type 'MapPoint'
         c:\workspace\dev\ptam64bits\temp\ptam-64bits\Map.h(19): note: see declaration of 'MapPoint'
     1>c:\workspace\dev\ptam64bits\temp\ptam-64bits\Map.h(31): error C2065: 'Ptr': undeclared identifier
     1>c:\workspace\dev\ptam64bits\temp\ptam-64bits\Map.h(31): error C2923: 'std::vector': 'Ptr' is not a valid template type argument for parameter '_Ty'
     1>c:\workspace\dev\ptam64bits\temp\ptam-64bits\Map.h(31): error C3203: 'allocator': unspecialized class template can't be used as a template argument for template parameter '_Alloc', expected a real type
     1>c:\workspace\dev\ptam64bits\temp\ptam-64bits\Map.h(32): error C2027: use of undefined type 'MapPoint'
         c:\workspace\dev\ptam64bits\temp\ptam-64bits\Map.h(19): note: see declaration of 'MapPoint'
     1>c:\workspace\dev\ptam64bits\temp\ptam-64bits\Map.h(32): error C2065: 'Ptr': undeclared identifier
     1>c:\workspace\dev\ptam64bits\temp\ptam-64bits\Map.h(32): error C2923: 'std::vector': 'Ptr' is not a valid template type argument for parameter '_Ty'
     1>c:\workspace\dev\ptam64bits\temp\ptam-64bits\Map.h(32): error C3203: 'allocator': unspecialized class template can't be used as a template argument for template parameter '_Alloc', expected a real type
     1>c:\workspace\dev\ptam64bits\temp\ptam-64bits\Map.h(33): error C2027: use of undefined type 'KeyFrame'
         c:\workspace\dev\ptam64bits\temp\ptam-64bits\Map.h(20): note: see declaration of 'KeyFrame'
     1>c:\workspace\dev\ptam64bits\temp\ptam-64bits\Map.h(33): error C2065: 'Ptr': undeclared identifier
     1>c:\workspace\dev\ptam64bits\temp\ptam-64bits\Map.h(33): error C2923: 'std::vector': 'Ptr' is not a valid template type argument for parameter '_Ty'
     1>c:\workspace\dev\ptam64bits\temp\ptam-64bits\Map.h(33): error C3203: 'allocator': unspecialized class template can't be used as a template argument for template parameter '_Alloc', expected a real type
     1>c:\workspace\dev\ptam64bits\temp\ptam-64bits\Map.h(36): warning C4624: 'Map': destructor was implicitly defined as deleted
     1>c:\workspace\dev\ptam64bits\temp\ptam-64bits\KeyFrame.h(22): warning C4099: 'MapPoint': type name first seen using 'struct' now seen using 'class'
         c:\workspace\dev\ptam64bits\temp\ptam-64bits\Map.h(19): note: see declaration of 'MapPoint'
     1>c:\workspace\dev\ptam64bits\temp\ptam-64bits\gcvd\SO3.h(51): warning C4396: 'RigidTransforms::operator >>': the inline specifier cannot be used when a friend declaration refers to a specialization of a function template
         c:\workspace\dev\ptam64bits\temp\ptam-64bits\GCVD/SE3.h(34): note: see reference to class template instantiation 'RigidTransforms::SO3<Precision>' being compiled
                 with
                 [
                     Precision=float
                 ]
         c:\workspace\dev\ptam64bits\temp\ptam-64bits\KeyFrame.h(78): note: see reference to class template instantiation 'RigidTransforms::SE3<float>' being compiled
     1>c:\workspace\dev\ptam64bits\temp\ptam-64bits\gcvd\SO3.h(52): warning C4396: 'RigidTransforms::operator >>': the inline specifier cannot be used when a friend declaration refers to a specialization of a function template
     1>c:\workspace\dev\ptam64bits\temp\ptam-64bits\MapMaker.h(33): warning C4267: 'return': conversion from 'size_t' to 'int', possible loss of data
     1>c:\workspace\dev\ptam64bits\temp\ptam-64bits\MapMaker.h(88): error C2027: use of undefined type 'MapPoint'
         c:\workspace\dev\ptam64bits\temp\ptam-64bits\KeyFrame.h(22): note: see declaration of 'MapPoint'
     1>c:\workspace\dev\ptam64bits\temp\ptam-64bits\MapMaker.h(88): error C2065: 'Ptr': undeclared identifier
     1>c:\workspace\dev\ptam64bits\temp\ptam-64bits\MapMaker.h(88): error C2923: 'std::set': 'Ptr' is not a valid template type argument for parameter '_Kty'
     1>c:\workspace\dev\ptam64bits\temp\ptam-64bits\MapMaker.h(88): error C3203: 'less': unspecialized class template can't be used as a template argument for template parameter '_Pr', expected a real type
     1>c:\workspace\dev\ptam64bits\temp\ptam-64bits\MapMaker.h(88): error C3203: 'allocator': unspecialized class template can't be used as a template argument for template parameter '_Alloc', expected a real type
     1>c:\workspace\dev\ptam64bits\temp\ptam-64bits\MapMaker.h(97): error C2027: use of undefined type 'MapPoint'
         c:\workspace\dev\ptam64bits\temp\ptam-64bits\KeyFrame.h(22): note: see declaration of 'MapPoint'
     1>c:\workspace\dev\ptam64bits\temp\ptam-64bits\MapMaker.h(97): error C2061: syntax error: identifier 'Ptr'
     1>c:\workspace\dev\ptam64bits\temp\ptam-64bits\MapMaker.h(119): error C2027: use of undefined type 'MapPoint'
         c:\workspace\dev\ptam64bits\temp\ptam-64bits\KeyFrame.h(22): note: see declaration of 'MapPoint'
     1>c:\workspace\dev\ptam64bits\temp\ptam-64bits\MapMaker.h(119): error C2065: 'Ptr': undeclared identifier
     1>c:\workspace\dev\ptam64bits\temp\ptam-64bits\MapMaker.h(119): error C2923: 'std::pair': 'Ptr' is not a valid template type argument for parameter '_Ty2'
     1>c:\workspace\dev\ptam64bits\temp\ptam-64bits\MapMaker.h(119): error C3203: 'pair': unspecialized class template can't be used as a template argument for template parameter '_Ty', expected a real type
     1>c:\workspace\dev\ptam64bits\temp\ptam-64bits\MapMaker.h(120): error C2027: use of undefined type 'MapPoint'
         c:\workspace\dev\ptam64bits\temp\ptam-64bits\KeyFrame.h(22): note: see declaration of 'MapPoint'
     1>c:\workspace\dev\ptam64bits\temp\ptam-64bits\MapMaker.h(120): error C2065: 'Ptr': undeclared identifier
     1>c:\workspace\dev\ptam64bits\temp\ptam-64bits\MapMaker.h(120): error C2923: 'std::queue': 'Ptr' is not a valid template type argument for parameter '_Ty'
     1>c:\workspace\dev\ptam64bits\temp\ptam-64bits\MapMaker.h(120): error C3203: 'deque': unspecialized class template can't be used as a template argument for template parameter '_Container', expected a real type
     1>c:\workspace\dev\ptam64bits\temp\ptam-64bits\MapMaker.h(57): warning C4267: 'return': conversion from 'size_t' to 'int', possible loss of data
     1>c:\workspace\dev\ptam64bits\temp\ptam-64bits\gcvd\SO2.h(27): warning C4396: 'RigidTransforms::operator >>': the inline specifier cannot be used when a friend declaration refers to a specialization of a function template
         c:\workspace\dev\ptam64bits\temp\ptam-64bits\GCVD/SE2.h(33): note: see reference to class template instantiation 'RigidTransforms::SO2<Precision>' being compiled
                 with
                 [
                     Precision=double
                 ]
         c:\workspace\dev\ptam64bits\temp\ptam-64bits\Relocaliser.h(30): note: see reference to class template instantiation 'RigidTransforms::SE2<double>' being compiled
     1>c:\workspace\dev\ptam64bits\temp\ptam-64bits\gcvd\SO2.h(28): warning C4396: 'RigidTransforms::operator >>': the inline specifier cannot be used when a friend declaration refers to a specialization of a function template
     1>c:\workspace\dev\ptam64bits\temp\ptam-64bits\Tracker.h(81): error C2027: use of undefined type 'TrackerData'
         c:\workspace\dev\ptam64bits\temp\ptam-64bits\Tracker.h(30): note: see declaration of 'TrackerData'
     1>c:\workspace\dev\ptam64bits\temp\ptam-64bits\Tracker.h(81): error C2065: 'Ptr': undeclared identifier
     1>c:\workspace\dev\ptam64bits\temp\ptam-64bits\Tracker.h(81): error C2923: 'std::vector': 'Ptr' is not a valid template type argument for parameter '_Ty'
     1>c:\workspace\dev\ptam64bits\temp\ptam-64bits\Tracker.h(81): error C3203: 'allocator': unspecialized class template can't be used as a template argument for template parameter '_Alloc', expected a real type
     1>c:\workspace\dev\ptam64bits\temp\ptam-64bits\Tracker.h(84): error C2027: use of undefined type 'TrackerData'
         c:\workspace\dev\ptam64bits\temp\ptam-64bits\Tracker.h(30): note: see declaration of 'TrackerData'
     1>c:\workspace\dev\ptam64bits\temp\ptam-64bits\Tracker.h(84): error C2065: 'Ptr': undeclared identifier
     1>c:\workspace\dev\ptam64bits\temp\ptam-64bits\Tracker.h(84): error C2923: 'std::vector': 'Ptr' is not a valid template type argument for parameter '_Ty'
     1>c:\workspace\dev\ptam64bits\temp\ptam-64bits\Tracker.h(84): error C3203: 'allocator': unspecialized class template can't be used as a template argument for template parameter '_Alloc', expected a real type
     1>c:\workspace\dev\ptam64bits\temp\ptam-64bits\TrackerData.h(17): warning C4099: 'TrackerData': type name first seen using 'class' now seen using 'struct'
         c:\workspace\dev\ptam64bits\temp\ptam-64bits\TrackerData.h(16): note: see declaration of 'TrackerData'
     1>c:\workspace\dev\ptam64bits\temp\ptam-64bits\TrackerData.h(19): error C2027: use of undefined type 'MapPoint'
         c:\workspace\dev\ptam64bits\temp\ptam-64bits\KeyFrame.h(22): note: see declaration of 'MapPoint'
     1>c:\workspace\dev\ptam64bits\temp\ptam-64bits\TrackerData.h(21): error C2027: use of undefined type 'MapPoint'
         c:\workspace\dev\ptam64bits\temp\ptam-64bits\KeyFrame.h(22): note: see declaration of 'MapPoint'
     1>c:\workspace\dev\ptam64bits\temp\ptam-64bits\TrackerData.h(22): error C3646: 'Finder': unknown override specifier
     1>c:\workspace\dev\ptam64bits\temp\ptam-64bits\TrackerData.h(22): error C4430: missing type specifier - int assumed. Note: C++ does not support default-int
     1>c:\workspace\dev\ptam64bits\temp\ptam-64bits\TrackerData.h(50): error C2039: 'v3WorldPos': is not a member of 'TrackerData'
         c:\workspace\dev\ptam64bits\temp\ptam-64bits\TrackerData.h(17): note: see declaration of 'TrackerData'
     1>c:\workspace\dev\ptam64bits\temp\ptam-64bits\TrackerData.h(60): error C2676: binary '[': 'cv::Size' does not define this operator or a conversion to a type acceptable to the predefined operator
     1>c:\workspace\dev\ptam64bits\temp\ptam-64bits\TrackerData.h(60): error C2088: '[': illegal for class
     1>c:\workspace\dev\ptam64bits\temp\ptam-64bits\MapPoint.h(19): warning C4099: 'KeyFrame': type name first seen using 'struct' now seen using 'class'
         c:\workspace\dev\ptam64bits\temp\ptam-64bits\KeyFrame.h(69): note: see declaration of 'KeyFrame'
     1>c:\workspace\dev\ptam64bits\temp\ptam-64bits\MapPoint.h(20): warning C4099: 'TrackerData': type name first seen using 'struct' now seen using 'class'
         c:\workspace\dev\ptam64bits\temp\ptam-64bits\TrackerData.h(17): note: see declaration of 'TrackerData'
     1>c:\workspace\dev\ptam64bits\temp\ptam-64bits\MapPoint.h(21): warning C4099: 'MapMakerData': type name first seen using 'struct' now seen using 'class'
         c:\workspace\dev\ptam64bits\temp\ptam-64bits\MapMaker.h(27): note: see declaration of 'MapMakerData'
     1>c:\workspace\dev\ptam64bits\temp\ptam-64bits\PatchFinder.h(77): warning C4244: 'argument': conversion from 'double' to 'int', possible loss of data
     1>c:\workspace\dev\ptam64bits\temp\ptam-64bits\GCVD/GLHelpers.h(466): warning C4267: 'argument': conversion from 'size_t' to 'GLint', possible loss of data
     1>c:\workspace\dev\ptam64bits\temp\ptam-64bits\GCVD/GLHelpers.h(486): warning C4267: 'argument': conversion from 'size_t' to 'GLint', possible loss of data
     1>c:\workspace\dev\ptam64bits\temp\ptam-64bits\GCVD/GLHelpers.h(539): warning C4267: 'argument': conversion from 'size_t' to 'GLint', possible loss of data
     1>c:\workspace\dev\ptam64bits\temp\ptam-64bits\GCVD/GLHelpers.h(551): warning C4267: 'argument': conversion from 'size_t' to 'GLint', possible loss of data
     1>c:\workspace\dev\ptam64bits\temp\ptam-64bits\GCVD/GLHelpers.h(567): warning C4267: 'argument': conversion from 'size_t' to 'GLint', possible loss of data
     1>C:\workSpace\dev\PTAM64bits\temp\PTAM-64bits\Tracker.cpp(94): warning C4800: 'int': forcing value to bool 'true' or 'false' (performance warning)
     1>C:\workSpace\dev\PTAM64bits\temp\PTAM-64bits\Tracker.cpp(144): error C2662: '_Vector_alloc<std::_Vec_base_types<_Ty,_Alloc_types::_Alloc>>::size_type std::vector<_Ty,_Alloc>::size(void) noexcept const': cannot convert 'this' pointer from 'std::vector' to 'const std::vector<_Ty,_Alloc> &'
         C:\workSpace\dev\PTAM64bits\temp\PTAM-64bits\Tracker.cpp(144): note: Reason: cannot convert from 'std::vector' to 'const std::vector<_Ty,_Alloc>'
         C:\workSpace\dev\PTAM64bits\temp\PTAM-64bits\Tracker.cpp(144): note: Conversion requires a second user-defined-conversion operator or constructor
     1>C:\workSpace\dev\PTAM64bits\temp\PTAM-64bits\Tracker.cpp(205): warning C4305: 'argument': truncation from 'double' to 'GLfloat'
     1>C:\workSpace\dev\PTAM64bits\temp\PTAM-64bits\Tracker.cpp(207): warning C4305: 'argument': truncation from 'double' to 'GLfloat'
     1>C:\workSpace\dev\PTAM64bits\temp\PTAM-64bits\Tracker.cpp(472): error C2662: '_Vector_alloc<std::_Vec_base_types<_Ty,_Alloc_types::_Alloc>>::size_type std::vector<_Ty,_Alloc>::size(void) noexcept const': cannot convert 'this' pointer from 'std::vector' to 'const std::vector<_Ty,_Alloc> &'
         C:\workSpace\dev\PTAM64bits\temp\PTAM-64bits\Tracker.cpp(472): note: Reason: cannot convert from 'std::vector' to 'const std::vector<_Ty,_Alloc>'
         C:\workSpace\dev\PTAM64bits\temp\PTAM-64bits\Tracker.cpp(472): note: Conversion requires a second user-defined-conversion operator or constructor
     1>C:\workSpace\dev\PTAM64bits\temp\PTAM-64bits\Tracker.cpp(474): error C2678: binary '[': no operator found which takes a left-hand operand of type 'std::vector' (or there is no acceptable conversion)
         C:\Program Files (x86)\Microsoft Visual Studio 14.0\VC\include\vector(1229): note: could be '_Vector_alloc<std::_Vec_base_types<_Ty,_Alloc_types::_Alloc>>::reference std::vector<_Ty,_Alloc>::operator [](_Vector_alloc<std::_Vec_base_types<_Ty,_Alloc_types::_Alloc>>::size_type)'
         C:\Program Files (x86)\Microsoft Visual Studio 14.0\VC\include\vector(1213): note: or       '_Vector_alloc<std::_Vec_base_types<_Ty,_Alloc_types::_Alloc>>::const_reference std::vector<_Ty,_Alloc>::operator [](_Vector_alloc<std::_Vec_base_types<_Ty,_Alloc_types::_Alloc>>::size_type) const'
         C:\workSpace\dev\PTAM64bits\temp\PTAM-64bits\Tracker.cpp(474): note: while trying to match the argument list '(std::vector, unsigned int)'
     1>C:\workSpace\dev\PTAM64bits\temp\PTAM-64bits\Tracker.cpp(476): error C2664: 'TrackerData::TrackerData(TrackerData &&)': cannot convert argument 1 from 'MapPoint::Ptr' to 'TrackerData::Ptr'
         C:\workSpace\dev\PTAM64bits\temp\PTAM-64bits\Tracker.cpp(476): note: No user-defined-conversion operator available that can perform this conversion, or the operator cannot be called
     1>C:\workSpace\dev\PTAM64bits\temp\PTAM-64bits\Tracker.cpp(476): error C2660: 'std::shared_ptr<TrackerData>::reset': function does not take 1 arguments
     1>C:\workSpace\dev\PTAM64bits\temp\PTAM-64bits\Tracker.cpp(488): error C2039: 'Finder': is not a member of 'TrackerData'
         c:\workspace\dev\ptam64bits\temp\ptam-64bits\MapPoint.h(20): note: see declaration of 'TrackerData'
     1>C:\workSpace\dev\PTAM64bits\temp\PTAM-64bits\Tracker.cpp(488): error C2228: left of '.CalcSearchLevelAndWarpMatrix' must have class/struct/union
     1>C:\workSpace\dev\PTAM64bits\temp\PTAM-64bits\Tracker.cpp(488): error C2039: 'm2CamDerivs': is not a member of 'std::shared_ptr<TrackerData>'
         c:\workspace\dev\ptam64bits\temp\ptam-64bits\TrackerData.h(18): note: see declaration of 'std::shared_ptr<TrackerData>'
     1>C:\workSpace\dev\PTAM64bits\temp\PTAM-64bits\Tracker.cpp(559): warning C4267: 'initializing': conversion from 'size_t' to 'unsigned int', possible loss of data
     1>C:\workSpace\dev\PTAM64bits\temp\PTAM-64bits\Tracker.cpp(573): error C2664: 'int Tracker::SearchForPoints(std::vector &,int,int)': cannot convert argument 1 from 'std::vector<TrackerData::Ptr,std::allocator<_Ty>>' to 'std::vector &'
                 with
                 [
                     _Ty=TrackerData::Ptr
                 ]
     1>C:\workSpace\dev\PTAM64bits\temp\PTAM-64bits\Tracker.cpp(596): error C2664: 'cv::Vec<double,6> Tracker::CalcPoseUpdate(std::vector,double,bool)': cannot convert argument 1 from 'std::vector<TrackerData::Ptr,std::allocator<_Ty>>' to 'std::vector'
                 with
                 [
                     _Ty=TrackerData::Ptr
                 ]
         C:\workSpace\dev\PTAM64bits\temp\PTAM-64bits\Tracker.cpp(596): note: No user-defined-conversion operator available that can perform this conversion, or the operator cannot be called
     1>C:\workSpace\dev\PTAM64bits\temp\PTAM-64bits\Tracker.cpp(615): error C2664: 'int Tracker::SearchForPoints(std::vector &,int,int)': cannot convert argument 1 from 'std::vector<TrackerData::Ptr,std::allocator<_Ty>>' to 'std::vector &'
                 with
                 [
                     _Ty=TrackerData::Ptr
                 ]
     1>C:\workSpace\dev\PTAM64bits\temp\PTAM-64bits\Tracker.cpp(628): error C2143: syntax error: missing ';' before '<'
     1>C:\workSpace\dev\PTAM64bits\temp\PTAM-64bits\Tracker.cpp(628): error C4430: missing type specifier - int assumed. Note: C++ does not support default-int
     1>C:\workSpace\dev\PTAM64bits\temp\PTAM-64bits\Tracker.cpp(629): error C2065: 'gvnMaxPatchesPerFrame': undeclared identifier
     1>C:\workSpace\dev\PTAM64bits\temp\PTAM-64bits\Tracker.cpp(644): error C2664: 'int Tracker::SearchForPoints(std::vector &,int,int)': cannot convert argument 1 from 'std::vector<TrackerData::Ptr,std::allocator<_Ty>>' to 'std::vector &'
                 with
                 [
                     _Ty=TrackerData::Ptr
                 ]
     1>C:\workSpace\dev\PTAM64bits\temp\PTAM-64bits\Tracker.cpp(650): error C2065: 'Vector': undeclared identifier
     1>C:\workSpace\dev\PTAM64bits\temp\PTAM-64bits\Tracker.cpp(650): error C2065: 'v6LastUpdate': undeclared identifier
     1>C:\workSpace\dev\PTAM64bits\temp\PTAM-64bits\Tracker.cpp(651): error C2065: 'v6LastUpdate': undeclared identifier
     1>C:\workSpace\dev\PTAM64bits\temp\PTAM-64bits\Tracker.cpp(651): error C2065: 'Zeros': undeclared identifier
     1>C:\workSpace\dev\PTAM64bits\temp\PTAM-64bits\Tracker.cpp(673): error C2065: 'v6LastUpdate': undeclared identifier
     1>C:\workSpace\dev\PTAM64bits\temp\PTAM-64bits\Tracker.cpp(688): error C2065: 'Vector': undeclared identifier
     1>C:\workSpace\dev\PTAM64bits\temp\PTAM-64bits\Tracker.cpp(688): error C2065: 'v6Update': undeclared identifier
     1>C:\workSpace\dev\PTAM64bits\temp\PTAM-64bits\Tracker.cpp(689): error C2664: 'cv::Vec<double,6> Tracker::CalcPoseUpdate(std::vector,double,bool)': cannot convert argument 1 from 'std::vector<TrackerData::Ptr,std::allocator<_Ty>>' to 'std::vector'
                 with
                 [
                     _Ty=TrackerData::Ptr
                 ]
         C:\workSpace\dev\PTAM64bits\temp\PTAM-64bits\Tracker.cpp(689): note: No user-defined-conversion operator available that can perform this conversion, or the operator cannot be called
     1>C:\workSpace\dev\PTAM64bits\temp\PTAM-64bits\Tracker.cpp(690): error C2065: 'v6Update': undeclared identifier
     1>C:\workSpace\dev\PTAM64bits\temp\PTAM-64bits\Tracker.cpp(691): error C2065: 'v6LastUpdate': undeclared identifier
     1>C:\workSpace\dev\PTAM64bits\temp\PTAM-64bits\Tracker.cpp(691): error C2065: 'v6Update': undeclared identifier
     1>C:\workSpace\dev\PTAM64bits\temp\PTAM-64bits\Tracker.cpp(707): error C3861: 'glColor': identifier not found
     1>C:\workSpace\dev\PTAM64bits\temp\PTAM-64bits\Tracker.cpp(708): error C3861: 'glVertex': identifier not found
     1>C:\workSpace\dev\PTAM64bits\temp\PTAM-64bits\Tracker.cpp(722): error C2440: 'initializing': cannot convert from 'std::_Vector_iterator<std::_Vector_val<std::_Simple_types<std::shared_ptr<TrackerData>>>>' to 'std::_Vector_iterator<std::_Vector_val<std::_Simple_types<TrackerData *>>>'
         C:\workSpace\dev\PTAM64bits\temp\PTAM-64bits\Tracker.cpp(722): note: No constructor could take the source type, or constructor overload resolution was ambiguous
     1>C:\workSpace\dev\PTAM64bits\temp\PTAM-64bits\Tracker.cpp(723): error C2678: binary '!=': no operator found which takes a left-hand operand of type 'std::_Vector_iterator<std::_Vector_val<std::_Simple_types<TrackerData *>>>' (or there is no acceptable conversion)
         C:\Program Files (x86)\Microsoft Visual Studio 14.0\VC\include\vector(217): note: could be 'bool std::_Vector_const_iterator<std::_Vector_val<std::_Simple_types<TrackerData *>>>::operator !=(const std::_Vector_const_iterator<std::_Vector_val<std::_Simple_types<TrackerData *>>> &) const'
         C:\Program Files (x86)\Windows Kits\8.1\Include\shared\guiddef.h(197): note: or       'bool operator !=(const GUID &,const GUID &)'
         C:\Program Files (x86)\Microsoft Visual Studio 14.0\VC\include\thread(219): note: or       'bool std::operator !=(std::thread::id,std::thread::id) noexcept'
         C:\Program Files (x86)\Microsoft Visual Studio 14.0\VC\include\system_error(419): note: or       'bool std::operator !=(const std::error_condition &,const std::error_condition &) noexcept'
         C:\Program Files (x86)\Microsoft Visual Studio 14.0\VC\include\system_error(412): note: or       'bool std::operator !=(const std::error_condition &,const std::error_code &) noexcept'
         C:\Program Files (x86)\Microsoft Visual Studio 14.0\VC\include\system_error(405): note: or       'bool std::operator !=(const std::error_code &,const std::error_condition &) noexcept'
         C:\Program Files (x86)\Microsoft Visual Studio 14.0\VC\include\system_error(398): note: or       'bool std::operator !=(const std::error_code &,const std::error_code &) noexcept'
         C:\Program Files (x86)\Microsoft Visual Studio 14.0\VC\include\exception(354): note: or       'bool std::operator !=(const std::exception_ptr &,std::nullptr_t) throw()'
         C:\Program Files (x86)\Microsoft Visual Studio 14.0\VC\include\exception(349): note: or       'bool std::operator !=(std::nullptr_t,const std::exception_ptr &) throw()'
         C:\Program Files (x86)\Microsoft Visual Studio 14.0\VC\include\exception(344): note: or       'bool std::operator !=(const std::exception_ptr &,const std::exception_ptr &) throw()'
         C:\workSpace\dev\PTAM64bits\temp\PTAM-64bits\Tracker.cpp(723): note: while trying to match the argument list '(std::_Vector_iterator<std::_Vector_val<std::_Simple_types<TrackerData *>>>, std::_Vector_iterator<std::_Vector_val<std::_Simple_types<std::shared_ptr<TrackerData>>>>)'
     1>C:\workSpace\dev\PTAM64bits\temp\PTAM-64bits\Tracker.cpp(732): error C2679: binary '[': no operator found which takes a right-hand operand of type 'TrackerData::Ptr *' (or there is no acceptable conversion)
         C:\Program Files (x86)\Microsoft Visual Studio 14.0\VC\include\map(336): note: could be 'Measurement &std::map<boost::shared_ptr<MapPoint>,Measurement,std::less<_Kty>,std::allocator<std::pair<const _Kty,_Ty>>>::operator [](const boost::shared_ptr<MapPoint> &)'
                 with
                 [
                     _Kty=boost::shared_ptr<MapPoint>,
                     _Ty=Measurement
                 ]
         C:\Program Files (x86)\Microsoft Visual Studio 14.0\VC\include\map(176): note: or       'Measurement &std::map<boost::shared_ptr<MapPoint>,Measurement,std::less<_Kty>,std::allocator<std::pair<const _Kty,_Ty>>>::operator [](boost::shared_ptr<MapPoint> &&)'
                 with
                 [
                     _Kty=boost::shared_ptr<MapPoint>,
                     _Ty=Measurement
                 ]
         C:\workSpace\dev\PTAM64bits\temp\PTAM-64bits\Tracker.cpp(732): note: while trying to match the argument list '(std::map<boost::shared_ptr<MapPoint>,Measurement,std::less<_Kty>,std::allocator<std::pair<const _Kty,_Ty>>>, TrackerData::Ptr *)'
                 with
                 [
                     _Kty=boost::shared_ptr<MapPoint>,
                     _Ty=Measurement
                 ]
     1>C:\workSpace\dev\PTAM64bits\temp\PTAM-64bits\Tracker.cpp(740): error C2440: 'initializing': cannot convert from 'std::_Vector_iterator<std::_Vector_val<std::_Simple_types<std::shared_ptr<TrackerData>>>>' to 'std::_Vector_iterator<std::_Vector_val<std::_Simple_types<TrackerData *>>>'
         C:\workSpace\dev\PTAM64bits\temp\PTAM-64bits\Tracker.cpp(740): note: No constructor could take the source type, or constructor overload resolution was ambiguous
     1>C:\workSpace\dev\PTAM64bits\temp\PTAM-64bits\Tracker.cpp(741): error C2678: binary '!=': no operator found which takes a left-hand operand of type 'std::_Vector_iterator<std::_Vector_val<std::_Simple_types<TrackerData *>>>' (or there is no acceptable conversion)
         C:\Program Files (x86)\Microsoft Visual Studio 14.0\VC\include\vector(217): note: could be 'bool std::_Vector_const_iterator<std::_Vector_val<std::_Simple_types<TrackerData *>>>::operator !=(const std::_Vector_const_iterator<std::_Vector_val<std::_Simple_types<TrackerData *>>> &) const'
         C:\Program Files (x86)\Windows Kits\8.1\Include\shared\guiddef.h(197): note: or       'bool operator !=(const GUID &,const GUID &)'
         C:\Program Files (x86)\Microsoft Visual Studio 14.0\VC\include\thread(219): note: or       'bool std::operator !=(std::thread::id,std::thread::id) noexcept'
         C:\Program Files (x86)\Microsoft Visual Studio 14.0\VC\include\system_error(419): note: or       'bool std::operator !=(const std::error_condition &,const std::error_condition &) noexcept'
         C:\Program Files (x86)\Microsoft Visual Studio 14.0\VC\include\system_error(412): note: or       'bool std::operator !=(const std::error_condition &,const std::error_code &) noexcept'
         C:\Program Files (x86)\Microsoft Visual Studio 14.0\VC\include\system_error(405): note: or       'bool std::operator !=(const std::error_code &,const std::error_condition &) noexcept'
         C:\Program Files (x86)\Microsoft Visual Studio 14.0\VC\include\system_error(398): note: or       'bool std::operator !=(const std::error_code &,const std::error_code &) noexcept'
         C:\Program Files (x86)\Microsoft Visual Studio 14.0\VC\include\exception(354): note: or       'bool std::operator !=(const std::exception_ptr &,std::nullptr_t) throw()'
         C:\Program Files (x86)\Microsoft Visual Studio 14.0\VC\include\exception(349): note: or       'bool std::operator !=(std::nullptr_t,const std::exception_ptr &) throw()'
         C:\Program Files (x86)\Microsoft Visual Studio 14.0\VC\include\exception(344): note: or       'bool std::operator !=(const std::exception_ptr &,const std::exception_ptr &) throw()'
         C:\workSpace\dev\PTAM64bits\temp\PTAM-64bits\Tracker.cpp(741): note: while trying to match the argument list '(std::_Vector_iterator<std::_Vector_val<std::_Simple_types<TrackerData *>>>, std::_Vector_iterator<std::_Vector_val<std::_Simple_types<std::shared_ptr<TrackerData>>>>)'
     1>C:\workSpace\dev\PTAM64bits\temp\PTAM-64bits\Tracker.cpp(760): error C2511: 'int Tracker::SearchForPoints(std::vector<TrackerData::Ptr,std::allocator<_Ty>> &,int,int)': overloaded member function not found in 'Tracker'
                 with
                 [
                     _Ty=TrackerData::Ptr
                 ]
         c:\workspace\dev\ptam64bits\temp\ptam-64bits\Tracker.h(39): note: see declaration of 'Tracker'
     1>C:\workSpace\dev\PTAM64bits\temp\PTAM-64bits\Tracker.cpp(767): error C2039: 'Finder': is not a member of 'TrackerData'
         c:\workspace\dev\ptam64bits\temp\ptam-64bits\MapPoint.h(20): note: see declaration of 'TrackerData'
     1>C:\workSpace\dev\PTAM64bits\temp\PTAM-64bits\Tracker.cpp(767): error C2530: 'Finder': references must be initialized
     1>C:\workSpace\dev\PTAM64bits\temp\PTAM-64bits\Tracker.cpp(768): error C2664: 'void PatchFinder::MakeTemplateCoarseCont(MapPoint::Ptr)': cannot convert argument 1 from 'TrackerData::Ptr' to 'MapPoint::Ptr'
         C:\workSpace\dev\PTAM64bits\temp\PTAM-64bits\Tracker.cpp(768): note: No user-defined-conversion operator available that can perform this conversion, or the operator cannot be called
     1>C:\workSpace\dev\PTAM64bits\temp\PTAM-64bits\Tracker.cpp(774): error C2597: illegal reference to non-static member 'Tracker::manMeasAttempted'
     1>C:\workSpace\dev\PTAM64bits\temp\PTAM-64bits\Tracker.cpp(774): error C3867: 'Tracker::manMeasAttempted': non-standard syntax; use '&' to create a pointer to member
     1>C:\workSpace\dev\PTAM64bits\temp\PTAM-64bits\Tracker.cpp(774): error C2109: subscript requires array or pointer type
     1>C:\workSpace\dev\PTAM64bits\temp\PTAM-64bits\Tracker.cpp(777): error C2597: illegal reference to non-static member 'Tracker::mCurrentKF'
     1>C:\workSpace\dev\PTAM64bits\temp\PTAM-64bits\Tracker.cpp(789): error C2597: illegal reference to non-static member 'Tracker::manMeasFound'
     1>C:\workSpace\dev\PTAM64bits\temp\PTAM-64bits\Tracker.cpp(789): error C3867: 'Tracker::manMeasFound': non-standard syntax; use '&' to create a pointer to member
     1>C:\workSpace\dev\PTAM64bits\temp\PTAM-64bits\Tracker.cpp(789): error C2109: subscript requires array or pointer type
     1>C:\workSpace\dev\PTAM64bits\temp\PTAM-64bits\Tracker.cpp(796): error C2597: illegal reference to non-static member 'Tracker::mCurrentKF'
     1>C:\workSpace\dev\PTAM64bits\temp\PTAM-64bits\Tracker.cpp(801): error C2597: illegal reference to non-static member 'Tracker::manMeasFound'
     1>C:\workSpace\dev\PTAM64bits\temp\PTAM-64bits\Tracker.cpp(801): error C3867: 'Tracker::manMeasFound': non-standard syntax; use '&' to create a pointer to member
     1>C:\workSpace\dev\PTAM64bits\temp\PTAM-64bits\Tracker.cpp(801): error C2109: subscript requires array or pointer type
     1>C:\workSpace\dev\PTAM64bits\temp\PTAM-64bits\Tracker.cpp(823): error C2511: 'cv::Vec<double,6> Tracker::CalcPoseUpdate(std::vector<TrackerData::Ptr,std::allocator<_Ty>>,double,bool)': overloaded member function not found in 'Tracker'
                 with
                 [
                     _Ty=TrackerData::Ptr
                 ]
         c:\workspace\dev\ptam64bits\temp\ptam-64bits\Tracker.h(39): note: see declaration of 'Tracker'
     1>C:\workSpace\dev\PTAM64bits\temp\PTAM-64bits\Tracker.cpp(895): error C2039: 'nMEstimatorOutlierCount': is not a member of 'TrackerData'
         c:\workspace\dev\ptam64bits\temp\ptam-64bits\MapPoint.h(20): note: see declaration of 'TrackerData'
     1>C:\workSpace\dev\PTAM64bits\temp\PTAM-64bits\Tracker.cpp(900): error C2039: 'nMEstimatorInlierCount': is not a member of 'TrackerData'
         c:\workspace\dev\ptam64bits\temp\ptam-64bits\MapPoint.h(20): note: see declaration of 'TrackerData'
         Relocaliser.cpp
     1>C:\Mylib\opencv3.1.0_cuda\2501build\install\include\opencv2/core/mat.hpp(1965): warning C4819: The file contains a character that cannot be represented in the current code page (932). Save the file in Unicode format to prevent data loss
     1>C:\Mylib\opencv3.1.0_cuda\2501build\install\include\opencv2/core/persistence.hpp : warning C4819: The file contains a character that cannot be represented in the current code page (932). Save the file in Unicode format to prevent data loss
     1>C:\Mylib\opencv3.1.0_cuda\2501build\install\include\opencv2/core/utility.hpp : warning C4819: The file contains a character that cannot be represented in the current code page (932). Save the file in Unicode format to prevent data loss
     1>C:\Mylib\opencv3.1.0_cuda\2501build\install\include\opencv2/core/utility.hpp : warning C4819: The file contains a character that cannot be represented in the current code page (932). Save the file in Unicode format to prevent data loss
     1>c:\workspace\dev\ptam64bits\temp\ptam-64bits\gcvd\SO3.h(51): warning C4396: 'RigidTransforms::operator >>': the inline specifier cannot be used when a friend declaration refers to a specialization of a function template
         c:\workspace\dev\ptam64bits\temp\ptam-64bits\GCVD/SE3.h(34): note: see reference to class template instantiation 'RigidTransforms::SO3<Precision>' being compiled
                 with
                 [
                     Precision=float
                 ]
         c:\workspace\dev\ptam64bits\temp\ptam-64bits\KeyFrame.h(78): note: see reference to class template instantiation 'RigidTransforms::SE3<float>' being compiled
     1>c:\workspace\dev\ptam64bits\temp\ptam-64bits\gcvd\SO3.h(52): warning C4396: 'RigidTransforms::operator >>': the inline specifier cannot be used when a friend declaration refers to a specialization of a function template
     1>c:\workspace\dev\ptam64bits\temp\ptam-64bits\Map.h(19): warning C4099: 'MapPoint': type name first seen using 'class' now seen using 'struct'
         c:\workspace\dev\ptam64bits\temp\ptam-64bits\KeyFrame.h(22): note: see declaration of 'MapPoint'
     1>c:\workspace\dev\ptam64bits\temp\ptam-64bits\Map.h(31): error C2027: use of undefined type 'MapPoint'
         c:\workspace\dev\ptam64bits\temp\ptam-64bits\Map.h(19): note: see declaration of 'MapPoint'
     1>c:\workspace\dev\ptam64bits\temp\ptam-64bits\Map.h(31): error C2065: 'Ptr': undeclared identifier
     1>c:\workspace\dev\ptam64bits\temp\ptam-64bits\Map.h(31): error C2923: 'std::vector': 'Ptr' is not a valid template type argument for parameter '_Ty'
     1>c:\workspace\dev\ptam64bits\temp\ptam-64bits\Map.h(31): error C3203: 'allocator': unspecialized class template can't be used as a template argument for template parameter '_Alloc', expected a real type
     1>c:\workspace\dev\ptam64bits\temp\ptam-64bits\Map.h(32): error C2027: use of undefined type 'MapPoint'
         c:\workspace\dev\ptam64bits\temp\ptam-64bits\Map.h(19): note: see declaration of 'MapPoint'
     1>c:\workspace\dev\ptam64bits\temp\ptam-64bits\Map.h(32): error C2065: 'Ptr': undeclared identifier
     1>c:\workspace\dev\ptam64bits\temp\ptam-64bits\Map.h(32): error C2923: 'std::vector': 'Ptr' is not a valid template type argument for parameter '_Ty'
     1>c:\workspace\dev\ptam64bits\temp\ptam-64bits\Map.h(32): error C3203: 'allocator': unspecialized class template can't be used as a template argument for template parameter '_Alloc', expected a real type
     1>c:\workspace\dev\ptam64bits\temp\ptam-64bits\Map.h(36): warning C4624: 'Map': destructor was implicitly defined as deleted
     1>c:\workspace\dev\ptam64bits\temp\ptam-64bits\gcvd\SO2.h(27): warning C4396: 'RigidTransforms::operator >>': the inline specifier cannot be used when a friend declaration refers to a specialization of a function template
         c:\workspace\dev\ptam64bits\temp\ptam-64bits\GCVD/SE2.h(33): note: see reference to class template instantiation 'RigidTransforms::SO2<Precision>' being compiled
                 with
                 [
                     Precision=double
                 ]
         c:\workspace\dev\ptam64bits\temp\ptam-64bits\Relocaliser.h(30): note: see reference to class template instantiation 'RigidTransforms::SE2<double>' being compiled
     1>c:\workspace\dev\ptam64bits\temp\ptam-64bits\gcvd\SO2.h(28): warning C4396: 'RigidTransforms::operator >>': the inline specifier cannot be used when a friend declaration refers to a specialization of a function template
         HomographyInit.cpp
     1>C:\Mylib\opencv3.1.0_cuda\2501build\install\include\opencv2/core/mat.hpp(1965): warning C4819: The file contains a character that cannot be represented in the current code page (932). Save the file in Unicode format to prevent data loss
     1>C:\Mylib\opencv3.1.0_cuda\2501build\install\include\opencv2/core/persistence.hpp : warning C4819: The file contains a character that cannot be represented in the current code page (932). Save the file in Unicode format to prevent data loss
     1>C:\Mylib\opencv3.1.0_cuda\2501build\install\include\opencv2/core/utility.hpp : warning C4819: The file contains a character that cannot be represented in the current code page (932). Save the file in Unicode format to prevent data loss
     1>C:\Mylib\opencv3.1.0_cuda\2501build\install\include\opencv2/core/utility.hpp : warning C4819: The file contains a character that cannot be represented in the current code page (932). Save the file in Unicode format to prevent data loss
     1>c:\workspace\dev\ptam64bits\temp\ptam-64bits\gcvd\SO3.h(51): warning C4396: 'RigidTransforms::operator >>': the inline specifier cannot be used when a friend declaration refers to a specialization of a function template
         c:\workspace\dev\ptam64bits\temp\ptam-64bits\GCVD/SE3.h(34): note: see reference to class template instantiation 'RigidTransforms::SO3<Precision>' being compiled
                 with
                 [
                     Precision=float
                 ]
         c:\workspace\dev\ptam64bits\temp\ptam-64bits\HomographyInit.h(34): note: see reference to class template instantiation 'RigidTransforms::SE3<float>' being compiled
     1>c:\workspace\dev\ptam64bits\temp\ptam-64bits\gcvd\SO3.h(52): warning C4396: 'RigidTransforms::operator >>': the inline specifier cannot be used when a friend declaration refers to a specialization of a function template
     1>C:\workSpace\dev\PTAM64bits\temp\PTAM-64bits\HomographyInit.cpp(60): warning C4267: 'initializing': conversion from 'size_t' to 'unsigned int', possible loss of data
     1>C:\workSpace\dev\PTAM64bits\temp\PTAM-64bits\HomographyInit.cpp(106): warning C4244: '=': conversion from 'double' to 'float', possible loss of data
     1>C:\workSpace\dev\PTAM64bits\temp\PTAM-64bits\HomographyInit.cpp(107): warning C4244: '=': conversion from 'double' to 'float', possible loss of data
     1>C:\workSpace\dev\PTAM64bits\temp\PTAM-64bits\HomographyInit.cpp(108): warning C4244: '=': conversion from 'double' to 'float', possible loss of data
     1>C:\workSpace\dev\PTAM64bits\temp\PTAM-64bits\HomographyInit.cpp(269): warning C4244: 'initializing': conversion from 'double' to 'float', possible loss of data
     1>C:\workSpace\dev\PTAM64bits\temp\PTAM-64bits\HomographyInit.cpp(274): warning C4244: 'initializing': conversion from 'double' to 'float', possible loss of data
     1>C:\workSpace\dev\PTAM64bits\temp\PTAM-64bits\HomographyInit.cpp(277): warning C4244: 'initializing': conversion from 'double' to 'float', possible loss of data
         Bundle.cpp
     1>C:\Mylib\opencv3.1.0_cuda\2501build\install\include\opencv2/core/mat.hpp(1965): warning C4819: The file contains a character that cannot be represented in the current code page (932). Save the file in Unicode format to prevent data loss
     1>C:\Mylib\opencv3.1.0_cuda\2501build\install\include\opencv2/core/persistence.hpp : warning C4819: The file contains a character that cannot be represented in the current code page (932). Save the file in Unicode format to prevent data loss
     1>C:\Mylib\opencv3.1.0_cuda\2501build\install\include\opencv2/core/utility.hpp : warning C4819: The file contains a character that cannot be represented in the current code page (932). Save the file in Unicode format to prevent data loss
     1>C:\Mylib\opencv3.1.0_cuda\2501build\install\include\opencv2/core/utility.hpp : warning C4819: The file contains a character that cannot be represented in the current code page (932). Save the file in Unicode format to prevent data loss
     1>c:\workspace\dev\ptam64bits\temp\ptam-64bits\gcvd\SO3.h(51): warning C4396: 'RigidTransforms::operator >>': the inline specifier cannot be used when a friend declaration refers to a specialization of a function template
         c:\workspace\dev\ptam64bits\temp\ptam-64bits\GCVD/SE3.h(34): note: see reference to class template instantiation 'RigidTransforms::SO3<Precision>' being compiled
                 with
                 [
                     Precision=float
                 ]
         c:\workspace\dev\ptam64bits\temp\ptam-64bits\Bundle.h(37): note: see reference to class template instantiation 'RigidTransforms::SE3<float>' being compiled
     1>c:\workspace\dev\ptam64bits\temp\ptam-64bits\gcvd\SO3.h(52): warning C4396: 'RigidTransforms::operator >>': the inline specifier cannot be used when a friend declaration refers to a specialization of a function template
     1>C:\workSpace\dev\PTAM64bits\temp\PTAM-64bits\Bundle.cpp(47): warning C4267: 'initializing': conversion from 'size_t' to 'int', possible loss of data
     1>C:\workSpace\dev\PTAM64bits\temp\PTAM-64bits\Bundle.cpp(67): warning C4267: 'initializing': conversion from 'size_t' to 'int', possible loss of data
     1>C:\workSpace\dev\PTAM64bits\temp\PTAM-64bits\Bundle.cpp(583): error C2958: the left bracket '[' found at 'c:\workspace\dev\ptam64bits\temp\ptam-64bits\bundle.cpp(288)' was not matched correctly
         MiniPatch.cpp
     1>C:\Mylib\opencv3.1.0_cuda\2501build\install\include\opencv2/core/mat.hpp(1965): warning C4819: The file contains a character that cannot be represented in the current code page (932). Save the file in Unicode format to prevent data loss
     1>C:\Mylib\opencv3.1.0_cuda\2501build\install\include\opencv2/core/persistence.hpp : warning C4819: The file contains a character that cannot be represented in the current code page (932). Save the file in Unicode format to prevent data loss
     1>C:\Mylib\opencv3.1.0_cuda\2501build\install\include\opencv2/core/utility.hpp : warning C4819: The file contains a character that cannot be represented in the current code page (932). Save the file in Unicode format to prevent data loss
     1>C:\Mylib\opencv3.1.0_cuda\2501build\install\include\opencv2/core/utility.hpp : warning C4819: The file contains a character that cannot be represented in the current code page (932). Save the file in Unicode format to prevent data loss
         ShiTomasi.cpp
     1>C:\Mylib\opencv3.1.0_cuda\2501build\install\include\opencv2/core/mat.hpp(1965): warning C4819: The file contains a character that cannot be represented in the current code page (932). Save the file in Unicode format to prevent data loss
     1>C:\Mylib\opencv3.1.0_cuda\2501build\install\include\opencv2/core/persistence.hpp : warning C4819: The file contains a character that cannot be represented in the current code page (932). Save the file in Unicode format to prevent data loss
     1>C:\Mylib\opencv3.1.0_cuda\2501build\install\include\opencv2/core/utility.hpp : warning C4819: The file contains a character that cannot be represented in the current code page (932). Save the file in Unicode format to prevent data loss
     1>C:\Mylib\opencv3.1.0_cuda\2501build\install\include\opencv2/core/utility.hpp : warning C4819: The file contains a character that cannot be represented in the current code page (932). Save the file in Unicode format to prevent data loss
         Generating Code...
         Compiling...
         SmallBlurryImage.cpp
     1>C:\Mylib\opencv3.1.0_cuda\2501build\install\include\opencv2/core/mat.hpp(1965): warning C4819: The file contains a character that cannot be represented in the current code page (932). Save the file in Unicode format to prevent data loss
     1>C:\Mylib\opencv3.1.0_cuda\2501build\install\include\opencv2/core/persistence.hpp : warning C4819: The file contains a character that cannot be represented in the current code page (932). Save the file in Unicode format to prevent data loss
     1>C:\Mylib\opencv3.1.0_cuda\2501build\install\include\opencv2/core/utility.hpp : warning C4819: The file contains a character that cannot be represented in the current code page (932). Save the file in Unicode format to prevent data loss
     1>C:\Mylib\opencv3.1.0_cuda\2501build\install\include\opencv2/core/utility.hpp : warning C4819: The file contains a character that cannot be represented in the current code page (932). Save the file in Unicode format to prevent data loss
     1>c:\workspace\dev\ptam64bits\temp\ptam-64bits\gcvd\SO3.h(51): warning C4396: 'RigidTransforms::operator >>': the inline specifier cannot be used when a friend declaration refers to a specialization of a function template
         c:\workspace\dev\ptam64bits\temp\ptam-64bits\GCVD/SE3.h(34): note: see reference to class template instantiation 'RigidTransforms::SO3<Precision>' being compiled
                 with
                 [
                     Precision=float
                 ]
         c:\workspace\dev\ptam64bits\temp\ptam-64bits\KeyFrame.h(78): note: see reference to class template instantiation 'RigidTransforms::SE3<float>' being compiled
     1>c:\workspace\dev\ptam64bits\temp\ptam-64bits\gcvd\SO3.h(52): warning C4396: 'RigidTransforms::operator >>': the inline specifier cannot be used when a friend declaration refers to a specialization of a function template
     1>c:\workspace\dev\ptam64bits\temp\ptam-64bits\gcvd\SO2.h(27): warning C4396: 'RigidTransforms::operator >>': the inline specifier cannot be used when a friend declaration refers to a specialization of a function template
         c:\workspace\dev\ptam64bits\temp\ptam-64bits\GCVD/SE2.h(33): note: see reference to class template instantiation 'RigidTransforms::SO2<Precision>' being compiled
                 with
                 [
                     Precision=double
                 ]
         C:\Program Files (x86)\Microsoft Visual Studio 14.0\VC\include\utility(242): note: see reference to class template instantiation 'RigidTransforms::SE2<double>' being compiled
         C:\workSpace\dev\PTAM64bits\temp\PTAM-64bits\SmallBlurryImage.cpp(91): note: see reference to class template instantiation 'std::pair<RigidTransforms::SE2<double>,double>' being compiled
     1>c:\workspace\dev\ptam64bits\temp\ptam-64bits\gcvd\SO2.h(28): warning C4396: 'RigidTransforms::operator >>': the inline specifier cannot be used when a friend declaration refers to a specialization of a function template
     1>C:\workSpace\dev\PTAM64bits\temp\PTAM-64bits\SmallBlurryImage.cpp(96): warning C4244: 'argument': conversion from 'int' to 'float', possible loss of data
     1>c:\workspace\dev\ptam64bits\temp\ptam-64bits\gcvd\SO3.h(345): warning C4305: 'initializing': truncation from 'double' to 'float'
         C:\workSpace\dev\PTAM64bits\temp\PTAM-64bits\SmallBlurryImage.cpp(263): note: see reference to function template instantiation 'RigidTransforms::SO3<Precision> RigidTransforms::SO3<Precision>::exp<double>(const cv::Vec<double,3> &)' being compiled
                 with
                 [
                     Precision=float
                 ]
         C:\workSpace\dev\PTAM64bits\temp\PTAM-64bits\SmallBlurryImage.cpp(263): note: see reference to function template instantiation 'RigidTransforms::SO3<Precision> RigidTransforms::SO3<Precision>::exp<double>(const cv::Vec<double,3> &)' being compiled
                 with
                 [
                     Precision=float
                 ]
     1>c:\workspace\dev\ptam64bits\temp\ptam-64bits\gcvd\SO3.h(346): warning C4305: 'initializing': truncation from 'double' to 'float'
     1>c:\workspace\dev\ptam64bits\temp\ptam-64bits\gcvd\SO3.h(351): warning C4244: 'initializing': conversion from 'double' to 'float', possible loss of data
     1>c:\workspace\dev\ptam64bits\temp\ptam-64bits\gcvd\SO3.h(351): warning C4244: 'initializing': conversion from 'double' to 'const float', possible loss of data
     1>c:\workspace\dev\ptam64bits\temp\ptam-64bits\gcvd\SO3.h(361): warning C4244: '=': conversion from 'double' to 'float', possible loss of data
     1>c:\workspace\dev\ptam64bits\temp\ptam-64bits\gcvd\SO3.h(365): warning C4244: '=': conversion from 'double' to 'float', possible loss of data
     1>c:\workspace\dev\ptam64bits\temp\ptam-64bits\gcvd\SO3.h(366): warning C4244: '=': conversion from 'double' to 'float', possible loss of data
     1>c:\workspace\dev\ptam64bits\temp\ptam-64bits\gcvd\SO3.h(302): warning C4244: 'initializing': conversion from 'double' to 'float', possible loss of data
         c:\workspace\dev\ptam64bits\temp\ptam-64bits\gcvd\SO3.h(374): note: see reference to function template instantiation 'void rodrigues_so3_exp<double,Precision,float>(const cv::Vec<double,3> &,const Ps,const Ps,cv::Matx<float,3,3> &)' being compiled
                 with
                 [
                     Precision=float,
                     Ps=float
                 ]
         C:\workSpace\dev\PTAM64bits\temp\PTAM-64bits\SmallBlurryImage.cpp(263): note: see reference to function template instantiation 'RigidTransforms::SO3<Precision> RigidTransforms::SO3<Precision>::exp<double>(const cv::Vec<double,3> &)' being compiled
                 with
                 [
                     Precision=float
                 ]
         C:\workSpace\dev\PTAM64bits\temp\PTAM-64bits\SmallBlurryImage.cpp(263): note: see reference to function template instantiation 'RigidTransforms::SO3<Precision> RigidTransforms::SO3<Precision>::exp<double>(const cv::Vec<double,3> &)' being compiled
                 with
                 [
                     Precision=float
                 ]
     1>c:\workspace\dev\ptam64bits\temp\ptam-64bits\gcvd\SO3.h(302): warning C4244: 'initializing': conversion from 'double' to 'const float', possible loss of data
     1>c:\workspace\dev\ptam64bits\temp\ptam-64bits\gcvd\SO3.h(303): warning C4244: 'initializing': conversion from 'double' to 'float', possible loss of data
     1>c:\workspace\dev\ptam64bits\temp\ptam-64bits\gcvd\SO3.h(303): warning C4244: 'initializing': conversion from 'double' to 'const float', possible loss of data
     1>c:\workspace\dev\ptam64bits\temp\ptam-64bits\gcvd\SO3.h(304): warning C4244: 'initializing': conversion from 'double' to 'float', possible loss of data
     1>c:\workspace\dev\ptam64bits\temp\ptam-64bits\gcvd\SO3.h(304): warning C4244: 'initializing': conversion from 'double' to 'const float', possible loss of data
     1>c:\workspace\dev\ptam64bits\temp\ptam-64bits\gcvd\SO3.h(306): warning C4244: '=': conversion from 'double' to 'float', possible loss of data
     1>c:\workspace\dev\ptam64bits\temp\ptam-64bits\gcvd\SO3.h(307): warning C4244: '=': conversion from 'double' to 'float', possible loss of data
     1>c:\workspace\dev\ptam64bits\temp\ptam-64bits\gcvd\SO3.h(308): warning C4244: '=': conversion from 'double' to 'float', possible loss of data
     1>c:\workspace\dev\ptam64bits\temp\ptam-64bits\gcvd\SO3.h(312): warning C4244: 'initializing': conversion from 'double' to 'float', possible loss of data
     1>c:\workspace\dev\ptam64bits\temp\ptam-64bits\gcvd\SO3.h(312): warning C4244: 'initializing': conversion from 'double' to 'const float', possible loss of data
     1>c:\workspace\dev\ptam64bits\temp\ptam-64bits\gcvd\SO3.h(313): warning C4244: 'initializing': conversion from 'double' to 'float', possible loss of data
     1>c:\workspace\dev\ptam64bits\temp\ptam-64bits\gcvd\SO3.h(313): warning C4244: 'initializing': conversion from 'double' to 'const float', possible loss of data
     1>c:\workspace\dev\ptam64bits\temp\ptam-64bits\gcvd\SO3.h(319): warning C4244: 'initializing': conversion from 'double' to 'float', possible loss of data
     1>c:\workspace\dev\ptam64bits\temp\ptam-64bits\gcvd\SO3.h(319): warning C4244: 'initializing': conversion from 'double' to 'const float', possible loss of data
     1>c:\workspace\dev\ptam64bits\temp\ptam-64bits\gcvd\SO3.h(320): warning C4244: 'initializing': conversion from 'double' to 'float', possible loss of data
     1>c:\workspace\dev\ptam64bits\temp\ptam-64bits\gcvd\SO3.h(320): warning C4244: 'initializing': conversion from 'double' to 'const float', possible loss of data
     1>c:\workspace\dev\ptam64bits\temp\ptam-64bits\gcvd\SO3.h(326): warning C4244: 'initializing': conversion from 'double' to 'float', possible loss of data
     1>c:\workspace\dev\ptam64bits\temp\ptam-64bits\gcvd\SO3.h(326): warning C4244: 'initializing': conversion from 'double' to 'const float', possible loss of data
     1>c:\workspace\dev\ptam64bits\temp\ptam-64bits\gcvd\SO3.h(327): warning C4244: 'initializing': conversion from 'double' to 'float', possible loss of data
     1>c:\workspace\dev\ptam64bits\temp\ptam-64bits\gcvd\SO3.h(327): warning C4244: 'initializing': conversion from 'double' to 'const float', possible loss of data
         EyeGame.cpp
     1>C:\Mylib\opencv3.1.0_cuda\2501build\install\include\opencv2/core/mat.hpp(1965): warning C4819: The file contains a character that cannot be represented in the current code page (932). Save the file in Unicode format to prevent data loss
     1>C:\Mylib\opencv3.1.0_cuda\2501build\install\include\opencv2/core/persistence.hpp : warning C4819: The file contains a character that cannot be represented in the current code page (932). Save the file in Unicode format to prevent data loss
     1>C:\Mylib\opencv3.1.0_cuda\2501build\install\include\opencv2/core/utility.hpp : warning C4819: The file contains a character that cannot be represented in the current code page (932). Save the file in Unicode format to prevent data loss
     1>C:\Mylib\opencv3.1.0_cuda\2501build\install\include\opencv2/core/utility.hpp : warning C4819: The file contains a character that cannot be represented in the current code page (932). Save the file in Unicode format to prevent data loss
     1>c:\workspace\dev\ptam64bits\temp\ptam-64bits\gcvd\SO3.h(51): warning C4396: 'RigidTransforms::operator >>': the inline specifier cannot be used when a friend declaration refers to a specialization of a function template
         c:\workspace\dev\ptam64bits\temp\ptam-64bits\GCVD/SE3.h(34): note: see reference to class template instantiation 'RigidTransforms::SO3<Precision>' being compiled
                 with
                 [
                     Precision=float
                 ]
         c:\workspace\dev\ptam64bits\temp\ptam-64bits\EyeGame.h(32): note: see reference to class template instantiation 'RigidTransforms::SE3<float>' being compiled
     1>c:\workspace\dev\ptam64bits\temp\ptam-64bits\gcvd\SO3.h(52): warning C4396: 'RigidTransforms::operator >>': the inline specifier cannot be used when a friend declaration refers to a specialization of a function template
     1>c:\workspace\dev\ptam64bits\temp\ptam-64bits\GCVD/GLHelpers.h(466): warning C4267: 'argument': conversion from 'size_t' to 'GLint', possible loss of data
     1>c:\workspace\dev\ptam64bits\temp\ptam-64bits\GCVD/GLHelpers.h(486): warning C4267: 'argument': conversion from 'size_t' to 'GLint', possible loss of data
     1>c:\workspace\dev\ptam64bits\temp\ptam-64bits\GCVD/GLHelpers.h(539): warning C4267: 'argument': conversion from 'size_t' to 'GLint', possible loss of data
     1>c:\workspace\dev\ptam64bits\temp\ptam-64bits\GCVD/GLHelpers.h(551): warning C4267: 'argument': conversion from 'size_t' to 'GLint', possible loss of data
     1>c:\workspace\dev\ptam64bits\temp\ptam-64bits\GCVD/GLHelpers.h(567): warning C4267: 'argument': conversion from 'size_t' to 'GLint', possible loss of data
     1>C:\workSpace\dev\PTAM64bits\temp\PTAM-64bits\EyeGame.cpp(82): warning C4244: '=': conversion from 'double' to 'float', possible loss of data
     1>C:\workSpace\dev\PTAM64bits\temp\PTAM-64bits\EyeGame.cpp(83): warning C4244: '=': conversion from 'double' to 'float', possible loss of data
     1>C:\workSpace\dev\PTAM64bits\temp\PTAM-64bits\EyeGame.cpp(84): warning C4244: '=': conversion from 'double' to 'float', possible loss of data
     1>C:\workSpace\dev\PTAM64bits\temp\PTAM-64bits\EyeGame.cpp(85): warning C4244: '=': conversion from 'double' to 'float', possible loss of data
     1>C:\workSpace\dev\PTAM64bits\temp\PTAM-64bits\EyeGame.cpp(87): warning C4244: '=': conversion from 'double' to 'float', possible loss of data
     1>C:\workSpace\dev\PTAM64bits\temp\PTAM-64bits\EyeGame.cpp(88): warning C4244: '=': conversion from 'double' to 'float', possible loss of data
     1>C:\workSpace\dev\PTAM64bits\temp\PTAM-64bits\EyeGame.cpp(89): warning C4244: '=': conversion from 'double' to 'float', possible loss of data
     1>C:\workSpace\dev\PTAM64bits\temp\PTAM-64bits\EyeGame.cpp(90): warning C4244: '=': conversion from 'double' to 'float', possible loss of data
     1>C:\workSpace\dev\PTAM64bits\temp\PTAM-64bits\EyeGame.cpp(92): warning C4244: '=': conversion from 'double' to 'float', possible loss of data
     1>C:\workSpace\dev\PTAM64bits\temp\PTAM-64bits\EyeGame.cpp(93): warning C4244: '=': conversion from 'double' to 'float', possible loss of data
     1>C:\workSpace\dev\PTAM64bits\temp\PTAM-64bits\EyeGame.cpp(94): warning C4244: '=': conversion from 'double' to 'float', possible loss of data
     1>C:\workSpace\dev\PTAM64bits\temp\PTAM-64bits\EyeGame.cpp(95): warning C4244: '=': conversion from 'double' to 'float', possible loss of data
     1>C:\workSpace\dev\PTAM64bits\temp\PTAM-64bits\EyeGame.cpp(116): warning C4244: 'argument': conversion from 'double' to 'GLfloat', possible loss of data
     1>C:\workSpace\dev\PTAM64bits\temp\PTAM-64bits\EyeGame.cpp(117): warning C4244: 'argument': conversion from 'double' to 'GLfloat', possible loss of data
     1>C:\workSpace\dev\PTAM64bits\temp\PTAM-64bits\EyeGame.cpp(119): warning C4244: 'argument': conversion from 'double' to 'GLfloat', possible loss of data
     1>C:\workSpace\dev\PTAM64bits\temp\PTAM-64bits\EyeGame.cpp(120): warning C4244: 'argument': conversion from 'double' to 'GLfloat', possible loss of data
     1>C:\workSpace\dev\PTAM64bits\temp\PTAM-64bits\EyeGame.cpp(140): warning C4244: 'argument': conversion from 'double' to 'GLfloat', possible loss of data
     1>C:\workSpace\dev\PTAM64bits\temp\PTAM-64bits\EyeGame.cpp(141): warning C4244: 'argument': conversion from 'double' to 'GLfloat', possible loss of data
     1>C:\workSpace\dev\PTAM64bits\temp\PTAM-64bits\EyeGame.cpp(142): warning C4244: 'argument': conversion from 'double' to 'GLfloat', possible loss of data
     1>C:\workSpace\dev\PTAM64bits\temp\PTAM-64bits\EyeGame.cpp(143): warning C4244: 'argument': conversion from 'double' to 'GLfloat', possible loss of data
     1>C:\workSpace\dev\PTAM64bits\temp\PTAM-64bits\EyeGame.cpp(145): warning C4244: 'argument': conversion from 'double' to 'GLfloat', possible loss of data
     1>C:\workSpace\dev\PTAM64bits\temp\PTAM-64bits\EyeGame.cpp(146): warning C4244: 'argument': conversion from 'double' to 'GLfloat', possible loss of data
     1>C:\workSpace\dev\PTAM64bits\temp\PTAM-64bits\EyeGame.cpp(147): warning C4244: 'argument': conversion from 'double' to 'GLfloat', possible loss of data
     1>C:\workSpace\dev\PTAM64bits\temp\PTAM-64bits\EyeGame.cpp(148): warning C4244: 'argument': conversion from 'double' to 'GLfloat', possible loss of data
     1>C:\workSpace\dev\PTAM64bits\temp\PTAM-64bits\EyeGame.cpp(161): warning C4244: 'argument': conversion from 'double' to 'GLfloat', possible loss of data
     1>C:\workSpace\dev\PTAM64bits\temp\PTAM-64bits\EyeGame.cpp(162): warning C4244: 'argument': conversion from 'double' to 'GLfloat', possible loss of data
     1>C:\workSpace\dev\PTAM64bits\temp\PTAM-64bits\EyeGame.cpp(164): warning C4244: 'argument': conversion from 'double' to 'GLfloat', possible loss of data
     1>C:\workSpace\dev\PTAM64bits\temp\PTAM-64bits\EyeGame.cpp(165): warning C4244: 'argument': conversion from 'double' to 'GLfloat', possible loss of data
     1>C:\workSpace\dev\PTAM64bits\temp\PTAM-64bits\EyeGame.cpp(186): warning C4244: 'initializing': conversion from 'double' to 'float', possible loss of data
     1>C:\workSpace\dev\PTAM64bits\temp\PTAM-64bits\EyeGame.cpp(231): warning C4018: '<': signed/unsigned mismatch
     1>c:\workspace\dev\ptam64bits\temp\ptam-64bits\gcvd\SO3.h(387): warning C4244: 'initializing': conversion from 'double' to 'float', possible loss of data
         c:\workspace\dev\ptam64bits\temp\ptam-64bits\gcvd\SO3.h(383): note: while compiling class template member function 'cv::Vec<float,3> RigidTransforms::SO3<Precision>::ln(void) const'
                 with
                 [
                     Precision=float
                 ]
         C:\workSpace\dev\PTAM64bits\temp\PTAM-64bits\EyeGame.cpp(206): note: see reference to function template instantiation 'cv::Vec<float,3> RigidTransforms::SO3<Precision>::ln(void) const' being compiled
                 with
                 [
                     Precision=float
                 ]
         c:\workspace\dev\ptam64bits\temp\ptam-64bits\GCVD/SE3.h(34): note: see reference to class template instantiation 'RigidTransforms::SO3<Precision>' being compiled
                 with
                 [
                     Precision=float
                 ]
         c:\workspace\dev\ptam64bits\temp\ptam-64bits\EyeGame.h(32): note: see reference to class template instantiation 'RigidTransforms::SE3<float>' being compiled
     1>c:\workspace\dev\ptam64bits\temp\ptam-64bits\gcvd\SO3.h(387): warning C4244: 'initializing': conversion from 'double' to 'const float', possible loss of data
     1>c:\workspace\dev\ptam64bits\temp\ptam-64bits\gcvd\SO3.h(392): warning C4244: 'initializing': conversion from 'double' to 'float', possible loss of data
     1>c:\workspace\dev\ptam64bits\temp\ptam-64bits\gcvd\SO3.h(393): error C2065: 'M_SQRT1_2': undeclared identifier
     1>c:\workspace\dev\ptam64bits\temp\ptam-64bits\gcvd\SO3.h(399): error C2065: 'M_SQRT1_2': undeclared identifier
     1>c:\workspace\dev\ptam64bits\temp\ptam-64bits\gcvd\SO3.h(406): error C2065: 'M_PI': undeclared identifier
     1>c:\workspace\dev\ptam64bits\temp\ptam-64bits\gcvd\SO3.h(406): error C2789: 'angle': an object of const-qualified type must be initialized
         c:\workspace\dev\ptam64bits\temp\ptam-64bits\gcvd\SO3.h(406): note: see declaration of 'angle'
     1>c:\workspace\dev\ptam64bits\temp\ptam-64bits\gcvd\SO3.h(345): warning C4305: 'initializing': truncation from 'double' to 'float'
         C:\workSpace\dev\PTAM64bits\temp\PTAM-64bits\EyeGame.cpp(213): note: see reference to function template instantiation 'RigidTransforms::SO3<Precision> RigidTransforms::SO3<Precision>::exp<double>(const cv::Vec<double,3> &)' being compiled
                 with
                 [
                     Precision=float
                 ]
         C:\workSpace\dev\PTAM64bits\temp\PTAM-64bits\EyeGame.cpp(213): note: see reference to function template instantiation 'RigidTransforms::SO3<Precision> RigidTransforms::SO3<Precision>::exp<double>(const cv::Vec<double,3> &)' being compiled
                 with
                 [
                     Precision=float
                 ]
     1>c:\workspace\dev\ptam64bits\temp\ptam-64bits\gcvd\SO3.h(346): warning C4305: 'initializing': truncation from 'double' to 'float'
     1>c:\workspace\dev\ptam64bits\temp\ptam-64bits\gcvd\SO3.h(351): warning C4244: 'initializing': conversion from 'double' to 'float', possible loss of data
     1>c:\workspace\dev\ptam64bits\temp\ptam-64bits\gcvd\SO3.h(351): warning C4244: 'initializing': conversion from 'double' to 'const float', possible loss of data
     1>c:\workspace\dev\ptam64bits\temp\ptam-64bits\gcvd\SO3.h(361): warning C4244: '=': conversion from 'double' to 'float', possible loss of data
     1>c:\workspace\dev\ptam64bits\temp\ptam-64bits\gcvd\SO3.h(365): warning C4244: '=': conversion from 'double' to 'float', possible loss of data
     1>c:\workspace\dev\ptam64bits\temp\ptam-64bits\gcvd\SO3.h(366): warning C4244: '=': conversion from 'double' to 'float', possible loss of data
         Generating Code...
         The command exited with code 2.
       Done executing task "CL" -- FAILED.
     1>Done building target "ClCompile" in project "PTAM.vcxproj" -- FAILED.
     1>Done Building Project "C:\workSpace\dev\PTAM64bits\temp\PTAM-64bits\build\PTAM.vcxproj" (Rebuild target(s)) -- FAILED.

Build FAILED.

Time Elapsed 00:00:23.68
